{"/Users/dennis/hackReactor/fec/FECApp/client/src/components/AppContext.jsx": {"path":"/Users/dennis/hackReactor/fec/FECApp/client/src/components/AppContext.jsx","statementMap":{"0":{"start":{"line":15,"column":19},"end":{"line":15,"column":34}},"1":{"start":{"line":19,"column":2},"end":{"line":19,"column":32}},"2":{"start":{"line":23,"column":21},"end":{"line":26,"column":1}},"3":{"start":{"line":31,"column":28},"end":{"line":31,"column":64}},"4":{"start":{"line":33,"column":18},"end":{"line":35,"column":3}},"5":{"start":{"line":38,"column":2},"end":{"line":48,"column":9}},"6":{"start":{"line":39,"column":4},"end":{"line":47,"column":9}},"7":{"start":{"line":42,"column":23},"end":{"line":42,"column":31}},"8":{"start":{"line":43,"column":8},"end":{"line":43,"column":58}},"9":{"start":{"line":46,"column":8},"end":{"line":46,"column":60}},"10":{"start":{"line":51,"column":23},"end":{"line":54,"column":3}},"11":{"start":{"line":52,"column":19},"end":{"line":52,"column":75}},"12":{"start":{"line":57,"column":16},"end":{"line":63,"column":3}},"13":{"start":{"line":58,"column":11},"end":{"line":61,"column":5}},"14":{"start":{"line":65,"column":2},"end":{"line":67,"column":3}},"15":{"start":{"line":66,"column":4},"end":{"line":66,"column":83}},"16":{"start":{"line":70,"column":2},"end":{"line":70,"column":77}}},"fnMap":{"0":{"name":"useAppContext","decl":{"start":{"line":18,"column":16},"end":{"line":18,"column":29}},"loc":{"start":{"line":18,"column":32},"end":{"line":20,"column":1}},"line":18},"1":{"name":"AppContextProvider","decl":{"start":{"line":29,"column":16},"end":{"line":29,"column":34}},"loc":{"start":{"line":29,"column":60},"end":{"line":71,"column":1}},"line":29},"2":{"name":"(anonymous_2)","decl":{"start":{"line":38,"column":12},"end":{"line":38,"column":13}},"loc":{"start":{"line":38,"column":18},"end":{"line":48,"column":3}},"line":38},"3":{"name":"(anonymous_3)","decl":{"start":{"line":41,"column":12},"end":{"line":41,"column":13}},"loc":{"start":{"line":41,"column":21},"end":{"line":44,"column":7}},"line":41},"4":{"name":"(anonymous_4)","decl":{"start":{"line":45,"column":13},"end":{"line":45,"column":14}},"loc":{"start":{"line":45,"column":22},"end":{"line":47,"column":7}},"line":45},"5":{"name":"(anonymous_5)","decl":{"start":{"line":52,"column":4},"end":{"line":52,"column":5}},"loc":{"start":{"line":52,"column":19},"end":{"line":52,"column":75}},"line":52},"6":{"name":"(anonymous_6)","decl":{"start":{"line":58,"column":4},"end":{"line":58,"column":5}},"loc":{"start":{"line":58,"column":11},"end":{"line":61,"column":5}},"line":58}},"branchMap":{"0":{"loc":{"start":{"line":65,"column":2},"end":{"line":67,"column":3}},"type":"if","locations":[{"start":{"line":65,"column":2},"end":{"line":67,"column":3}},{"start":{},"end":{}}],"line":65}},"s":{"0":5,"1":26,"2":5,"3":7,"4":7,"5":7,"6":7,"7":0,"8":0,"9":0,"10":7,"11":0,"12":7,"13":7,"14":7,"15":2,"16":5},"f":{"0":26,"1":7,"2":7,"3":0,"4":0,"5":0,"6":7},"b":{"0":[2,5]},"_coverageSchema":"1a1c01bbd47fc00a2c39e90264f33305004495a9","hash":"17083bbc8c7f99ef6c55c274c49a91d13f51758b"}
,"/Users/dennis/hackReactor/fec/FECApp/client/src/components/AppReducer.jsx": {"path":"/Users/dennis/hackReactor/fec/FECApp/client/src/components/AppReducer.jsx","statementMap":{"0":{"start":{"line":4,"column":2},"end":{"line":18,"column":3}},"1":{"start":{"line":8,"column":6},"end":{"line":8,"column":53}},"2":{"start":{"line":13,"column":6},"end":{"line":13,"column":60}},"3":{"start":{"line":17,"column":6},"end":{"line":17,"column":19}}},"fnMap":{"0":{"name":"appReducer","decl":{"start":{"line":2,"column":24},"end":{"line":2,"column":34}},"loc":{"start":{"line":2,"column":50},"end":{"line":19,"column":1}},"line":2}},"branchMap":{"0":{"loc":{"start":{"line":4,"column":2},"end":{"line":18,"column":3}},"type":"switch","locations":[{"start":{"line":6,"column":4},"end":{"line":8,"column":53}},{"start":{"line":11,"column":4},"end":{"line":13,"column":60}},{"start":{"line":16,"column":4},"end":{"line":17,"column":19}}],"line":4}},"s":{"0":0,"1":0,"2":0,"3":0},"f":{"0":0},"b":{"0":[0,0,0]},"_coverageSchema":"1a1c01bbd47fc00a2c39e90264f33305004495a9","hash":"f8ac03c994af9bc1eaeab2faa2670539b1204cc7"}
,"/Users/dennis/hackReactor/fec/FECApp/client/src/components/Modals/ModalTest.jsx": {"path":"/Users/dennis/hackReactor/fec/FECApp/client/src/components/Modals/ModalTest.jsx","statementMap":{"0":{"start":{"line":4,"column":21},"end":{"line":15,"column":1}},"1":{"start":{"line":17,"column":14},"end":{"line":24,"column":1}},"2":{"start":{"line":26,"column":25},"end":{"line":34,"column":1}},"3":{"start":{"line":37,"column":2},"end":{"line":39,"column":3}},"4":{"start":{"line":38,"column":4},"end":{"line":38,"column":16}},"5":{"start":{"line":41,"column":2},"end":{"line":50,"column":4}}},"fnMap":{"0":{"name":"ModalTest","decl":{"start":{"line":36,"column":24},"end":{"line":36,"column":33}},"loc":{"start":{"line":36,"column":65},"end":{"line":51,"column":1}},"line":36}},"branchMap":{"0":{"loc":{"start":{"line":37,"column":2},"end":{"line":39,"column":3}},"type":"if","locations":[{"start":{"line":37,"column":2},"end":{"line":39,"column":3}},{"start":{},"end":{}}],"line":37}},"s":{"0":1,"1":1,"2":1,"3":5,"4":5,"5":0},"f":{"0":5},"b":{"0":[5,0]},"_coverageSchema":"1a1c01bbd47fc00a2c39e90264f33305004495a9","hash":"f51cba297e44a3a2c4da258900d6aaf8c1c830f7"}
,"/Users/dennis/hackReactor/fec/FECApp/client/src/components/Overview/Overview.jsx": {"path":"/Users/dennis/hackReactor/fec/FECApp/client/src/components/Overview/Overview.jsx","statementMap":{"0":{"start":{"line":13,"column":19},"end":{"line":15,"column":1}},"1":{"start":{"line":17,"column":19},"end":{"line":20,"column":1}},"2":{"start":{"line":24,"column":20},"end":{"line":24,"column":35}},"3":{"start":{"line":25,"column":24},"end":{"line":25,"column":29}},"4":{"start":{"line":26,"column":26},"end":{"line":26,"column":38}},"5":{"start":{"line":27,"column":30},"end":{"line":27,"column":47}},"6":{"start":{"line":30,"column":2},"end":{"line":42,"column":18}},"7":{"start":{"line":31,"column":4},"end":{"line":41,"column":5}},"8":{"start":{"line":32,"column":6},"end":{"line":40,"column":11}},"9":{"start":{"line":34,"column":10},"end":{"line":34,"column":30}},"10":{"start":{"line":35,"column":10},"end":{"line":35,"column":29}},"11":{"start":{"line":36,"column":10},"end":{"line":36,"column":31}},"12":{"start":{"line":39,"column":10},"end":{"line":39,"column":49}},"13":{"start":{"line":44,"column":2},"end":{"line":66,"column":3}},"14":{"start":{"line":45,"column":4},"end":{"line":65,"column":6}},"15":{"start":{"line":57,"column":37},"end":{"line":57,"column":80}},"16":{"start":{"line":68,"column":2},"end":{"line":70,"column":4}}},"fnMap":{"0":{"name":"Overview","decl":{"start":{"line":22,"column":24},"end":{"line":22,"column":32}},"loc":{"start":{"line":22,"column":35},"end":{"line":71,"column":1}},"line":22},"1":{"name":"(anonymous_1)","decl":{"start":{"line":30,"column":12},"end":{"line":30,"column":13}},"loc":{"start":{"line":30,"column":18},"end":{"line":42,"column":3}},"line":30},"2":{"name":"(anonymous_2)","decl":{"start":{"line":33,"column":14},"end":{"line":33,"column":15}},"loc":{"start":{"line":33,"column":26},"end":{"line":37,"column":9}},"line":33},"3":{"name":"(anonymous_3)","decl":{"start":{"line":38,"column":15},"end":{"line":38,"column":16}},"loc":{"start":{"line":38,"column":24},"end":{"line":40,"column":9}},"line":38},"4":{"name":"(anonymous_4)","decl":{"start":{"line":57,"column":28},"end":{"line":57,"column":29}},"loc":{"start":{"line":57,"column":37},"end":{"line":57,"column":80}},"line":57}},"branchMap":{"0":{"loc":{"start":{"line":31,"column":4},"end":{"line":41,"column":5}},"type":"if","locations":[{"start":{"line":31,"column":4},"end":{"line":41,"column":5}},{"start":{},"end":{}}],"line":31},"1":{"loc":{"start":{"line":44,"column":2},"end":{"line":66,"column":3}},"type":"if","locations":[{"start":{"line":44,"column":2},"end":{"line":66,"column":3}},{"start":{},"end":{}}],"line":44},"2":{"loc":{"start":{"line":49,"column":31},"end":{"line":49,"column":57}},"type":"binary-expr","locations":[{"start":{"line":49,"column":31},"end":{"line":49,"column":51}},{"start":{"line":49,"column":55},"end":{"line":49,"column":57}}],"line":49},"3":{"loc":{"start":{"line":51,"column":44},"end":{"line":51,"column":70}},"type":"binary-expr","locations":[{"start":{"line":51,"column":44},"end":{"line":51,"column":64}},{"start":{"line":51,"column":68},"end":{"line":51,"column":70}}],"line":51},"4":{"loc":{"start":{"line":54,"column":31},"end":{"line":59,"column":20}},"type":"cond-expr","locations":[{"start":{"line":55,"column":18},"end":{"line":58,"column":17}},{"start":{"line":59,"column":18},"end":{"line":59,"column":20}}],"line":54}},"s":{"0":1,"1":1,"2":2,"3":2,"4":2,"5":2,"6":2,"7":2,"8":1,"9":0,"10":0,"11":0,"12":0,"13":2,"14":1,"15":0,"16":1},"f":{"0":2,"1":2,"2":0,"3":0,"4":0},"b":{"0":[1,1],"1":[1,1],"2":[1,1],"3":[1,1],"4":[0,1]},"_coverageSchema":"1a1c01bbd47fc00a2c39e90264f33305004495a9","hash":"4769d9b1cd0d3130b65dff089302f16d08bedda0"}
,"/Users/dennis/hackReactor/fec/FECApp/client/src/components/Overview/Parse.js": {"path":"/Users/dennis/hackReactor/fec/FECApp/client/src/components/Overview/Parse.js","statementMap":{"0":{"start":{"line":5,"column":15},"end":{"line":5,"column":78}},"1":{"start":{"line":6,"column":19},"end":{"line":6,"column":78}},"2":{"start":{"line":7,"column":22},"end":{"line":7,"column":31}},"3":{"start":{"line":9,"column":15},"end":{"line":13,"column":1}},"4":{"start":{"line":15,"column":14},"end":{"line":88,"column":1}},"5":{"start":{"line":18,"column":24},"end":{"line":18,"column":47}},"6":{"start":{"line":19,"column":4},"end":{"line":25,"column":5}},"7":{"start":{"line":20,"column":19},"end":{"line":20,"column":66}},"8":{"start":{"line":21,"column":6},"end":{"line":21,"column":23}},"9":{"start":{"line":23,"column":6},"end":{"line":23,"column":54}},"10":{"start":{"line":24,"column":6},"end":{"line":24,"column":16}},"11":{"start":{"line":28,"column":21},"end":{"line":28,"column":60}},"12":{"start":{"line":29,"column":4},"end":{"line":35,"column":5}},"13":{"start":{"line":30,"column":21},"end":{"line":30,"column":65}},"14":{"start":{"line":31,"column":6},"end":{"line":31,"column":38}},"15":{"start":{"line":33,"column":6},"end":{"line":33,"column":54}},"16":{"start":{"line":34,"column":6},"end":{"line":34,"column":21}},"17":{"start":{"line":39,"column":24},"end":{"line":39,"column":43}},"18":{"start":{"line":40,"column":25},"end":{"line":40,"column":27}},"19":{"start":{"line":41,"column":17},"end":{"line":44,"column":5}},"20":{"start":{"line":46,"column":4},"end":{"line":48,"column":5}},"21":{"start":{"line":46,"column":17},"end":{"line":46,"column":18}},"22":{"start":{"line":47,"column":6},"end":{"line":47,"column":74}},"23":{"start":{"line":49,"column":4},"end":{"line":56,"column":5}},"24":{"start":{"line":50,"column":24},"end":{"line":50,"column":55}},"25":{"start":{"line":51,"column":6},"end":{"line":51,"column":42}},"26":{"start":{"line":52,"column":6},"end":{"line":52,"column":23}},"27":{"start":{"line":54,"column":6},"end":{"line":54,"column":48}},"28":{"start":{"line":55,"column":6},"end":{"line":55,"column":16}},"29":{"start":{"line":69,"column":24},"end":{"line":69,"column":43}},"30":{"start":{"line":70,"column":4},"end":{"line":76,"column":5}},"31":{"start":{"line":71,"column":19},"end":{"line":71,"column":66}},"32":{"start":{"line":72,"column":6},"end":{"line":72,"column":23}},"33":{"start":{"line":74,"column":6},"end":{"line":74,"column":46}},"34":{"start":{"line":75,"column":6},"end":{"line":75,"column":16}}},"fnMap":{"0":{"name":"(anonymous_0)","decl":{"start":{"line":17,"column":11},"end":{"line":17,"column":12}},"loc":{"start":{"line":17,"column":29},"end":{"line":26,"column":3}},"line":17},"1":{"name":"(anonymous_1)","decl":{"start":{"line":27,"column":13},"end":{"line":27,"column":14}},"loc":{"start":{"line":27,"column":31},"end":{"line":36,"column":3}},"line":27},"2":{"name":"(anonymous_2)","decl":{"start":{"line":38,"column":12},"end":{"line":38,"column":13}},"loc":{"start":{"line":38,"column":44},"end":{"line":66,"column":3}},"line":38},"3":{"name":"(anonymous_3)","decl":{"start":{"line":68,"column":11},"end":{"line":68,"column":12}},"loc":{"start":{"line":68,"column":23},"end":{"line":87,"column":3}},"line":68}},"branchMap":{},"s":{"0":3,"1":3,"2":3,"3":3,"4":3,"5":3,"6":3,"7":3,"8":2,"9":0,"10":0,"11":2,"12":2,"13":2,"14":1,"15":0,"16":0,"17":1,"18":1,"19":1,"20":1,"21":1,"22":1,"23":1,"24":1,"25":1,"26":1,"27":0,"28":0,"29":1,"30":1,"31":1,"32":1,"33":0,"34":0},"f":{"0":3,"1":2,"2":1,"3":1},"b":{},"_coverageSchema":"1a1c01bbd47fc00a2c39e90264f33305004495a9","hash":"e3ff242fba381deb6ffe5d6b3fbaf82f278c1b3d"}
,"/Users/dennis/hackReactor/fec/FECApp/client/src/components/Overview/exampleData.js": {"path":"/Users/dennis/hackReactor/fec/FECApp/client/src/components/Overview/exampleData.js","statementMap":{"0":{"start":{"line":1,"column":15},"end":{"line":442,"column":1}},"1":{"start":{"line":444,"column":13},"end":{"line":464,"column":1}},"2":{"start":{"line":466,"column":17},"end":{"line":522,"column":1}},"3":{"start":{"line":524,"column":14},"end":{"line":528,"column":1}}},"fnMap":{},"branchMap":{},"s":{"0":6,"1":6,"2":6,"3":6},"f":{},"b":{},"_coverageSchema":"1a1c01bbd47fc00a2c39e90264f33305004495a9","hash":"ebaed807d0a7ee13c3eb96e6ed3cbf605d3bb76b"}
,"/Users/dennis/hackReactor/fec/FECApp/client/src/components/Overview/index.js": {"path":"/Users/dennis/hackReactor/fec/FECApp/client/src/components/Overview/index.js","statementMap":{},"fnMap":{},"branchMap":{},"s":{},"f":{},"b":{},"_coverageSchema":"1a1c01bbd47fc00a2c39e90264f33305004495a9","hash":"5d7d824817a047ff4c6344dfaf08a886c0319f94"}
,"/Users/dennis/hackReactor/fec/FECApp/client/src/components/Overview/AddToCart/AddCheckButton.jsx": {"path":"/Users/dennis/hackReactor/fec/FECApp/client/src/components/Overview/AddToCart/AddCheckButton.jsx","statementMap":{"0":{"start":{"line":4,"column":2},"end":{"line":13,"column":4}}},"fnMap":{"0":{"name":"AddCheckButton","decl":{"start":{"line":3,"column":24},"end":{"line":3,"column":38}},"loc":{"start":{"line":3,"column":57},"end":{"line":14,"column":1}},"line":3}},"branchMap":{},"s":{"0":8},"f":{"0":8},"b":{},"_coverageSchema":"1a1c01bbd47fc00a2c39e90264f33305004495a9","hash":"68e68917f03fa8ab4e723bc78c3f058f5f722696"}
,"/Users/dennis/hackReactor/fec/FECApp/client/src/components/Overview/AddToCart/AddToCart.jsx": {"path":"/Users/dennis/hackReactor/fec/FECApp/client/src/components/Overview/AddToCart/AddToCart.jsx","statementMap":{"0":{"start":{"line":10,"column":19},"end":{"line":12,"column":1}},"1":{"start":{"line":14,"column":19},"end":{"line":17,"column":1}},"2":{"start":{"line":20,"column":16},"end":{"line":20,"column":68}},"3":{"start":{"line":21,"column":22},"end":{"line":21,"column":74}},"4":{"start":{"line":23,"column":34},"end":{"line":23,"column":46}},"5":{"start":{"line":24,"column":44},"end":{"line":24,"column":55}},"6":{"start":{"line":25,"column":40},"end":{"line":25,"column":55}},"7":{"start":{"line":28,"column":22},"end":{"line":28,"column":37}},"8":{"start":{"line":31,"column":2},"end":{"line":36,"column":14}},"9":{"start":{"line":32,"column":4},"end":{"line":35,"column":5}},"10":{"start":{"line":33,"column":6},"end":{"line":33,"column":22}},"11":{"start":{"line":34,"column":6},"end":{"line":34,"column":28}},"12":{"start":{"line":39,"column":21},"end":{"line":43,"column":3}},"13":{"start":{"line":40,"column":4},"end":{"line":40,"column":36}},"14":{"start":{"line":41,"column":4},"end":{"line":41,"column":26}},"15":{"start":{"line":42,"column":4},"end":{"line":42,"column":27}},"16":{"start":{"line":45,"column":26},"end":{"line":48,"column":3}},"17":{"start":{"line":46,"column":4},"end":{"line":46,"column":41}},"18":{"start":{"line":47,"column":4},"end":{"line":47,"column":27}},"19":{"start":{"line":50,"column":25},"end":{"line":53,"column":3}},"20":{"start":{"line":51,"column":4},"end":{"line":51,"column":52}},"21":{"start":{"line":52,"column":4},"end":{"line":52,"column":52}},"22":{"start":{"line":55,"column":23},"end":{"line":64,"column":3}},"23":{"start":{"line":56,"column":4},"end":{"line":62,"column":5}},"24":{"start":{"line":57,"column":6},"end":{"line":57,"column":139}},"25":{"start":{"line":58,"column":6},"end":{"line":58,"column":97}},"26":{"start":{"line":60,"column":6},"end":{"line":60,"column":62}},"27":{"start":{"line":61,"column":6},"end":{"line":61,"column":27}},"28":{"start":{"line":63,"column":4},"end":{"line":63,"column":27}},"29":{"start":{"line":66,"column":2},"end":{"line":85,"column":3}},"30":{"start":{"line":67,"column":4},"end":{"line":84,"column":6}},"31":{"start":{"line":87,"column":2},"end":{"line":107,"column":4}}},"fnMap":{"0":{"name":"AddToCart","decl":{"start":{"line":19,"column":24},"end":{"line":19,"column":33}},"loc":{"start":{"line":19,"column":55},"end":{"line":108,"column":1}},"line":19},"1":{"name":"(anonymous_1)","decl":{"start":{"line":31,"column":12},"end":{"line":31,"column":13}},"loc":{"start":{"line":31,"column":18},"end":{"line":36,"column":3}},"line":31},"2":{"name":"(anonymous_2)","decl":{"start":{"line":39,"column":21},"end":{"line":39,"column":22}},"loc":{"start":{"line":39,"column":32},"end":{"line":43,"column":3}},"line":39},"3":{"name":"(anonymous_3)","decl":{"start":{"line":45,"column":26},"end":{"line":45,"column":27}},"loc":{"start":{"line":45,"column":37},"end":{"line":48,"column":3}},"line":45},"4":{"name":"(anonymous_4)","decl":{"start":{"line":50,"column":25},"end":{"line":50,"column":26}},"loc":{"start":{"line":50,"column":46},"end":{"line":53,"column":3}},"line":50},"5":{"name":"(anonymous_5)","decl":{"start":{"line":55,"column":23},"end":{"line":55,"column":24}},"loc":{"start":{"line":55,"column":40},"end":{"line":64,"column":3}},"line":55}},"branchMap":{"0":{"loc":{"start":{"line":20,"column":16},"end":{"line":20,"column":68}},"type":"cond-expr","locations":[{"start":{"line":20,"column":45},"end":{"line":20,"column":63}},{"start":{"line":20,"column":66},"end":{"line":20,"column":68}}],"line":20},"1":{"loc":{"start":{"line":21,"column":22},"end":{"line":21,"column":74}},"type":"cond-expr","locations":[{"start":{"line":21,"column":51},"end":{"line":21,"column":69}},{"start":{"line":21,"column":72},"end":{"line":21,"column":74}}],"line":21},"2":{"loc":{"start":{"line":32,"column":4},"end":{"line":35,"column":5}},"type":"if","locations":[{"start":{"line":32,"column":4},"end":{"line":35,"column":5}},{"start":{},"end":{}}],"line":32},"3":{"loc":{"start":{"line":56,"column":4},"end":{"line":62,"column":5}},"type":"if","locations":[{"start":{"line":56,"column":4},"end":{"line":62,"column":5}},{"start":{"line":59,"column":11},"end":{"line":62,"column":5}}],"line":56},"4":{"loc":{"start":{"line":66,"column":2},"end":{"line":85,"column":3}},"type":"if","locations":[{"start":{"line":66,"column":2},"end":{"line":85,"column":3}},{"start":{},"end":{}}],"line":66},"5":{"loc":{"start":{"line":71,"column":18},"end":{"line":71,"column":65}},"type":"cond-expr","locations":[{"start":{"line":71,"column":50},"end":{"line":71,"column":60}},{"start":{"line":71,"column":63},"end":{"line":71,"column":65}}],"line":71},"6":{"loc":{"start":{"line":76,"column":17},"end":{"line":76,"column":88}},"type":"cond-expr","locations":[{"start":{"line":76,"column":63},"end":{"line":76,"column":83}},{"start":{"line":76,"column":86},"end":{"line":76,"column":88}}],"line":76},"7":{"loc":{"start":{"line":76,"column":17},"end":{"line":76,"column":60}},"type":"binary-expr","locations":[{"start":{"line":76,"column":17},"end":{"line":76,"column":46}},{"start":{"line":76,"column":50},"end":{"line":76,"column":60}}],"line":76},"8":{"loc":{"start":{"line":91,"column":16},"end":{"line":91,"column":63}},"type":"cond-expr","locations":[{"start":{"line":91,"column":48},"end":{"line":91,"column":58}},{"start":{"line":91,"column":61},"end":{"line":91,"column":63}}],"line":91},"9":{"loc":{"start":{"line":98,"column":15},"end":{"line":99,"column":67}},"type":"cond-expr","locations":[{"start":{"line":99,"column":42},"end":{"line":99,"column":62}},{"start":{"line":99,"column":65},"end":{"line":99,"column":67}}],"line":98},"10":{"loc":{"start":{"line":98,"column":15},"end":{"line":99,"column":39}},"type":"binary-expr","locations":[{"start":{"line":98,"column":16},"end":{"line":98,"column":45}},{"start":{"line":99,"column":16},"end":{"line":99,"column":38}}],"line":98}},"s":{"0":2,"1":2,"2":10,"3":10,"4":10,"5":10,"6":10,"7":10,"8":10,"9":5,"10":3,"11":3,"12":10,"13":1,"14":1,"15":1,"16":10,"17":1,"18":1,"19":10,"20":0,"21":0,"22":10,"23":1,"24":0,"25":0,"26":1,"27":1,"28":1,"29":10,"30":2,"31":8},"f":{"0":10,"1":5,"2":1,"3":1,"4":0,"5":1},"b":{"0":[8,2],"1":[8,2],"2":[3,2],"3":[0,1],"4":[2,8],"5":[0,2],"6":[0,2],"7":[2,0],"8":[8,0],"9":[3,5],"10":[8,8]},"_coverageSchema":"1a1c01bbd47fc00a2c39e90264f33305004495a9","hash":"adc201579585249fb95723af6190767c7161b8cf"}
,"/Users/dennis/hackReactor/fec/FECApp/client/src/components/Overview/AddToCart/QuantityDropdown.jsx": {"path":"/Users/dennis/hackReactor/fec/FECApp/client/src/components/Overview/AddToCart/QuantityDropdown.jsx","statementMap":{"0":{"start":{"line":4,"column":21},"end":{"line":4,"column":23}},"1":{"start":{"line":5,"column":18},"end":{"line":5,"column":78}},"2":{"start":{"line":6,"column":2},"end":{"line":8,"column":3}},"3":{"start":{"line":6,"column":15},"end":{"line":6,"column":16}},"4":{"start":{"line":7,"column":4},"end":{"line":7,"column":60}},"5":{"start":{"line":10,"column":2},"end":{"line":18,"column":3}},"6":{"start":{"line":11,"column":4},"end":{"line":17,"column":6}},"7":{"start":{"line":19,"column":2},"end":{"line":25,"column":4}}},"fnMap":{"0":{"name":"QuantityDropdown","decl":{"start":{"line":3,"column":24},"end":{"line":3,"column":40}},"loc":{"start":{"line":3,"column":67},"end":{"line":26,"column":1}},"line":3}},"branchMap":{"0":{"loc":{"start":{"line":5,"column":18},"end":{"line":5,"column":78}},"type":"cond-expr","locations":[{"start":{"line":5,"column":48},"end":{"line":5,"column":74}},{"start":{"line":5,"column":77},"end":{"line":5,"column":78}}],"line":5},"1":{"loc":{"start":{"line":10,"column":2},"end":{"line":18,"column":3}},"type":"if","locations":[{"start":{"line":10,"column":2},"end":{"line":18,"column":3}},{"start":{},"end":{}}],"line":10}},"s":{"0":8,"1":8,"2":8,"3":8,"4":30,"5":8,"6":2,"7":6},"f":{"0":8},"b":{"0":[2,6],"1":[2,6]},"_coverageSchema":"1a1c01bbd47fc00a2c39e90264f33305004495a9","hash":"bb5224e64bcb53ff0da178b4103d8ce89b142ec5"}
,"/Users/dennis/hackReactor/fec/FECApp/client/src/components/Overview/AddToCart/SizeDropdown.jsx": {"path":"/Users/dennis/hackReactor/fec/FECApp/client/src/components/Overview/AddToCart/SizeDropdown.jsx","statementMap":{"0":{"start":{"line":6,"column":2},"end":{"line":24,"column":3}},"1":{"start":{"line":7,"column":4},"end":{"line":23,"column":6}},"2":{"start":{"line":19,"column":12},"end":{"line":19,"column":67}},"3":{"start":{"line":25,"column":2},"end":{"line":34,"column":4}},"4":{"start":{"line":30,"column":10},"end":{"line":30,"column":65}}},"fnMap":{"0":{"name":"SizeDropdown","decl":{"start":{"line":3,"column":24},"end":{"line":3,"column":36}},"loc":{"start":{"line":5,"column":3},"end":{"line":35,"column":1}},"line":5},"1":{"name":"(anonymous_1)","decl":{"start":{"line":18,"column":27},"end":{"line":18,"column":28}},"loc":{"start":{"line":19,"column":12},"end":{"line":19,"column":67}},"line":19},"2":{"name":"(anonymous_2)","decl":{"start":{"line":29,"column":25},"end":{"line":29,"column":26}},"loc":{"start":{"line":30,"column":10},"end":{"line":30,"column":65}},"line":30}},"branchMap":{"0":{"loc":{"start":{"line":6,"column":2},"end":{"line":24,"column":3}},"type":"if","locations":[{"start":{"line":6,"column":2},"end":{"line":24,"column":3}},{"start":{},"end":{}}],"line":6}},"s":{"0":8,"1":1,"2":6,"3":7,"4":30},"f":{"0":8,"1":6,"2":30},"b":{"0":[1,7]},"_coverageSchema":"1a1c01bbd47fc00a2c39e90264f33305004495a9","hash":"f3127891faf351bd7fc47462d57be28666f5ca2f"}
,"/Users/dennis/hackReactor/fec/FECApp/client/src/components/Overview/ImageGallery/DefaultView.jsx": {"path":"/Users/dennis/hackReactor/fec/FECApp/client/src/components/Overview/ImageGallery/DefaultView.jsx","statementMap":{"0":{"start":{"line":7,"column":19},"end":{"line":10,"column":1}},"1":{"start":{"line":15,"column":2},"end":{"line":30,"column":4}}},"fnMap":{"0":{"name":"DefaultView","decl":{"start":{"line":12,"column":24},"end":{"line":12,"column":35}},"loc":{"start":{"line":14,"column":3},"end":{"line":31,"column":1}},"line":14}},"branchMap":{},"s":{"0":2,"1":13},"f":{"0":13},"b":{},"_coverageSchema":"1a1c01bbd47fc00a2c39e90264f33305004495a9","hash":"71105bdff6df6957b23074f50ffc610833fdb4b2"}
,"/Users/dennis/hackReactor/fec/FECApp/client/src/components/Overview/ImageGallery/ExpandedImage.jsx": {"path":"/Users/dennis/hackReactor/fec/FECApp/client/src/components/Overview/ImageGallery/ExpandedImage.jsx","statementMap":{"0":{"start":{"line":7,"column":18},"end":{"line":7,"column":53}},"1":{"start":{"line":7,"column":24},"end":{"line":7,"column":53}},"2":{"start":{"line":8,"column":18},"end":{"line":8,"column":53}},"3":{"start":{"line":8,"column":24},"end":{"line":8,"column":53}},"4":{"start":{"line":16,"column":20},"end":{"line":16,"column":43}},"5":{"start":{"line":17,"column":2},"end":{"line":33,"column":4}}},"fnMap":{"0":{"name":"ExpandedImage","decl":{"start":{"line":3,"column":24},"end":{"line":3,"column":37}},"loc":{"start":{"line":5,"column":3},"end":{"line":34,"column":1}},"line":5},"1":{"name":"(anonymous_1)","decl":{"start":{"line":7,"column":18},"end":{"line":7,"column":19}},"loc":{"start":{"line":7,"column":24},"end":{"line":7,"column":53}},"line":7},"2":{"name":"(anonymous_2)","decl":{"start":{"line":8,"column":18},"end":{"line":8,"column":19}},"loc":{"start":{"line":8,"column":24},"end":{"line":8,"column":53}},"line":8}},"branchMap":{"0":{"loc":{"start":{"line":20,"column":7},"end":{"line":20,"column":108}},"type":"cond-expr","locations":[{"start":{"line":20,"column":24},"end":{"line":20,"column":101}},{"start":{"line":20,"column":104},"end":{"line":20,"column":108}}],"line":20},"1":{"loc":{"start":{"line":30,"column":7},"end":{"line":30,"column":118}},"type":"cond-expr","locations":[{"start":{"line":30,"column":32},"end":{"line":30,"column":111}},{"start":{"line":30,"column":114},"end":{"line":30,"column":118}}],"line":30}},"s":{"0":6,"1":1,"2":6,"3":1,"4":6,"5":6},"f":{"0":6,"1":1,"2":1},"b":{"0":[1,5],"1":[6,0]},"_coverageSchema":"1a1c01bbd47fc00a2c39e90264f33305004495a9","hash":"2e246d0e17f80122dc21ef72c3cffcb4f2a59168"}
,"/Users/dennis/hackReactor/fec/FECApp/client/src/components/Overview/ImageGallery/ExpandedView.jsx": {"path":"/Users/dennis/hackReactor/fec/FECApp/client/src/components/Overview/ImageGallery/ExpandedView.jsx","statementMap":{"0":{"start":{"line":9,"column":38},"end":{"line":9,"column":53}},"1":{"start":{"line":12,"column":28},"end":{"line":14,"column":3}},"2":{"start":{"line":13,"column":4},"end":{"line":13,"column":31}},"3":{"start":{"line":16,"column":2},"end":{"line":33,"column":3}},"4":{"start":{"line":17,"column":4},"end":{"line":32,"column":6}},"5":{"start":{"line":35,"column":2},"end":{"line":52,"column":4}}},"fnMap":{"0":{"name":"ExpandedView","decl":{"start":{"line":6,"column":24},"end":{"line":6,"column":36}},"loc":{"start":{"line":8,"column":3},"end":{"line":53,"column":1}},"line":8},"1":{"name":"(anonymous_1)","decl":{"start":{"line":12,"column":28},"end":{"line":12,"column":29}},"loc":{"start":{"line":12,"column":34},"end":{"line":14,"column":3}},"line":12}},"branchMap":{"0":{"loc":{"start":{"line":16,"column":2},"end":{"line":33,"column":3}},"type":"if","locations":[{"start":{"line":16,"column":2},"end":{"line":33,"column":3}},{"start":{},"end":{}}],"line":16}},"s":{"0":7,"1":7,"2":2,"3":7,"4":1,"5":6},"f":{"0":7,"1":2},"b":{"0":[1,6]},"_coverageSchema":"1a1c01bbd47fc00a2c39e90264f33305004495a9","hash":"8a6100bcfd81dc27acb40b490430e01256b66f56"}
,"/Users/dennis/hackReactor/fec/FECApp/client/src/components/Overview/ImageGallery/GalleryThumbnail.jsx": {"path":"/Users/dennis/hackReactor/fec/FECApp/client/src/components/Overview/ImageGallery/GalleryThumbnail.jsx","statementMap":{"0":{"start":{"line":5,"column":21},"end":{"line":12,"column":1}},"1":{"start":{"line":6,"column":38},"end":{"line":6,"column":70}},"2":{"start":{"line":7,"column":35},"end":{"line":7,"column":63}},"3":{"start":{"line":19,"column":26},"end":{"line":24,"column":3}},"4":{"start":{"line":20,"column":4},"end":{"line":22,"column":5}},"5":{"start":{"line":21,"column":6},"end":{"line":21,"column":32}},"6":{"start":{"line":23,"column":4},"end":{"line":23,"column":24}},"7":{"start":{"line":29,"column":2},"end":{"line":40,"column":4}}},"fnMap":{"0":{"name":"(anonymous_0)","decl":{"start":{"line":6,"column":19},"end":{"line":6,"column":20}},"loc":{"start":{"line":6,"column":38},"end":{"line":6,"column":70}},"line":6},"1":{"name":"(anonymous_1)","decl":{"start":{"line":7,"column":16},"end":{"line":7,"column":17}},"loc":{"start":{"line":7,"column":35},"end":{"line":7,"column":63}},"line":7},"2":{"name":"GalleryThumbnail","decl":{"start":{"line":16,"column":24},"end":{"line":16,"column":40}},"loc":{"start":{"line":18,"column":3},"end":{"line":41,"column":1}},"line":18},"3":{"name":"(anonymous_3)","decl":{"start":{"line":19,"column":26},"end":{"line":19,"column":27}},"loc":{"start":{"line":19,"column":37},"end":{"line":24,"column":3}},"line":19}},"branchMap":{"0":{"loc":{"start":{"line":6,"column":38},"end":{"line":6,"column":70}},"type":"binary-expr","locations":[{"start":{"line":6,"column":38},"end":{"line":6,"column":46}},{"start":{"line":6,"column":50},"end":{"line":6,"column":70}}],"line":6},"1":{"loc":{"start":{"line":7,"column":35},"end":{"line":7,"column":63}},"type":"binary-expr","locations":[{"start":{"line":7,"column":35},"end":{"line":7,"column":43}},{"start":{"line":7,"column":47},"end":{"line":7,"column":63}}],"line":7},"2":{"loc":{"start":{"line":20,"column":4},"end":{"line":22,"column":5}},"type":"if","locations":[{"start":{"line":20,"column":4},"end":{"line":22,"column":5}},{"start":{},"end":{}}],"line":20}},"s":{"0":2,"1":112,"2":112,"3":112,"4":3,"5":3,"6":3,"7":112},"f":{"0":112,"1":112,"2":112,"3":3},"b":{"0":[112,18],"1":[112,18],"2":[3,0]},"_coverageSchema":"1a1c01bbd47fc00a2c39e90264f33305004495a9","hash":"ac58a290c8963e9c882a4529a67a5ca1974303fc"}
,"/Users/dennis/hackReactor/fec/FECApp/client/src/components/Overview/ImageGallery/ImageGallery.jsx": {"path":"/Users/dennis/hackReactor/fec/FECApp/client/src/components/Overview/ImageGallery/ImageGallery.jsx","statementMap":{"0":{"start":{"line":7,"column":38},"end":{"line":7,"column":52}},"1":{"start":{"line":8,"column":38},"end":{"line":8,"column":49}},"2":{"start":{"line":10,"column":2},"end":{"line":12,"column":14}},"3":{"start":{"line":11,"column":4},"end":{"line":11,"column":24}},"4":{"start":{"line":16,"column":24},"end":{"line":18,"column":3}},"5":{"start":{"line":17,"column":4},"end":{"line":17,"column":31}},"6":{"start":{"line":26,"column":2},"end":{"line":38,"column":3}},"7":{"start":{"line":27,"column":4},"end":{"line":37,"column":6}},"8":{"start":{"line":40,"column":2},"end":{"line":50,"column":4}}},"fnMap":{"0":{"name":"ImageGallery","decl":{"start":{"line":5,"column":24},"end":{"line":5,"column":36}},"loc":{"start":{"line":5,"column":48},"end":{"line":51,"column":1}},"line":5},"1":{"name":"(anonymous_1)","decl":{"start":{"line":10,"column":12},"end":{"line":10,"column":13}},"loc":{"start":{"line":10,"column":18},"end":{"line":12,"column":3}},"line":10},"2":{"name":"(anonymous_2)","decl":{"start":{"line":16,"column":24},"end":{"line":16,"column":25}},"loc":{"start":{"line":16,"column":30},"end":{"line":18,"column":3}},"line":16}},"branchMap":{"0":{"loc":{"start":{"line":26,"column":2},"end":{"line":38,"column":3}},"type":"if","locations":[{"start":{"line":26,"column":2},"end":{"line":38,"column":3}},{"start":{},"end":{}}],"line":26}},"s":{"0":23,"1":23,"2":23,"3":9,"4":23,"5":4,"6":23,"7":15,"8":8},"f":{"0":23,"1":9,"2":4},"b":{"0":[15,8]},"_coverageSchema":"1a1c01bbd47fc00a2c39e90264f33305004495a9","hash":"bce9bcccdc5aa4297cd8515451083e5a2981119b"}
,"/Users/dennis/hackReactor/fec/FECApp/client/src/components/Overview/ImageGallery/MainImage.jsx": {"path":"/Users/dennis/hackReactor/fec/FECApp/client/src/components/Overview/ImageGallery/MainImage.jsx","statementMap":{"0":{"start":{"line":7,"column":18},"end":{"line":7,"column":53}},"1":{"start":{"line":7,"column":24},"end":{"line":7,"column":53}},"2":{"start":{"line":8,"column":18},"end":{"line":8,"column":53}},"3":{"start":{"line":8,"column":24},"end":{"line":8,"column":53}},"4":{"start":{"line":10,"column":21},"end":{"line":14,"column":3}},"5":{"start":{"line":11,"column":4},"end":{"line":11,"column":20}},"6":{"start":{"line":12,"column":4},"end":{"line":12,"column":24}},"7":{"start":{"line":13,"column":4},"end":{"line":13,"column":27}},"8":{"start":{"line":16,"column":2},"end":{"line":34,"column":3}},"9":{"start":{"line":17,"column":22},"end":{"line":17,"column":45}},"10":{"start":{"line":18,"column":4},"end":{"line":33,"column":6}},"11":{"start":{"line":36,"column":2},"end":{"line":40,"column":4}}},"fnMap":{"0":{"name":"MainImage","decl":{"start":{"line":3,"column":24},"end":{"line":3,"column":33}},"loc":{"start":{"line":5,"column":3},"end":{"line":41,"column":1}},"line":5},"1":{"name":"(anonymous_1)","decl":{"start":{"line":7,"column":18},"end":{"line":7,"column":19}},"loc":{"start":{"line":7,"column":24},"end":{"line":7,"column":53}},"line":7},"2":{"name":"(anonymous_2)","decl":{"start":{"line":8,"column":18},"end":{"line":8,"column":19}},"loc":{"start":{"line":8,"column":24},"end":{"line":8,"column":53}},"line":8},"3":{"name":"(anonymous_3)","decl":{"start":{"line":10,"column":21},"end":{"line":10,"column":22}},"loc":{"start":{"line":10,"column":32},"end":{"line":14,"column":3}},"line":10}},"branchMap":{"0":{"loc":{"start":{"line":16,"column":2},"end":{"line":34,"column":3}},"type":"if","locations":[{"start":{"line":16,"column":2},"end":{"line":34,"column":3}},{"start":{},"end":{}}],"line":16},"1":{"loc":{"start":{"line":20,"column":9},"end":{"line":20,"column":86}},"type":"cond-expr","locations":[{"start":{"line":20,"column":26},"end":{"line":20,"column":79}},{"start":{"line":20,"column":82},"end":{"line":20,"column":86}}],"line":20},"2":{"loc":{"start":{"line":30,"column":9},"end":{"line":30,"column":95}},"type":"cond-expr","locations":[{"start":{"line":30,"column":34},"end":{"line":30,"column":88}},{"start":{"line":30,"column":91},"end":{"line":30,"column":95}}],"line":30}},"s":{"0":13,"1":0,"2":13,"3":0,"4":13,"5":3,"6":3,"7":3,"8":13,"9":11,"10":11,"11":2},"f":{"0":13,"1":0,"2":0,"3":3},"b":{"0":[11,2],"1":[3,8],"2":[11,0]},"_coverageSchema":"1a1c01bbd47fc00a2c39e90264f33305004495a9","hash":"3d42ab0d53b6434b9e712865d33f67b667f1e89b"}
,"/Users/dennis/hackReactor/fec/FECApp/client/src/components/Overview/ImageGallery/ThumbnailList.jsx": {"path":"/Users/dennis/hackReactor/fec/FECApp/client/src/components/Overview/ImageGallery/ThumbnailList.jsx","statementMap":{"0":{"start":{"line":6,"column":29},"end":{"line":11,"column":1}},"1":{"start":{"line":16,"column":18},"end":{"line":16,"column":19}},"2":{"start":{"line":17,"column":18},"end":{"line":17,"column":41}},"3":{"start":{"line":19,"column":18},"end":{"line":19,"column":53}},"4":{"start":{"line":19,"column":24},"end":{"line":19,"column":53}},"5":{"start":{"line":20,"column":18},"end":{"line":20,"column":53}},"6":{"start":{"line":20,"column":24},"end":{"line":20,"column":53}},"7":{"start":{"line":22,"column":21},"end":{"line":22,"column":23}},"8":{"start":{"line":23,"column":17},"end":{"line":23,"column":41}},"9":{"start":{"line":24,"column":17},"end":{"line":24,"column":37}},"10":{"start":{"line":25,"column":22},"end":{"line":25,"column":27}},"11":{"start":{"line":26,"column":22},"end":{"line":26,"column":27}},"12":{"start":{"line":28,"column":2},"end":{"line":63,"column":3}},"13":{"start":{"line":29,"column":22},"end":{"line":29,"column":41}},"14":{"start":{"line":30,"column":21},"end":{"line":30,"column":22}},"15":{"start":{"line":31,"column":21},"end":{"line":31,"column":30}},"16":{"start":{"line":34,"column":4},"end":{"line":50,"column":5}},"17":{"start":{"line":36,"column":6},"end":{"line":49,"column":7}},"18":{"start":{"line":37,"column":8},"end":{"line":37,"column":23}},"19":{"start":{"line":38,"column":8},"end":{"line":38,"column":29}},"20":{"start":{"line":39,"column":8},"end":{"line":39,"column":29}},"21":{"start":{"line":40,"column":13},"end":{"line":49,"column":7}},"22":{"start":{"line":41,"column":8},"end":{"line":41,"column":31}},"23":{"start":{"line":42,"column":8},"end":{"line":42,"column":42}},"24":{"start":{"line":43,"column":8},"end":{"line":43,"column":29}},"25":{"start":{"line":45,"column":8},"end":{"line":45,"column":28}},"26":{"start":{"line":46,"column":8},"end":{"line":46,"column":28}},"27":{"start":{"line":47,"column":8},"end":{"line":47,"column":29}},"28":{"start":{"line":48,"column":8},"end":{"line":48,"column":29}},"29":{"start":{"line":52,"column":4},"end":{"line":62,"column":5}},"30":{"start":{"line":52,"column":17},"end":{"line":52,"column":27}},"31":{"start":{"line":53,"column":6},"end":{"line":61,"column":8}},"32":{"start":{"line":65,"column":2},"end":{"line":78,"column":4}}},"fnMap":{"0":{"name":"ThumbnailList","decl":{"start":{"line":13,"column":24},"end":{"line":13,"column":37}},"loc":{"start":{"line":15,"column":3},"end":{"line":79,"column":1}},"line":15},"1":{"name":"(anonymous_1)","decl":{"start":{"line":19,"column":18},"end":{"line":19,"column":19}},"loc":{"start":{"line":19,"column":24},"end":{"line":19,"column":53}},"line":19},"2":{"name":"(anonymous_2)","decl":{"start":{"line":20,"column":18},"end":{"line":20,"column":19}},"loc":{"start":{"line":20,"column":24},"end":{"line":20,"column":53}},"line":20}},"branchMap":{"0":{"loc":{"start":{"line":28,"column":2},"end":{"line":63,"column":3}},"type":"if","locations":[{"start":{"line":28,"column":2},"end":{"line":63,"column":3}},{"start":{},"end":{}}],"line":28},"1":{"loc":{"start":{"line":34,"column":4},"end":{"line":50,"column":5}},"type":"if","locations":[{"start":{"line":34,"column":4},"end":{"line":50,"column":5}},{"start":{},"end":{}}],"line":34},"2":{"loc":{"start":{"line":36,"column":6},"end":{"line":49,"column":7}},"type":"if","locations":[{"start":{"line":36,"column":6},"end":{"line":49,"column":7}},{"start":{"line":40,"column":13},"end":{"line":49,"column":7}}],"line":36},"3":{"loc":{"start":{"line":40,"column":13},"end":{"line":49,"column":7}},"type":"if","locations":[{"start":{"line":40,"column":13},"end":{"line":49,"column":7}},{"start":{"line":44,"column":13},"end":{"line":49,"column":7}}],"line":40},"4":{"loc":{"start":{"line":68,"column":17},"end":{"line":68,"column":60}},"type":"cond-expr","locations":[{"start":{"line":68,"column":30},"end":{"line":68,"column":46}},{"start":{"line":68,"column":49},"end":{"line":68,"column":60}}],"line":68},"5":{"loc":{"start":{"line":70,"column":7},"end":{"line":71,"column":68}},"type":"cond-expr","locations":[{"start":{"line":71,"column":10},"end":{"line":71,"column":61}},{"start":{"line":71,"column":64},"end":{"line":71,"column":68}}],"line":70},"6":{"loc":{"start":{"line":70,"column":7},"end":{"line":70,"column":45}},"type":"binary-expr","locations":[{"start":{"line":70,"column":7},"end":{"line":70,"column":28}},{"start":{"line":70,"column":32},"end":{"line":70,"column":45}}],"line":70},"7":{"loc":{"start":{"line":75,"column":7},"end":{"line":76,"column":70}},"type":"cond-expr","locations":[{"start":{"line":76,"column":10},"end":{"line":76,"column":63}},{"start":{"line":76,"column":66},"end":{"line":76,"column":70}}],"line":75},"8":{"loc":{"start":{"line":75,"column":7},"end":{"line":75,"column":45}},"type":"binary-expr","locations":[{"start":{"line":75,"column":7},"end":{"line":75,"column":28}},{"start":{"line":75,"column":32},"end":{"line":75,"column":45}}],"line":75}},"s":{"0":2,"1":20,"2":20,"3":20,"4":0,"5":20,"6":0,"7":20,"8":20,"9":20,"10":20,"11":20,"12":20,"13":18,"14":18,"15":18,"16":18,"17":4,"18":2,"19":2,"20":2,"21":2,"22":1,"23":1,"24":1,"25":1,"26":1,"27":1,"28":1,"29":18,"30":18,"31":112,"32":20},"f":{"0":20,"1":0,"2":0},"b":{"0":[18,2],"1":[4,14],"2":[2,2],"3":[1,1],"4":[13,7],"5":[2,18],"6":[20,18],"7":[3,17],"8":[20,18]},"_coverageSchema":"1a1c01bbd47fc00a2c39e90264f33305004495a9","hash":"414fbeb318bca6e3b1b461a21741015724f241ff"}
,"/Users/dennis/hackReactor/fec/FECApp/client/src/components/Overview/ImageGallery/ZoomImage.jsx": {"path":"/Users/dennis/hackReactor/fec/FECApp/client/src/components/Overview/ImageGallery/ZoomImage.jsx","statementMap":{"0":{"start":{"line":7,"column":34},"end":{"line":10,"column":4}},"1":{"start":{"line":13,"column":22},"end":{"line":16,"column":3}},"2":{"start":{"line":14,"column":4},"end":{"line":14,"column":57}},"3":{"start":{"line":15,"column":4},"end":{"line":15,"column":42}},"4":{"start":{"line":18,"column":2},"end":{"line":35,"column":3}},"5":{"start":{"line":19,"column":4},"end":{"line":34,"column":6}},"6":{"start":{"line":37,"column":2},"end":{"line":42,"column":4}}},"fnMap":{"0":{"name":"ZoomImage","decl":{"start":{"line":3,"column":24},"end":{"line":3,"column":33}},"loc":{"start":{"line":5,"column":3},"end":{"line":43,"column":1}},"line":5},"1":{"name":"(anonymous_1)","decl":{"start":{"line":13,"column":22},"end":{"line":13,"column":23}},"loc":{"start":{"line":13,"column":33},"end":{"line":16,"column":3}},"line":13}},"branchMap":{"0":{"loc":{"start":{"line":18,"column":2},"end":{"line":35,"column":3}},"type":"if","locations":[{"start":{"line":18,"column":2},"end":{"line":35,"column":3}},{"start":{},"end":{}}],"line":18}},"s":{"0":2,"1":2,"2":1,"3":1,"4":2,"5":2,"6":0},"f":{"0":2,"1":1},"b":{"0":[2,0]},"_coverageSchema":"1a1c01bbd47fc00a2c39e90264f33305004495a9","hash":"ace2351149320b2e2f8bef7294931f5307bb9850"}
,"/Users/dennis/hackReactor/fec/FECApp/client/src/components/Overview/ProductInfo/Description.jsx": {"path":"/Users/dennis/hackReactor/fec/FECApp/client/src/components/Overview/ProductInfo/Description.jsx","statementMap":{"0":{"start":{"line":4,"column":2},"end":{"line":20,"column":3}},"1":{"start":{"line":5,"column":4},"end":{"line":13,"column":5}},"2":{"start":{"line":6,"column":6},"end":{"line":12,"column":8}},"3":{"start":{"line":14,"column":4},"end":{"line":19,"column":6}},"4":{"start":{"line":22,"column":2},"end":{"line":26,"column":4}}},"fnMap":{"0":{"name":"Description","decl":{"start":{"line":3,"column":24},"end":{"line":3,"column":35}},"loc":{"start":{"line":3,"column":46},"end":{"line":27,"column":1}},"line":3}},"branchMap":{"0":{"loc":{"start":{"line":4,"column":2},"end":{"line":20,"column":3}},"type":"if","locations":[{"start":{"line":4,"column":2},"end":{"line":20,"column":3}},{"start":{},"end":{}}],"line":4},"1":{"loc":{"start":{"line":4,"column":6},"end":{"line":4,"column":65}},"type":"binary-expr","locations":[{"start":{"line":4,"column":6},"end":{"line":4,"column":34}},{"start":{"line":4,"column":38},"end":{"line":4,"column":65}}],"line":4},"2":{"loc":{"start":{"line":5,"column":4},"end":{"line":13,"column":5}},"type":"if","locations":[{"start":{"line":5,"column":4},"end":{"line":13,"column":5}},{"start":{},"end":{}}],"line":5}},"s":{"0":1,"1":0,"2":0,"3":0,"4":1},"f":{"0":1},"b":{"0":[0,1],"1":[1,0],"2":[0,0]},"_coverageSchema":"1a1c01bbd47fc00a2c39e90264f33305004495a9","hash":"2a62b2e3153106cbd581f051c13c40d8387460fd"}
,"/Users/dennis/hackReactor/fec/FECApp/client/src/components/Overview/ProductInfo/Price.jsx": {"path":"/Users/dennis/hackReactor/fec/FECApp/client/src/components/Overview/ProductInfo/Price.jsx","statementMap":{"0":{"start":{"line":5,"column":22},"end":{"line":7,"column":1}},"1":{"start":{"line":10,"column":22},"end":{"line":13,"column":1}},"2":{"start":{"line":11,"column":32},"end":{"line":11,"column":52}},"3":{"start":{"line":16,"column":2},"end":{"line":37,"column":3}},"4":{"start":{"line":17,"column":22},"end":{"line":17,"column":46}},"5":{"start":{"line":18,"column":26},"end":{"line":18,"column":52}},"6":{"start":{"line":20,"column":4},"end":{"line":30,"column":5}},"7":{"start":{"line":21,"column":6},"end":{"line":29,"column":8}},"8":{"start":{"line":32,"column":4},"end":{"line":36,"column":6}},"9":{"start":{"line":39,"column":2},"end":{"line":39,"column":19}}},"fnMap":{"0":{"name":"(anonymous_0)","decl":{"start":{"line":11,"column":21},"end":{"line":11,"column":22}},"loc":{"start":{"line":11,"column":32},"end":{"line":11,"column":52}},"line":11},"1":{"name":"Price","decl":{"start":{"line":15,"column":24},"end":{"line":15,"column":29}},"loc":{"start":{"line":15,"column":41},"end":{"line":40,"column":1}},"line":15}},"branchMap":{"0":{"loc":{"start":{"line":11,"column":32},"end":{"line":11,"column":52}},"type":"binary-expr","locations":[{"start":{"line":11,"column":32},"end":{"line":11,"column":42}},{"start":{"line":11,"column":46},"end":{"line":11,"column":52}}],"line":11},"1":{"loc":{"start":{"line":16,"column":2},"end":{"line":37,"column":3}},"type":"if","locations":[{"start":{"line":16,"column":2},"end":{"line":37,"column":3}},{"start":{},"end":{}}],"line":16},"2":{"loc":{"start":{"line":17,"column":22},"end":{"line":17,"column":46}},"type":"binary-expr","locations":[{"start":{"line":17,"column":22},"end":{"line":17,"column":38}},{"start":{"line":17,"column":42},"end":{"line":17,"column":46}}],"line":17},"3":{"loc":{"start":{"line":18,"column":26},"end":{"line":18,"column":52}},"type":"binary-expr","locations":[{"start":{"line":18,"column":26},"end":{"line":18,"column":46}},{"start":{"line":18,"column":50},"end":{"line":18,"column":52}}],"line":18},"4":{"loc":{"start":{"line":20,"column":4},"end":{"line":30,"column":5}},"type":"if","locations":[{"start":{"line":20,"column":4},"end":{"line":30,"column":5}},{"start":{},"end":{}}],"line":20}},"s":{"0":2,"1":2,"2":3,"3":4,"4":3,"5":3,"6":3,"7":2,"8":1,"9":1},"f":{"0":3,"1":4},"b":{"0":[3,1],"1":[3,1],"2":[3,1],"3":[3,0],"4":[2,1]},"_coverageSchema":"1a1c01bbd47fc00a2c39e90264f33305004495a9","hash":"9f8f12999d52f8df71a077e464f67e23c0e7d7db"}
,"/Users/dennis/hackReactor/fec/FECApp/client/src/components/Overview/ProductInfo/ProductInfo.jsx": {"path":"/Users/dennis/hackReactor/fec/FECApp/client/src/components/Overview/ProductInfo/ProductInfo.jsx","statementMap":{"0":{"start":{"line":8,"column":2},"end":{"line":18,"column":4}}},"fnMap":{"0":{"name":"ProductInfo","decl":{"start":{"line":6,"column":24},"end":{"line":6,"column":35}},"loc":{"start":{"line":6,"column":58},"end":{"line":19,"column":1}},"line":6}},"branchMap":{"0":{"loc":{"start":{"line":6,"column":36},"end":{"line":6,"column":56}},"type":"default-arg","locations":[{"start":{"line":6,"column":54},"end":{"line":6,"column":56}}],"line":6}},"s":{"0":4},"f":{"0":4},"b":{"0":[0]},"_coverageSchema":"1a1c01bbd47fc00a2c39e90264f33305004495a9","hash":"d9ce8d68885f761ad0d5ab880f7e8bb8c8f14af1"}
,"/Users/dennis/hackReactor/fec/FECApp/client/src/components/Overview/ProductInfo/ShareMedia.jsx": {"path":"/Users/dennis/hackReactor/fec/FECApp/client/src/components/Overview/ProductInfo/ShareMedia.jsx","statementMap":{"0":{"start":{"line":5,"column":19},"end":{"line":7,"column":1}},"1":{"start":{"line":14,"column":23},"end":{"line":31,"column":6}},"2":{"start":{"line":33,"column":2},"end":{"line":49,"column":9}},"3":{"start":{"line":34,"column":20},"end":{"line":34,"column":22}},"4":{"start":{"line":36,"column":4},"end":{"line":41,"column":7}},"5":{"start":{"line":37,"column":21},"end":{"line":37,"column":53}},"6":{"start":{"line":38,"column":6},"end":{"line":38,"column":42}},"7":{"start":{"line":39,"column":6},"end":{"line":39,"column":40}},"8":{"start":{"line":40,"column":6},"end":{"line":40,"column":27}},"9":{"start":{"line":43,"column":4},"end":{"line":47,"column":6}},"10":{"start":{"line":44,"column":6},"end":{"line":46,"column":9}},"11":{"start":{"line":45,"column":8},"end":{"line":45,"column":47}},"12":{"start":{"line":51,"column":2},"end":{"line":87,"column":4}}},"fnMap":{"0":{"name":"ShareMedia","decl":{"start":{"line":9,"column":24},"end":{"line":9,"column":34}},"loc":{"start":{"line":9,"column":46},"end":{"line":88,"column":1}},"line":9},"1":{"name":"(anonymous_1)","decl":{"start":{"line":33,"column":12},"end":{"line":33,"column":13}},"loc":{"start":{"line":33,"column":18},"end":{"line":49,"column":3}},"line":33},"2":{"name":"(anonymous_2)","decl":{"start":{"line":36,"column":25},"end":{"line":36,"column":26}},"loc":{"start":{"line":36,"column":43},"end":{"line":41,"column":5}},"line":36},"3":{"name":"(anonymous_3)","decl":{"start":{"line":43,"column":11},"end":{"line":43,"column":12}},"loc":{"start":{"line":43,"column":17},"end":{"line":47,"column":5}},"line":43},"4":{"name":"(anonymous_4)","decl":{"start":{"line":44,"column":22},"end":{"line":44,"column":23}},"loc":{"start":{"line":44,"column":39},"end":{"line":46,"column":7}},"line":44}},"branchMap":{"0":{"loc":{"start":{"line":59,"column":21},"end":{"line":59,"column":37}},"type":"binary-expr","locations":[{"start":{"line":59,"column":21},"end":{"line":59,"column":31}},{"start":{"line":59,"column":35},"end":{"line":59,"column":37}}],"line":59}},"s":{"0":2,"1":4,"2":4,"3":4,"4":4,"5":12,"6":12,"7":12,"8":12,"9":4,"10":4,"11":12,"12":4},"f":{"0":4,"1":4,"2":12,"3":4,"4":12},"b":{"0":[4,1]},"_coverageSchema":"1a1c01bbd47fc00a2c39e90264f33305004495a9","hash":"eb90deba81995797a8b02b575dfe558555989988"}
,"/Users/dennis/hackReactor/fec/FECApp/client/src/components/Overview/StyleSelector/StyleSelector.jsx": {"path":"/Users/dennis/hackReactor/fec/FECApp/client/src/components/Overview/StyleSelector/StyleSelector.jsx","statementMap":{"0":{"start":{"line":5,"column":18},"end":{"line":9,"column":1}},"1":{"start":{"line":12,"column":22},"end":{"line":14,"column":3}},"2":{"start":{"line":13,"column":4},"end":{"line":13,"column":34}},"3":{"start":{"line":18,"column":2},"end":{"line":33,"column":4}},"4":{"start":{"line":23,"column":10},"end":{"line":29,"column":12}}},"fnMap":{"0":{"name":"StyleSelector","decl":{"start":{"line":11,"column":24},"end":{"line":11,"column":37}},"loc":{"start":{"line":11,"column":61},"end":{"line":34,"column":1}},"line":11},"1":{"name":"(anonymous_1)","decl":{"start":{"line":12,"column":22},"end":{"line":12,"column":23}},"loc":{"start":{"line":12,"column":33},"end":{"line":14,"column":3}},"line":12},"2":{"name":"(anonymous_2)","decl":{"start":{"line":22,"column":23},"end":{"line":22,"column":24}},"loc":{"start":{"line":23,"column":10},"end":{"line":29,"column":12}},"line":23}},"branchMap":{"0":{"loc":{"start":{"line":20,"column":11},"end":{"line":20,"column":64}},"type":"cond-expr","locations":[{"start":{"line":20,"column":34},"end":{"line":20,"column":59}},{"start":{"line":20,"column":62},"end":{"line":20,"column":64}}],"line":20}},"s":{"0":2,"1":3,"2":1,"3":3,"4":14},"f":{"0":3,"1":1,"2":14},"b":{"0":[2,1]},"_coverageSchema":"1a1c01bbd47fc00a2c39e90264f33305004495a9","hash":"53fcaa30c43536e2a1d188f4f820ea732b8954a7"}
,"/Users/dennis/hackReactor/fec/FECApp/client/src/components/Overview/StyleSelector/StyleThumbnail.jsx": {"path":"/Users/dennis/hackReactor/fec/FECApp/client/src/components/Overview/StyleSelector/StyleThumbnail.jsx","statementMap":{"0":{"start":{"line":6,"column":26},"end":{"line":12,"column":3}},"1":{"start":{"line":7,"column":4},"end":{"line":9,"column":5}},"2":{"start":{"line":8,"column":6},"end":{"line":8,"column":25}},"3":{"start":{"line":10,"column":4},"end":{"line":10,"column":24}},"4":{"start":{"line":11,"column":4},"end":{"line":11,"column":27}},"5":{"start":{"line":15,"column":2},"end":{"line":30,"column":3}},"6":{"start":{"line":16,"column":4},"end":{"line":29,"column":6}},"7":{"start":{"line":32,"column":2},"end":{"line":44,"column":4}}},"fnMap":{"0":{"name":"StyleThumbnail","decl":{"start":{"line":3,"column":24},"end":{"line":3,"column":38}},"loc":{"start":{"line":5,"column":3},"end":{"line":45,"column":1}},"line":5},"1":{"name":"(anonymous_1)","decl":{"start":{"line":6,"column":26},"end":{"line":6,"column":27}},"loc":{"start":{"line":6,"column":37},"end":{"line":12,"column":3}},"line":6}},"branchMap":{"0":{"loc":{"start":{"line":7,"column":4},"end":{"line":9,"column":5}},"type":"if","locations":[{"start":{"line":7,"column":4},"end":{"line":9,"column":5}},{"start":{},"end":{}}],"line":7},"1":{"loc":{"start":{"line":15,"column":2},"end":{"line":30,"column":3}},"type":"if","locations":[{"start":{"line":15,"column":2},"end":{"line":30,"column":3}},{"start":{},"end":{}}],"line":15}},"s":{"0":14,"1":1,"2":1,"3":1,"4":1,"5":14,"6":2,"7":12},"f":{"0":14,"1":1},"b":{"0":[1,0],"1":[2,12]},"_coverageSchema":"1a1c01bbd47fc00a2c39e90264f33305004495a9","hash":"0ebc2193e30dab2b8890f4165f1acd670fa5e772"}
,"/Users/dennis/hackReactor/fec/FECApp/client/src/components/QAModule/QuestionsAndAnswers.jsx": {"path":"/Users/dennis/hackReactor/fec/FECApp/client/src/components/QAModule/QuestionsAndAnswers.jsx","statementMap":{"0":{"start":{"line":7,"column":16},"end":{"line":13,"column":1}},"1":{"start":{"line":15,"column":16},"end":{"line":19,"column":1}},"2":{"start":{"line":22,"column":36},"end":{"line":22,"column":48}},"3":{"start":{"line":23,"column":52},"end":{"line":23,"column":64}},"4":{"start":{"line":24,"column":20},"end":{"line":24,"column":35}},"5":{"start":{"line":25,"column":24},"end":{"line":25,"column":29}},"6":{"start":{"line":27,"column":18},"end":{"line":27,"column":71}},"7":{"start":{"line":28,"column":15},"end":{"line":28,"column":16}},"8":{"start":{"line":29,"column":16},"end":{"line":29,"column":19}},"9":{"start":{"line":30,"column":18},"end":{"line":32,"column":3}},"10":{"start":{"line":34,"column":2},"end":{"line":51,"column":18}},"11":{"start":{"line":35,"column":16},"end":{"line":35,"column":93}},"12":{"start":{"line":36,"column":4},"end":{"line":50,"column":5}},"13":{"start":{"line":37,"column":6},"end":{"line":49,"column":11}},"14":{"start":{"line":39,"column":30},"end":{"line":39,"column":38}},"15":{"start":{"line":40,"column":32},"end":{"line":42,"column":12}},"16":{"start":{"line":41,"column":12},"end":{"line":41,"column":59}},"17":{"start":{"line":43,"column":10},"end":{"line":43,"column":38}},"18":{"start":{"line":44,"column":10},"end":{"line":44,"column":46}},"19":{"start":{"line":48,"column":10},"end":{"line":48,"column":62}},"20":{"start":{"line":53,"column":23},"end":{"line":62,"column":3}},"21":{"start":{"line":54,"column":4},"end":{"line":61,"column":5}},"22":{"start":{"line":55,"column":23},"end":{"line":57,"column":8}},"23":{"start":{"line":56,"column":8},"end":{"line":56,"column":79}},"24":{"start":{"line":58,"column":6},"end":{"line":58,"column":37}},"25":{"start":{"line":60,"column":6},"end":{"line":60,"column":38}},"26":{"start":{"line":64,"column":2},"end":{"line":71,"column":4}}},"fnMap":{"0":{"name":"QuestionsAndAnswers","decl":{"start":{"line":21,"column":24},"end":{"line":21,"column":43}},"loc":{"start":{"line":21,"column":46},"end":{"line":72,"column":1}},"line":21},"1":{"name":"(anonymous_1)","decl":{"start":{"line":34,"column":12},"end":{"line":34,"column":13}},"loc":{"start":{"line":34,"column":18},"end":{"line":51,"column":3}},"line":34},"2":{"name":"(anonymous_2)","decl":{"start":{"line":38,"column":14},"end":{"line":38,"column":15}},"loc":{"start":{"line":38,"column":23},"end":{"line":45,"column":9}},"line":38},"3":{"name":"(anonymous_3)","decl":{"start":{"line":40,"column":45},"end":{"line":40,"column":46}},"loc":{"start":{"line":41,"column":12},"end":{"line":41,"column":59}},"line":41},"4":{"name":"(anonymous_4)","decl":{"start":{"line":46,"column":15},"end":{"line":46,"column":16}},"loc":{"start":{"line":46,"column":24},"end":{"line":49,"column":9}},"line":46},"5":{"name":"(anonymous_5)","decl":{"start":{"line":53,"column":23},"end":{"line":53,"column":24}},"loc":{"start":{"line":53,"column":39},"end":{"line":62,"column":3}},"line":53},"6":{"name":"(anonymous_6)","decl":{"start":{"line":55,"column":40},"end":{"line":55,"column":41}},"loc":{"start":{"line":56,"column":8},"end":{"line":56,"column":79}},"line":56}},"branchMap":{"0":{"loc":{"start":{"line":36,"column":4},"end":{"line":50,"column":5}},"type":"if","locations":[{"start":{"line":36,"column":4},"end":{"line":50,"column":5}},{"start":{},"end":{}}],"line":36},"1":{"loc":{"start":{"line":54,"column":4},"end":{"line":61,"column":5}},"type":"if","locations":[{"start":{"line":54,"column":4},"end":{"line":61,"column":5}},{"start":{"line":59,"column":11},"end":{"line":61,"column":5}}],"line":54}},"s":{"0":1,"1":1,"2":5,"3":5,"4":5,"5":5,"6":5,"7":5,"8":5,"9":5,"10":5,"11":5,"12":5,"13":0,"14":0,"15":0,"16":0,"17":0,"18":0,"19":0,"20":5,"21":0,"22":0,"23":0,"24":0,"25":0,"26":5},"f":{"0":5,"1":5,"2":0,"3":0,"4":0,"5":0,"6":0},"b":{"0":[0,5],"1":[0,0]},"_coverageSchema":"1a1c01bbd47fc00a2c39e90264f33305004495a9","hash":"fe590f6ba03f27649b524dae4eb9584d45dc7664"}
,"/Users/dennis/hackReactor/fec/FECApp/client/src/components/QAModule/QAComponents/AddAnswer.jsx": {"path":"/Users/dennis/hackReactor/fec/FECApp/client/src/components/QAModule/QAComponents/AddAnswer.jsx","statementMap":{"0":{"start":{"line":6,"column":15},"end":{"line":20,"column":1}},"1":{"start":{"line":23,"column":20},"end":{"line":23,"column":35}},"2":{"start":{"line":24,"column":24},"end":{"line":24,"column":29}},"3":{"start":{"line":25,"column":40},"end":{"line":25,"column":55}},"4":{"start":{"line":26,"column":20},"end":{"line":28,"column":3}},"5":{"start":{"line":27,"column":4},"end":{"line":27,"column":25}},"6":{"start":{"line":30,"column":21},"end":{"line":32,"column":3}},"7":{"start":{"line":31,"column":4},"end":{"line":31,"column":26}},"8":{"start":{"line":34,"column":23},"end":{"line":36,"column":3}},"9":{"start":{"line":35,"column":4},"end":{"line":35,"column":27}},"10":{"start":{"line":37,"column":2},"end":{"line":64,"column":4}}},"fnMap":{"0":{"name":"AddQuestion","decl":{"start":{"line":22,"column":24},"end":{"line":22,"column":35}},"loc":{"start":{"line":22,"column":50},"end":{"line":65,"column":1}},"line":22},"1":{"name":"(anonymous_1)","decl":{"start":{"line":26,"column":20},"end":{"line":26,"column":21}},"loc":{"start":{"line":26,"column":26},"end":{"line":28,"column":3}},"line":26},"2":{"name":"(anonymous_2)","decl":{"start":{"line":30,"column":21},"end":{"line":30,"column":22}},"loc":{"start":{"line":30,"column":27},"end":{"line":32,"column":3}},"line":30},"3":{"name":"(anonymous_3)","decl":{"start":{"line":34,"column":23},"end":{"line":34,"column":24}},"loc":{"start":{"line":34,"column":34},"end":{"line":36,"column":3}},"line":34}},"branchMap":{},"s":{"0":1,"1":0,"2":0,"3":0,"4":0,"5":0,"6":0,"7":0,"8":0,"9":0,"10":0},"f":{"0":0,"1":0,"2":0,"3":0},"b":{},"_coverageSchema":"1a1c01bbd47fc00a2c39e90264f33305004495a9","hash":"63a7cd98b37a9005e4a4568be1089bc1eca96a05"}
,"/Users/dennis/hackReactor/fec/FECApp/client/src/components/QAModule/QAComponents/AddQuestion.jsx": {"path":"/Users/dennis/hackReactor/fec/FECApp/client/src/components/QAModule/QAComponents/AddQuestion.jsx","statementMap":{"0":{"start":{"line":5,"column":26},"end":{"line":12,"column":1}},"1":{"start":{"line":15,"column":40},"end":{"line":15,"column":55}},"2":{"start":{"line":16,"column":20},"end":{"line":18,"column":3}},"3":{"start":{"line":17,"column":4},"end":{"line":17,"column":25}},"4":{"start":{"line":20,"column":21},"end":{"line":22,"column":3}},"5":{"start":{"line":21,"column":4},"end":{"line":21,"column":26}},"6":{"start":{"line":24,"column":23},"end":{"line":26,"column":3}},"7":{"start":{"line":25,"column":4},"end":{"line":25,"column":27}},"8":{"start":{"line":27,"column":2},"end":{"line":54,"column":4}}},"fnMap":{"0":{"name":"AddQuestion","decl":{"start":{"line":14,"column":24},"end":{"line":14,"column":35}},"loc":{"start":{"line":14,"column":51},"end":{"line":55,"column":1}},"line":14},"1":{"name":"(anonymous_1)","decl":{"start":{"line":16,"column":20},"end":{"line":16,"column":21}},"loc":{"start":{"line":16,"column":26},"end":{"line":18,"column":3}},"line":16},"2":{"name":"(anonymous_2)","decl":{"start":{"line":20,"column":21},"end":{"line":20,"column":22}},"loc":{"start":{"line":20,"column":27},"end":{"line":22,"column":3}},"line":20},"3":{"name":"(anonymous_3)","decl":{"start":{"line":24,"column":23},"end":{"line":24,"column":24}},"loc":{"start":{"line":24,"column":34},"end":{"line":26,"column":3}},"line":24}},"branchMap":{},"s":{"0":1,"1":5,"2":5,"3":0,"4":5,"5":0,"6":5,"7":0,"8":5},"f":{"0":5,"1":0,"2":0,"3":0},"b":{},"_coverageSchema":"1a1c01bbd47fc00a2c39e90264f33305004495a9","hash":"dc6cf130ff743d802f6b5e84dc28b722c80cc215"}
,"/Users/dennis/hackReactor/fec/FECApp/client/src/components/QAModule/QAComponents/AnswerEntry.jsx": {"path":"/Users/dennis/hackReactor/fec/FECApp/client/src/components/QAModule/QAComponents/AnswerEntry.jsx","statementMap":{"0":{"start":{"line":4,"column":24},"end":{"line":9,"column":1}},"1":{"start":{"line":11,"column":19},"end":{"line":18,"column":1}},"2":{"start":{"line":20,"column":22},"end":{"line":27,"column":1}},"3":{"start":{"line":29,"column":17},"end":{"line":31,"column":1}},"4":{"start":{"line":33,"column":22},"end":{"line":35,"column":1}},"5":{"start":{"line":37,"column":26},"end":{"line":47,"column":1}},"6":{"start":{"line":49,"column":21},"end":{"line":59,"column":1}},"7":{"start":{"line":62,"column":50},"end":{"line":62,"column":78}},"8":{"start":{"line":63,"column":38},"end":{"line":63,"column":53}},"9":{"start":{"line":64,"column":50},"end":{"line":64,"column":65}},"10":{"start":{"line":66,"column":37},"end":{"line":71,"column":3}},"11":{"start":{"line":67,"column":4},"end":{"line":70,"column":5}},"12":{"start":{"line":68,"column":6},"end":{"line":68,"column":48}},"13":{"start":{"line":69,"column":6},"end":{"line":69,"column":32}},"14":{"start":{"line":73,"column":23},"end":{"line":75,"column":3}},"15":{"start":{"line":74,"column":4},"end":{"line":74,"column":24}},"16":{"start":{"line":77,"column":2},"end":{"line":113,"column":4}}},"fnMap":{"0":{"name":"AnswerEntry","decl":{"start":{"line":61,"column":24},"end":{"line":61,"column":35}},"loc":{"start":{"line":61,"column":48},"end":{"line":114,"column":1}},"line":61},"1":{"name":"(anonymous_1)","decl":{"start":{"line":66,"column":37},"end":{"line":66,"column":38}},"loc":{"start":{"line":66,"column":43},"end":{"line":71,"column":3}},"line":66},"2":{"name":"(anonymous_2)","decl":{"start":{"line":73,"column":23},"end":{"line":73,"column":24}},"loc":{"start":{"line":73,"column":29},"end":{"line":75,"column":3}},"line":73}},"branchMap":{"0":{"loc":{"start":{"line":67,"column":4},"end":{"line":70,"column":5}},"type":"if","locations":[{"start":{"line":67,"column":4},"end":{"line":70,"column":5}},{"start":{},"end":{}}],"line":67},"1":{"loc":{"start":{"line":104,"column":9},"end":{"line":110,"column":9}},"type":"cond-expr","locations":[{"start":{"line":105,"column":10},"end":{"line":105,"column":31}},{"start":{"line":107,"column":10},"end":{"line":109,"column":25}}],"line":104}},"s":{"0":1,"1":1,"2":1,"3":1,"4":1,"5":1,"6":1,"7":0,"8":0,"9":0,"10":0,"11":0,"12":0,"13":0,"14":0,"15":0,"16":0},"f":{"0":0,"1":0,"2":0},"b":{"0":[0,0],"1":[0,0]},"_coverageSchema":"1a1c01bbd47fc00a2c39e90264f33305004495a9","hash":"34f81392891d15a727480aba76a2a97963c1acd2"}
,"/Users/dennis/hackReactor/fec/FECApp/client/src/components/QAModule/QAComponents/QuestionEntry.jsx": {"path":"/Users/dennis/hackReactor/fec/FECApp/client/src/components/QAModule/QAComponents/QuestionEntry.jsx","statementMap":{"0":{"start":{"line":6,"column":26},"end":{"line":11,"column":1}},"1":{"start":{"line":13,"column":17},"end":{"line":18,"column":1}},"2":{"start":{"line":20,"column":25},"end":{"line":27,"column":1}},"3":{"start":{"line":29,"column":21},"end":{"line":34,"column":1}},"4":{"start":{"line":36,"column":22},"end":{"line":43,"column":1}},"5":{"start":{"line":45,"column":22},"end":{"line":47,"column":1}},"6":{"start":{"line":49,"column":26},"end":{"line":61,"column":1}},"7":{"start":{"line":64,"column":50},"end":{"line":64,"column":61}},"8":{"start":{"line":65,"column":50},"end":{"line":65,"column":89}},"9":{"start":{"line":66,"column":50},"end":{"line":66,"column":65}},"10":{"start":{"line":68,"column":24},"end":{"line":80,"column":3}},"11":{"start":{"line":69,"column":4},"end":{"line":78,"column":5}},"12":{"start":{"line":70,"column":18},"end":{"line":70,"column":19}},"13":{"start":{"line":71,"column":6},"end":{"line":77,"column":9}},"14":{"start":{"line":72,"column":8},"end":{"line":75,"column":9}},"15":{"start":{"line":73,"column":10},"end":{"line":73,"column":21}},"16":{"start":{"line":74,"column":10},"end":{"line":74,"column":95}},"17":{"start":{"line":76,"column":8},"end":{"line":76,"column":20}},"18":{"start":{"line":79,"column":4},"end":{"line":79,"column":16}},"19":{"start":{"line":82,"column":26},"end":{"line":84,"column":3}},"20":{"start":{"line":83,"column":4},"end":{"line":83,"column":46}},"21":{"start":{"line":86,"column":31},"end":{"line":91,"column":3}},"22":{"start":{"line":87,"column":4},"end":{"line":90,"column":5}},"23":{"start":{"line":88,"column":6},"end":{"line":88,"column":48}},"24":{"start":{"line":89,"column":6},"end":{"line":89,"column":32}},"25":{"start":{"line":93,"column":2},"end":{"line":114,"column":4}}},"fnMap":{"0":{"name":"QuestionEntry","decl":{"start":{"line":63,"column":24},"end":{"line":63,"column":37}},"loc":{"start":{"line":63,"column":52},"end":{"line":115,"column":1}},"line":63},"1":{"name":"(anonymous_1)","decl":{"start":{"line":68,"column":24},"end":{"line":68,"column":25}},"loc":{"start":{"line":68,"column":30},"end":{"line":80,"column":3}},"line":68},"2":{"name":"(anonymous_2)","decl":{"start":{"line":71,"column":47},"end":{"line":71,"column":48}},"loc":{"start":{"line":71,"column":56},"end":{"line":77,"column":7}},"line":71},"3":{"name":"(anonymous_3)","decl":{"start":{"line":82,"column":26},"end":{"line":82,"column":27}},"loc":{"start":{"line":82,"column":32},"end":{"line":84,"column":3}},"line":82},"4":{"name":"(anonymous_4)","decl":{"start":{"line":86,"column":31},"end":{"line":86,"column":32}},"loc":{"start":{"line":86,"column":37},"end":{"line":91,"column":3}},"line":86}},"branchMap":{"0":{"loc":{"start":{"line":69,"column":4},"end":{"line":78,"column":5}},"type":"if","locations":[{"start":{"line":69,"column":4},"end":{"line":78,"column":5}},{"start":{},"end":{}}],"line":69},"1":{"loc":{"start":{"line":69,"column":8},"end":{"line":69,"column":36}},"type":"binary-expr","locations":[{"start":{"line":69,"column":8},"end":{"line":69,"column":16}},{"start":{"line":69,"column":20},"end":{"line":69,"column":36}}],"line":69},"2":{"loc":{"start":{"line":72,"column":8},"end":{"line":75,"column":9}},"type":"if","locations":[{"start":{"line":72,"column":8},"end":{"line":75,"column":9}},{"start":{},"end":{}}],"line":72},"3":{"loc":{"start":{"line":87,"column":4},"end":{"line":90,"column":5}},"type":"if","locations":[{"start":{"line":87,"column":4},"end":{"line":90,"column":5}},{"start":{},"end":{}}],"line":87},"4":{"loc":{"start":{"line":109,"column":9},"end":{"line":111,"column":9}},"type":"binary-expr","locations":[{"start":{"line":109,"column":9},"end":{"line":109,"column":64}},{"start":{"line":110,"column":8},"end":{"line":110,"column":104}}],"line":109}},"s":{"0":1,"1":1,"2":1,"3":1,"4":1,"5":1,"6":1,"7":0,"8":0,"9":0,"10":0,"11":0,"12":0,"13":0,"14":0,"15":0,"16":0,"17":0,"18":0,"19":0,"20":0,"21":0,"22":0,"23":0,"24":0,"25":0},"f":{"0":0,"1":0,"2":0,"3":0,"4":0},"b":{"0":[0,0],"1":[0,0],"2":[0,0],"3":[0,0],"4":[0,0]},"_coverageSchema":"1a1c01bbd47fc00a2c39e90264f33305004495a9","hash":"05fcfda2564a06d6e9d2346a0ec687957e2ffce2"}
,"/Users/dennis/hackReactor/fec/FECApp/client/src/components/QAModule/QAComponents/QuestionsList.jsx": {"path":"/Users/dennis/hackReactor/fec/FECApp/client/src/components/QAModule/QAComponents/QuestionsList.jsx","statementMap":{"0":{"start":{"line":5,"column":28},"end":{"line":12,"column":1}},"1":{"start":{"line":14,"column":40},"end":{"line":14,"column":51}},"2":{"start":{"line":16,"column":26},"end":{"line":25,"column":3}},"3":{"start":{"line":17,"column":16},"end":{"line":17,"column":17}},"4":{"start":{"line":18,"column":4},"end":{"line":24,"column":7}},"5":{"start":{"line":19,"column":6},"end":{"line":22,"column":7}},"6":{"start":{"line":20,"column":8},"end":{"line":20,"column":19}},"7":{"start":{"line":21,"column":8},"end":{"line":21,"column":80}},"8":{"start":{"line":23,"column":6},"end":{"line":23,"column":18}},"9":{"start":{"line":27,"column":21},"end":{"line":29,"column":3}},"10":{"start":{"line":28,"column":4},"end":{"line":28,"column":36}},"11":{"start":{"line":31,"column":2},"end":{"line":40,"column":4}}},"fnMap":{"0":{"name":"QuestionsList","decl":{"start":{"line":13,"column":24},"end":{"line":13,"column":37}},"loc":{"start":{"line":13,"column":53},"end":{"line":41,"column":1}},"line":13},"1":{"name":"(anonymous_1)","decl":{"start":{"line":16,"column":26},"end":{"line":16,"column":27}},"loc":{"start":{"line":16,"column":32},"end":{"line":25,"column":3}},"line":16},"2":{"name":"(anonymous_2)","decl":{"start":{"line":18,"column":25},"end":{"line":18,"column":26}},"loc":{"start":{"line":18,"column":39},"end":{"line":24,"column":5}},"line":18},"3":{"name":"(anonymous_3)","decl":{"start":{"line":27,"column":21},"end":{"line":27,"column":22}},"loc":{"start":{"line":27,"column":27},"end":{"line":29,"column":3}},"line":27}},"branchMap":{"0":{"loc":{"start":{"line":19,"column":6},"end":{"line":22,"column":7}},"type":"if","locations":[{"start":{"line":19,"column":6},"end":{"line":22,"column":7}},{"start":{},"end":{}}],"line":19},"1":{"loc":{"start":{"line":35,"column":9},"end":{"line":37,"column":9}},"type":"binary-expr","locations":[{"start":{"line":35,"column":9},"end":{"line":35,"column":39}},{"start":{"line":36,"column":10},"end":{"line":36,"column":111}}],"line":35}},"s":{"0":1,"1":5,"2":5,"3":5,"4":5,"5":0,"6":0,"7":0,"8":0,"9":5,"10":0,"11":5},"f":{"0":5,"1":5,"2":0,"3":0},"b":{"0":[0,0],"1":[5,0]},"_coverageSchema":"1a1c01bbd47fc00a2c39e90264f33305004495a9","hash":"9ced08f260e57f1b6e2c2433e8c0cbf4fdcd337f"}
,"/Users/dennis/hackReactor/fec/FECApp/client/src/components/QAModule/QAComponents/SearchBar.jsx": {"path":"/Users/dennis/hackReactor/fec/FECApp/client/src/components/QAModule/QAComponents/SearchBar.jsx","statementMap":{"0":{"start":{"line":4,"column":13},"end":{"line":7,"column":1}},"1":{"start":{"line":9,"column":14},"end":{"line":18,"column":1}},"2":{"start":{"line":20,"column":15},"end":{"line":27,"column":1}},"3":{"start":{"line":30,"column":30},"end":{"line":30,"column":42}},"4":{"start":{"line":32,"column":23},"end":{"line":34,"column":3}},"5":{"start":{"line":33,"column":4},"end":{"line":33,"column":27}},"6":{"start":{"line":36,"column":23},"end":{"line":43,"column":3}},"7":{"start":{"line":37,"column":4},"end":{"line":37,"column":34}},"8":{"start":{"line":38,"column":4},"end":{"line":42,"column":5}},"9":{"start":{"line":39,"column":6},"end":{"line":39,"column":35}},"10":{"start":{"line":41,"column":6},"end":{"line":41,"column":19}},"11":{"start":{"line":44,"column":2},"end":{"line":57,"column":4}}},"fnMap":{"0":{"name":"SearchBar","decl":{"start":{"line":29,"column":24},"end":{"line":29,"column":33}},"loc":{"start":{"line":29,"column":48},"end":{"line":58,"column":1}},"line":29},"1":{"name":"(anonymous_1)","decl":{"start":{"line":32,"column":23},"end":{"line":32,"column":24}},"loc":{"start":{"line":32,"column":34},"end":{"line":34,"column":3}},"line":32},"2":{"name":"(anonymous_2)","decl":{"start":{"line":36,"column":23},"end":{"line":36,"column":24}},"loc":{"start":{"line":36,"column":34},"end":{"line":43,"column":3}},"line":36}},"branchMap":{"0":{"loc":{"start":{"line":38,"column":4},"end":{"line":42,"column":5}},"type":"if","locations":[{"start":{"line":38,"column":4},"end":{"line":42,"column":5}},{"start":{"line":40,"column":11},"end":{"line":42,"column":5}}],"line":38}},"s":{"0":1,"1":1,"2":1,"3":5,"4":5,"5":0,"6":5,"7":0,"8":0,"9":0,"10":0,"11":5},"f":{"0":5,"1":0,"2":0},"b":{"0":[0,0]},"_coverageSchema":"1a1c01bbd47fc00a2c39e90264f33305004495a9","hash":"06e354c78d852073542ea69e60aad5c4fc150f9c"}
,"/Users/dennis/hackReactor/fec/FECApp/client/src/components/QAModule/QAComponents/index.jsx": {"path":"/Users/dennis/hackReactor/fec/FECApp/client/src/components/QAModule/QAComponents/index.jsx","statementMap":{},"fnMap":{},"branchMap":{},"s":{},"f":{},"b":{},"_coverageSchema":"1a1c01bbd47fc00a2c39e90264f33305004495a9","hash":"9c5cc40bd61d35e707e7062c288aa235f766439c"}
,"/Users/dennis/hackReactor/fec/FECApp/client/src/components/ratings-and-reviews/RRParse.js": {"path":"/Users/dennis/hackReactor/fec/FECApp/client/src/components/ratings-and-reviews/RRParse.js","statementMap":{"0":{"start":{"line":5,"column":15},"end":{"line":5,"column":77}},"1":{"start":{"line":6,"column":21},"end":{"line":6,"column":27}},"2":{"start":{"line":7,"column":14},"end":{"line":7,"column":28}},"3":{"start":{"line":9,"column":15},"end":{"line":13,"column":1}},"4":{"start":{"line":15,"column":16},"end":{"line":51,"column":1}},"5":{"start":{"line":18,"column":24},"end":{"line":18,"column":55}},"6":{"start":{"line":19,"column":4},"end":{"line":27,"column":9}},"7":{"start":{"line":21,"column":8},"end":{"line":21,"column":61}},"8":{"start":{"line":22,"column":8},"end":{"line":22,"column":41}},"9":{"start":{"line":25,"column":8},"end":{"line":25,"column":56}},"10":{"start":{"line":26,"column":8},"end":{"line":26,"column":23}},"11":{"start":{"line":30,"column":24},"end":{"line":30,"column":70}},"12":{"start":{"line":31,"column":4},"end":{"line":49,"column":9}},"13":{"start":{"line":33,"column":8},"end":{"line":33,"column":55}},"14":{"start":{"line":34,"column":8},"end":{"line":40,"column":11}},"15":{"start":{"line":41,"column":8},"end":{"line":41,"column":54}},"16":{"start":{"line":42,"column":8},"end":{"line":42,"column":46}},"17":{"start":{"line":45,"column":8},"end":{"line":45,"column":56}},"18":{"start":{"line":46,"column":8},"end":{"line":46,"column":23}},"19":{"start":{"line":47,"column":8},"end":{"line":47,"column":31}},"20":{"start":{"line":48,"column":8},"end":{"line":48,"column":27}}},"fnMap":{"0":{"name":"(anonymous_0)","decl":{"start":{"line":17,"column":14},"end":{"line":17,"column":15}},"loc":{"start":{"line":17,"column":38},"end":{"line":28,"column":3}},"line":17},"1":{"name":"(anonymous_1)","decl":{"start":{"line":20,"column":12},"end":{"line":20,"column":13}},"loc":{"start":{"line":20,"column":25},"end":{"line":23,"column":7}},"line":20},"2":{"name":"(anonymous_2)","decl":{"start":{"line":24,"column":13},"end":{"line":24,"column":14}},"loc":{"start":{"line":24,"column":22},"end":{"line":27,"column":7}},"line":24},"3":{"name":"(anonymous_3)","decl":{"start":{"line":29,"column":11},"end":{"line":29,"column":12}},"loc":{"start":{"line":29,"column":71},"end":{"line":50,"column":3}},"line":29},"4":{"name":"(anonymous_4)","decl":{"start":{"line":32,"column":12},"end":{"line":32,"column":13}},"loc":{"start":{"line":32,"column":22},"end":{"line":43,"column":7}},"line":32},"5":{"name":"(anonymous_5)","decl":{"start":{"line":44,"column":13},"end":{"line":44,"column":14}},"loc":{"start":{"line":44,"column":22},"end":{"line":49,"column":7}},"line":44}},"branchMap":{},"s":{"0":1,"1":1,"2":1,"3":1,"4":1,"5":0,"6":0,"7":0,"8":0,"9":0,"10":0,"11":0,"12":0,"13":0,"14":0,"15":0,"16":0,"17":0,"18":0,"19":0,"20":0},"f":{"0":0,"1":0,"2":0,"3":0,"4":0,"5":0},"b":{},"_coverageSchema":"1a1c01bbd47fc00a2c39e90264f33305004495a9","hash":"67a62a614f4e168d31aac226f65eb42fe6e274b4"}
,"/Users/dennis/hackReactor/fec/FECApp/client/src/components/ratings-and-reviews/RatingsAndReviews.jsx": {"path":"/Users/dennis/hackReactor/fec/FECApp/client/src/components/ratings-and-reviews/RatingsAndReviews.jsx","statementMap":{"0":{"start":{"line":9,"column":15},"end":{"line":9,"column":22}},"1":{"start":{"line":11,"column":26},"end":{"line":34,"column":1}},"2":{"start":{"line":12,"column":18},"end":{"line":12,"column":33}},"3":{"start":{"line":13,"column":32},"end":{"line":13,"column":44}},"4":{"start":{"line":14,"column":32},"end":{"line":14,"column":44}},"5":{"start":{"line":15,"column":40},"end":{"line":15,"column":52}},"6":{"start":{"line":16,"column":48},"end":{"line":16,"column":60}},"7":{"start":{"line":17,"column":2},"end":{"line":22,"column":32}},"8":{"start":{"line":18,"column":4},"end":{"line":21,"column":5}},"9":{"start":{"line":19,"column":6},"end":{"line":19,"column":62}},"10":{"start":{"line":20,"column":6},"end":{"line":20,"column":95}},"11":{"start":{"line":24,"column":2},"end":{"line":33,"column":4}}},"fnMap":{"0":{"name":"(anonymous_0)","decl":{"start":{"line":11,"column":26},"end":{"line":11,"column":27}},"loc":{"start":{"line":11,"column":38},"end":{"line":34,"column":1}},"line":11},"1":{"name":"(anonymous_1)","decl":{"start":{"line":17,"column":12},"end":{"line":17,"column":13}},"loc":{"start":{"line":17,"column":18},"end":{"line":22,"column":3}},"line":17}},"branchMap":{"0":{"loc":{"start":{"line":18,"column":4},"end":{"line":21,"column":5}},"type":"if","locations":[{"start":{"line":18,"column":4},"end":{"line":21,"column":5}},{"start":{},"end":{}}],"line":18}},"s":{"0":1,"1":1,"2":9,"3":8,"4":8,"5":8,"6":8,"7":8,"8":0,"9":0,"10":0,"11":0},"f":{"0":9,"1":0},"b":{"0":[0,0]},"_coverageSchema":"1a1c01bbd47fc00a2c39e90264f33305004495a9","hash":"d09fcc41a8f46aa93c2e204b4837d93d759c415a"}
,"/Users/dennis/hackReactor/fec/FECApp/client/src/components/ratings-and-reviews/StyledComponentsRR/StyledComponentsRR.jsx": {"path":"/Users/dennis/hackReactor/fec/FECApp/client/src/components/ratings-and-reviews/StyledComponentsRR/StyledComponentsRR.jsx","statementMap":{"0":{"start":{"line":3,"column":35},"end":{"line":5,"column":1}},"1":{"start":{"line":7,"column":15},"end":{"line":9,"column":1}},"2":{"start":{"line":11,"column":14},"end":{"line":20,"column":1}},"3":{"start":{"line":13,"column":28},"end":{"line":13,"column":51}}},"fnMap":{"0":{"name":"(anonymous_0)","decl":{"start":{"line":13,"column":15},"end":{"line":13,"column":16}},"loc":{"start":{"line":13,"column":28},"end":{"line":13,"column":51}},"line":13}},"branchMap":{"0":{"loc":{"start":{"line":13,"column":28},"end":{"line":13,"column":51}},"type":"cond-expr","locations":[{"start":{"line":13,"column":35},"end":{"line":13,"column":42}},{"start":{"line":13,"column":45},"end":{"line":13,"column":51}}],"line":13}},"s":{"0":1,"1":1,"2":1,"3":0},"f":{"0":0},"b":{"0":[0,0]},"_coverageSchema":"1a1c01bbd47fc00a2c39e90264f33305004495a9","hash":"04aa7270c1700a8dff2bb529b600f58e8c34aa5b"}
,"/Users/dennis/hackReactor/fec/FECApp/client/src/components/ratings-and-reviews/StyledComponentsRR/index.js": {"path":"/Users/dennis/hackReactor/fec/FECApp/client/src/components/ratings-and-reviews/StyledComponentsRR/index.js","statementMap":{},"fnMap":{},"branchMap":{},"s":{},"f":{},"b":{},"_coverageSchema":"1a1c01bbd47fc00a2c39e90264f33305004495a9","hash":"dba1de0a8ed00b8eff6f1aaa5202a3b602621613"}
,"/Users/dennis/hackReactor/fec/FECApp/client/src/components/ratings-and-reviews/rr-components/AddReviewForm/AddReviewForm.jsx": {"path":"/Users/dennis/hackReactor/fec/FECApp/client/src/components/ratings-and-reviews/rr-components/AddReviewForm/AddReviewForm.jsx","statementMap":{"0":{"start":{"line":3,"column":22},"end":{"line":74,"column":1}},"1":{"start":{"line":7,"column":2},"end":{"line":73,"column":4}}},"fnMap":{"0":{"name":"(anonymous_0)","decl":{"start":{"line":3,"column":22},"end":{"line":3,"column":23}},"loc":{"start":{"line":3,"column":34},"end":{"line":74,"column":1}},"line":3}},"branchMap":{},"s":{"0":1,"1":0},"f":{"0":0},"b":{},"_coverageSchema":"1a1c01bbd47fc00a2c39e90264f33305004495a9","hash":"23e9acac3c44d24ba935d01191e7bbb492f71193"}
[...]
,"/Users/dennis/hackReactor/fec/FECApp/client/src/components/ratings-and-reviews/rr-components/ProductBreakdown/Factors/FactorsBar.jsx": {"path":"/Users/dennis/hackReactor/fec/FECApp/client/src/components/ratings-and-reviews/rr-components/ProductBreakdown/Factors/FactorsBar.jsx","statementMap":{"0":{"start":{"line":3,"column":18},"end":{"line":7,"column":1}},"1":{"start":{"line":9,"column":16},"end":{"line":15,"column":1}},"2":{"start":{"line":17,"column":19},"end":{"line":20,"column":1}},"3":{"start":{"line":22,"column":20},"end":{"line":25,"column":3}},"4":{"start":{"line":27,"column":20},"end":{"line":29,"column":3}}},"fnMap":{},"branchMap":{},"s":{"0":1,"1":1,"2":1,"3":1,"4":1},"f":{},"b":{},"_coverageSchema":"1a1c01bbd47fc00a2c39e90264f33305004495a9","hash":"db746b142980c27768f9c375551ba821376503d4"}
,"/Users/dennis/hackReactor/fec/FECApp/client/src/components/ratings-and-reviews/rr-components/ProductBreakdown/Factors/index.jsx": {"path":"/Users/dennis/hackReactor/fec/FECApp/client/src/components/ratings-and-reviews/rr-components/ProductBreakdown/Factors/index.jsx","statementMap":{},"fnMap":{},"branchMap":{},"s":{},"f":{},"b":{},"_coverageSchema":"1a1c01bbd47fc00a2c39e90264f33305004495a9","hash":"2da9ad7f9a2eb16982dcb252c256eed66a7cc1c9"}
,"/Users/dennis/hackReactor/fec/FECApp/client/src/components/ratings-and-reviews/rr-components/RatingBreakdown/PercentBars.jsx": {"path":"/Users/dennis/hackReactor/fec/FECApp/client/src/components/ratings-and-reviews/rr-components/RatingBreakdown/PercentBars.jsx","statementMap":{"0":{"start":{"line":3,"column":18},"end":{"line":7,"column":1}},"1":{"start":{"line":9,"column":16},"end":{"line":15,"column":1}},"2":{"start":{"line":17,"column":19},"end":{"line":20,"column":1}},"3":{"start":{"line":22,"column":17},"end":{"line":25,"column":1}},"4":{"start":{"line":24,"column":28},"end":{"line":24,"column":35}}},"fnMap":{"0":{"name":"(anonymous_0)","decl":{"start":{"line":24,"column":11},"end":{"line":24,"column":12}},"loc":{"start":{"line":24,"column":28},"end":{"line":24,"column":35}},"line":24}},"branchMap":{},"s":{"0":1,"1":1,"2":1,"3":1,"4":0},"f":{"0":0},"b":{},"_coverageSchema":"1a1c01bbd47fc00a2c39e90264f33305004495a9","hash":"af2881322fce43b028a53b2d4b36c7bf8d21bb40"}
,"/Users/dennis/hackReactor/fec/FECApp/client/src/components/ratings-and-reviews/rr-components/RatingBreakdown/RatingBreakdown.jsx": {"path":"/Users/dennis/hackReactor/fec/FECApp/client/src/components/ratings-and-reviews/rr-components/RatingBreakdown/RatingBreakdown.jsx","statementMap":{"0":{"start":{"line":5,"column":24},"end":{"line":61,"column":1}},"1":{"start":{"line":6,"column":22},"end":{"line":6,"column":150}},"2":{"start":{"line":7,"column":23},"end":{"line":7,"column":85}},"3":{"start":{"line":8,"column":19},"end":{"line":8,"column":64}},"4":{"start":{"line":9,"column":19},"end":{"line":9,"column":64}},"5":{"start":{"line":10,"column":21},"end":{"line":10,"column":66}},"6":{"start":{"line":11,"column":20},"end":{"line":11,"column":65}},"7":{"start":{"line":12,"column":20},"end":{"line":12,"column":65}},"8":{"start":{"line":14,"column":2},"end":{"line":60,"column":4}}},"fnMap":{"0":{"name":"(anonymous_0)","decl":{"start":{"line":5,"column":24},"end":{"line":5,"column":25}},"loc":{"start":{"line":5,"column":60},"end":{"line":61,"column":1}},"line":5}},"branchMap":{},"s":{"0":1,"1":0,"2":0,"3":0,"4":0,"5":0,"6":0,"7":0,"8":0},"f":{"0":0},"b":{},"_coverageSchema":"1a1c01bbd47fc00a2c39e90264f33305004495a9","hash":"e986bcb2ab47a7d8c7f58353229a804a581fac65"}
,"/Users/dennis/hackReactor/fec/FECApp/client/src/components/ratings-and-reviews/rr-components/RatingBreakdown/index.jsx": {"path":"/Users/dennis/hackReactor/fec/FECApp/client/src/components/ratings-and-reviews/rr-components/RatingBreakdown/index.jsx","statementMap":{},"fnMap":{},"branchMap":{},"s":{},"f":{},"b":{},"_coverageSchema":"1a1c01bbd47fc00a2c39e90264f33305004495a9","hash":"5d5c884f75a4a3d96c015c080bbac028ed2fb6c2"}
,"/Users/dennis/hackReactor/fec/FECApp/client/src/components/ratings-and-reviews/rr-components/RatingSummary/RatingSummary.jsx": {"path":"/Users/dennis/hackReactor/fec/FECApp/client/src/components/ratings-and-reviews/rr-components/RatingSummary/RatingSummary.jsx","statementMap":{"0":{"start":{"line":6,"column":22},"end":{"line":38,"column":1}},"1":{"start":{"line":8,"column":19},"end":{"line":8,"column":29}},"2":{"start":{"line":9,"column":19},"end":{"line":9,"column":33}},"3":{"start":{"line":10,"column":21},"end":{"line":10,"column":35}},"4":{"start":{"line":11,"column":20},"end":{"line":11,"column":34}},"5":{"start":{"line":12,"column":20},"end":{"line":12,"column":34}},"6":{"start":{"line":13,"column":24},"end":{"line":13,"column":34}},"7":{"start":{"line":14,"column":24},"end":{"line":14,"column":34}},"8":{"start":{"line":15,"column":26},"end":{"line":15,"column":36}},"9":{"start":{"line":16,"column":25},"end":{"line":16,"column":35}},"10":{"start":{"line":17,"column":25},"end":{"line":17,"column":35}},"11":{"start":{"line":18,"column":18},"end":{"line":19,"column":87}},"12":{"start":{"line":20,"column":24},"end":{"line":20,"column":42}},"13":{"start":{"line":21,"column":20},"end":{"line":21,"column":41}},"14":{"start":{"line":23,"column":2},"end":{"line":37,"column":4}}},"fnMap":{"0":{"name":"(anonymous_0)","decl":{"start":{"line":6,"column":22},"end":{"line":6,"column":23}},"loc":{"start":{"line":6,"column":75},"end":{"line":38,"column":1}},"line":6}},"branchMap":{},"s":{"0":1,"1":0,"2":0,"3":0,"4":0,"5":0,"6":0,"7":0,"8":0,"9":0,"10":0,"11":0,"12":0,"13":0,"14":0},"f":{"0":0},"b":{},"_coverageSchema":"1a1c01bbd47fc00a2c39e90264f33305004495a9","hash":"2ef058c3665fa7b6761bdafdb304b94b1bbd3952"}
,"/Users/dennis/hackReactor/fec/FECApp/client/src/components/ratings-and-reviews/rr-components/RatingSummary/index.jsx": {"path":"/Users/dennis/hackReactor/fec/FECApp/client/src/components/ratings-and-reviews/rr-components/RatingSummary/index.jsx","statementMap":{},"fnMap":{},"branchMap":{},"s":{},"f":{},"b":{},"_coverageSchema":"1a1c01bbd47fc00a2c39e90264f33305004495a9","hash":"55eeba0e7aa900e3467dd4a2d6aa85492c61ea0b"}
,"/Users/dennis/hackReactor/fec/FECApp/client/src/components/ratings-and-reviews/rr-components/ReviewTile/ReviewTile.jsx": {"path":"/Users/dennis/hackReactor/fec/FECApp/client/src/components/ratings-and-reviews/rr-components/ReviewTile/ReviewTile.jsx","statementMap":{"0":{"start":{"line":4,"column":19},"end":{"line":32,"column":1}},"1":{"start":{"line":5,"column":19},"end":{"line":5,"column":46}},"2":{"start":{"line":6,"column":2},"end":{"line":31,"column":4}},"3":{"start":{"line":10,"column":32},"end":{"line":10,"column":37}},"4":{"start":{"line":11,"column":12},"end":{"line":18,"column":13}}},"fnMap":{"0":{"name":"(anonymous_0)","decl":{"start":{"line":4,"column":19},"end":{"line":4,"column":20}},"loc":{"start":{"line":4,"column":45},"end":{"line":32,"column":1}},"line":4},"1":{"name":"(anonymous_1)","decl":{"start":{"line":9,"column":29},"end":{"line":9,"column":30}},"loc":{"start":{"line":9,"column":42},"end":{"line":19,"column":11}},"line":9}},"branchMap":{"0":{"loc":{"start":{"line":16,"column":23},"end":{"line":16,"column":68}},"type":"cond-expr","locations":[{"start":{"line":16,"column":47},"end":{"line":16,"column":56}},{"start":{"line":16,"column":59},"end":{"line":16,"column":68}}],"line":16}},"s":{"0":1,"1":0,"2":0,"3":0,"4":0},"f":{"0":0,"1":0},"b":{"0":[0,0]},"_coverageSchema":"1a1c01bbd47fc00a2c39e90264f33305004495a9","hash":"2975b538bb00830f39d940d1359dda56e7fc2f2e"}
,"/Users/dennis/hackReactor/fec/FECApp/client/src/components/ratings-and-reviews/rr-components/ReviewsList/ReviewsList.jsx": {"path":"/Users/dennis/hackReactor/fec/FECApp/client/src/components/ratings-and-reviews/rr-components/ReviewsList/ReviewsList.jsx","statementMap":{"0":{"start":{"line":5,"column":20},"end":{"line":26,"column":1}},"1":{"start":{"line":6,"column":22},"end":{"line":6,"column":29}},"2":{"start":{"line":7,"column":24},"end":{"line":7,"column":121}},"3":{"start":{"line":8,"column":20},"end":{"line":10,"column":3}},"4":{"start":{"line":9,"column":4},"end":{"line":9,"column":61}},"5":{"start":{"line":12,"column":2},"end":{"line":25,"column":4}}},"fnMap":{"0":{"name":"(anonymous_0)","decl":{"start":{"line":5,"column":20},"end":{"line":5,"column":21}},"loc":{"start":{"line":5,"column":59},"end":{"line":26,"column":1}},"line":5},"1":{"name":"(anonymous_1)","decl":{"start":{"line":8,"column":36},"end":{"line":8,"column":37}},"loc":{"start":{"line":9,"column":4},"end":{"line":9,"column":61}},"line":9}},"branchMap":{},"s":{"0":1,"1":0,"2":0,"3":0,"4":0,"5":0},"f":{"0":0,"1":0},"b":{},"_coverageSchema":"1a1c01bbd47fc00a2c39e90264f33305004495a9","hash":"33673052ee504311ca9e88f7c0ed1f22cc33a82b"}
,"/Users/dennis/hackReactor/fec/FECApp/client/src/components/ratings-and-reviews/rr-components/ReviewsList/ReviewsListStyles.jsx": {"path":"/Users/dennis/hackReactor/fec/FECApp/client/src/components/ratings-and-reviews/rr-components/ReviewsList/ReviewsListStyles.jsx","statementMap":{"0":{"start":{"line":3,"column":18},"end":{"line":7,"column":1}}},"fnMap":{},"branchMap":{},"s":{"0":1},"f":{},"b":{},"_coverageSchema":"1a1c01bbd47fc00a2c39e90264f33305004495a9","hash":"3e13e5451ebdbc8dd52dff0e3c6ccdfea7ba7fa1"}
,"/Users/dennis/hackReactor/fec/FECApp/client/src/components/ratings-and-reviews/rr-components/ReviewsList/index.jsx": {"path":"/Users/dennis/hackReactor/fec/FECApp/client/src/components/ratings-and-reviews/rr-components/ReviewsList/index.jsx","statementMap":{},"fnMap":{},"branchMap":{},"s":{},"f":{},"b":{},"_coverageSchema":"1a1c01bbd47fc00a2c39e90264f33305004495a9","hash":"dd1156b92c6ece627a6b42f0769dc2036ffe5689"}
,"/Users/dennis/hackReactor/fec/FECApp/client/src/components/ratings-and-reviews/rr-components/Stars/Stars.jsx": {"path":"/Users/dennis/hackReactor/fec/FECApp/client/src/components/ratings-and-reviews/rr-components/Stars/Stars.jsx","statementMap":{"0":{"start":{"line":6,"column":14},"end":{"line":65,"column":1}},"1":{"start":{"line":7,"column":15},"end":{"line":7,"column":28}},"2":{"start":{"line":8,"column":16},"end":{"line":8,"column":18}},"3":{"start":{"line":9,"column":2},"end":{"line":44,"column":3}},"4":{"start":{"line":10,"column":4},"end":{"line":42,"column":5}},"5":{"start":{"line":11,"column":6},"end":{"line":11,"column":25}},"6":{"start":{"line":12,"column":11},"end":{"line":42,"column":5}},"7":{"start":{"line":13,"column":20},"end":{"line":13,"column":40}},"8":{"start":{"line":14,"column":20},"end":{"line":14,"column":43}},"9":{"start":{"line":15,"column":19},"end":{"line":15,"column":41}},"10":{"start":{"line":16,"column":20},"end":{"line":16,"column":43}},"11":{"start":{"line":17,"column":19},"end":{"line":17,"column":39}},"12":{"start":{"line":18,"column":22},"end":{"line":18,"column":63}},"13":{"start":{"line":19,"column":6},"end":{"line":39,"column":7}},"14":{"start":{"line":21,"column":10},"end":{"line":21,"column":27}},"15":{"start":{"line":22,"column":10},"end":{"line":22,"column":16}},"16":{"start":{"line":24,"column":10},"end":{"line":24,"column":28}},"17":{"start":{"line":25,"column":10},"end":{"line":25,"column":16}},"18":{"start":{"line":27,"column":10},"end":{"line":27,"column":28}},"19":{"start":{"line":28,"column":10},"end":{"line":28,"column":16}},"20":{"start":{"line":30,"column":10},"end":{"line":30,"column":28}},"21":{"start":{"line":31,"column":10},"end":{"line":31,"column":16}},"22":{"start":{"line":33,"column":10},"end":{"line":33,"column":29}},"23":{"start":{"line":34,"column":10},"end":{"line":34,"column":16}},"24":{"start":{"line":36,"column":10},"end":{"line":36,"column":30}},"25":{"start":{"line":37,"column":10},"end":{"line":37,"column":27}},"26":{"start":{"line":38,"column":10},"end":{"line":38,"column":16}},"27":{"start":{"line":41,"column":6},"end":{"line":41,"column":23}},"28":{"start":{"line":43,"column":4},"end":{"line":43,"column":24}},"29":{"start":{"line":46,"column":2},"end":{"line":64,"column":4}},"30":{"start":{"line":51,"column":8},"end":{"line":60,"column":9}}},"fnMap":{"0":{"name":"(anonymous_0)","decl":{"start":{"line":6,"column":14},"end":{"line":6,"column":15}},"loc":{"start":{"line":6,"column":43},"end":{"line":65,"column":1}},"line":6},"1":{"name":"(anonymous_1)","decl":{"start":{"line":50,"column":19},"end":{"line":50,"column":20}},"loc":{"start":{"line":50,"column":32},"end":{"line":61,"column":7}},"line":50}},"branchMap":{"0":{"loc":{"start":{"line":10,"column":4},"end":{"line":42,"column":5}},"type":"if","locations":[{"start":{"line":10,"column":4},"end":{"line":42,"column":5}},{"start":{"line":12,"column":11},"end":{"line":42,"column":5}}],"line":10},"1":{"loc":{"start":{"line":12,"column":11},"end":{"line":42,"column":5}},"type":"if","locations":[{"start":{"line":12,"column":11},"end":{"line":42,"column":5}},{"start":{"line":40,"column":11},"end":{"line":42,"column":5}}],"line":12},"2":{"loc":{"start":{"line":19,"column":6},"end":{"line":39,"column":7}},"type":"switch","locations":[{"start":{"line":20,"column":8},"end":{"line":22,"column":16}},{"start":{"line":23,"column":8},"end":{"line":25,"column":16}},{"start":{"line":26,"column":8},"end":{"line":28,"column":16}},{"start":{"line":29,"column":8},"end":{"line":31,"column":16}},{"start":{"line":32,"column":8},"end":{"line":34,"column":16}},{"start":{"line":35,"column":8},"end":{"line":38,"column":16}}],"line":19}},"s":{"0":3,"1":4,"2":4,"3":4,"4":20,"5":0,"6":20,"7":0,"8":0,"9":0,"10":0,"11":0,"12":0,"13":0,"14":0,"15":0,"16":0,"17":0,"18":0,"19":0,"20":0,"21":0,"22":0,"23":0,"24":0,"25":0,"26":0,"27":20,"28":20,"29":4,"30":20},"f":{"0":4,"1":20},"b":{"0":[0,20],"1":[0,20],"2":[0,0,0,0,0,0]},"_coverageSchema":"1a1c01bbd47fc00a2c39e90264f33305004495a9","hash":"c50e6cdb06c903bcc9ca77a84028b6f8980f7e25"}
,"/Users/dennis/hackReactor/fec/FECApp/client/src/components/ratings-and-reviews/rr-components/Stars/Stars.styles.js": {"path":"/Users/dennis/hackReactor/fec/FECApp/client/src/components/ratings-and-reviews/rr-components/Stars/Stars.styles.js","statementMap":{"0":{"start":{"line":3,"column":32},"end":{"line":11,"column":1}},"1":{"start":{"line":5,"column":22},"end":{"line":5,"column":38}},"2":{"start":{"line":6,"column":24},"end":{"line":6,"column":42}},"3":{"start":{"line":7,"column":25},"end":{"line":7,"column":44}},"4":{"start":{"line":10,"column":25},"end":{"line":10,"column":44}}},"fnMap":{"0":{"name":"(anonymous_0)","decl":{"start":{"line":5,"column":11},"end":{"line":5,"column":12}},"loc":{"start":{"line":5,"column":22},"end":{"line":5,"column":38}},"line":5},"1":{"name":"(anonymous_1)","decl":{"start":{"line":6,"column":13},"end":{"line":6,"column":14}},"loc":{"start":{"line":6,"column":24},"end":{"line":6,"column":42}},"line":6},"2":{"name":"(anonymous_2)","decl":{"start":{"line":7,"column":14},"end":{"line":7,"column":15}},"loc":{"start":{"line":7,"column":25},"end":{"line":7,"column":44}},"line":7},"3":{"name":"(anonymous_3)","decl":{"start":{"line":10,"column":14},"end":{"line":10,"column":15}},"loc":{"start":{"line":10,"column":25},"end":{"line":10,"column":44}},"line":10}},"branchMap":{},"s":{"0":3,"1":64,"2":64,"3":64,"4":64},"f":{"0":64,"1":64,"2":64,"3":64},"b":{},"_coverageSchema":"1a1c01bbd47fc00a2c39e90264f33305004495a9","hash":"4e37ef4221ef4229715a3ed1292609900d43ca14"}
,"/Users/dennis/hackReactor/fec/FECApp/client/src/components/ratings-and-reviews/rr-components/Stars/index.jsx": {"path":"/Users/dennis/hackReactor/fec/FECApp/client/src/components/ratings-and-reviews/rr-components/Stars/index.jsx","statementMap":{},"fnMap":{},"branchMap":{},"s":{},"f":{},"b":{},"_coverageSchema":"1a1c01bbd47fc00a2c39e90264f33305004495a9","hash":"8295851dc91525d803927db10b48af7a3ec47fb9"}
,"/Users/dennis/hackReactor/fec/FECApp/client/src/components/ratings-and-reviews/rr-components/Stars/EmptyStar/EmptyStar.jsx": {"path":"/Users/dennis/hackReactor/fec/FECApp/client/src/components/ratings-and-reviews/rr-components/Stars/EmptyStar/EmptyStar.jsx","statementMap":{"0":{"start":{"line":4,"column":18},"end":{"line":8,"column":1}},"1":{"start":{"line":5,"column":2},"end":{"line":7,"column":4}}},"fnMap":{"0":{"name":"(anonymous_0)","decl":{"start":{"line":4,"column":18},"end":{"line":4,"column":19}},"loc":{"start":{"line":4,"column":30},"end":{"line":8,"column":1}},"line":4}},"branchMap":{},"s":{"0":3,"1":20},"f":{"0":20},"b":{},"_coverageSchema":"1a1c01bbd47fc00a2c39e90264f33305004495a9","hash":"58ed90d7eb28e8e5def42923212ed8f92eee41f1"}
,"/Users/dennis/hackReactor/fec/FECApp/client/src/components/ratings-and-reviews/rr-components/Stars/EmptyStar/index.jsx": {"path":"/Users/dennis/hackReactor/fec/FECApp/client/src/components/ratings-and-reviews/rr-components/Stars/EmptyStar/index.jsx","statementMap":{},"fnMap":{},"branchMap":{},"s":{},"f":{},"b":{},"_coverageSchema":"1a1c01bbd47fc00a2c39e90264f33305004495a9","hash":"9b7d6a252468aab22fe6fbf14823c3494ec8fe3b"}
,"/Users/dennis/hackReactor/fec/FECApp/client/src/components/ratings-and-reviews/rr-components/Stars/FullStar/FullStar.jsx": {"path":"/Users/dennis/hackReactor/fec/FECApp/client/src/components/ratings-and-reviews/rr-components/Stars/FullStar/FullStar.jsx","statementMap":{"0":{"start":{"line":4,"column":17},"end":{"line":8,"column":1}},"1":{"start":{"line":5,"column":2},"end":{"line":7,"column":4}}},"fnMap":{"0":{"name":"(anonymous_0)","decl":{"start":{"line":4,"column":17},"end":{"line":4,"column":18}},"loc":{"start":{"line":4,"column":29},"end":{"line":8,"column":1}},"line":4}},"branchMap":{},"s":{"0":3,"1":20},"f":{"0":20},"b":{},"_coverageSchema":"1a1c01bbd47fc00a2c39e90264f33305004495a9","hash":"5f13446822522576168af8e382f1b8be470a9226"}
,"/Users/dennis/hackReactor/fec/FECApp/client/src/components/ratings-and-reviews/rr-components/Stars/FullStar/index.jsx": {"path":"/Users/dennis/hackReactor/fec/FECApp/client/src/components/ratings-and-reviews/rr-components/Stars/FullStar/index.jsx","statementMap":{},"fnMap":{},"branchMap":{},"s":{},"f":{},"b":{},"_coverageSchema":"1a1c01bbd47fc00a2c39e90264f33305004495a9","hash":"e28e80b1dabf6a65ecd143596f50c2b58d8420d9"}
}
