{"/Users/ElliottTung/Documents/Hack_Reactor/FECApp/client/src/components/AppContext.jsx": {"path":"/Users/ElliottTung/Documents/Hack_Reactor/FECApp/client/src/components/AppContext.jsx","statementMap":{"0":{"start":{"line":16,"column":19},"end":{"line":16,"column":34}},"1":{"start":{"line":20,"column":2},"end":{"line":20,"column":32}},"2":{"start":{"line":24,"column":21},"end":{"line":27,"column":1}},"3":{"start":{"line":32,"column":28},"end":{"line":32,"column":64}},"4":{"start":{"line":34,"column":18},"end":{"line":36,"column":3}},"5":{"start":{"line":39,"column":2},"end":{"line":49,"column":9}},"6":{"start":{"line":40,"column":4},"end":{"line":48,"column":9}},"7":{"start":{"line":43,"column":23},"end":{"line":43,"column":31}},"8":{"start":{"line":44,"column":8},"end":{"line":44,"column":58}},"9":{"start":{"line":47,"column":8},"end":{"line":47,"column":60}},"10":{"start":{"line":52,"column":23},"end":{"line":55,"column":3}},"11":{"start":{"line":53,"column":19},"end":{"line":53,"column":75}},"12":{"start":{"line":58,"column":16},"end":{"line":64,"column":3}},"13":{"start":{"line":59,"column":11},"end":{"line":62,"column":5}},"14":{"start":{"line":66,"column":2},"end":{"line":68,"column":3}},"15":{"start":{"line":67,"column":4},"end":{"line":67,"column":83}},"16":{"start":{"line":71,"column":2},"end":{"line":71,"column":77}}},"fnMap":{"0":{"name":"useAppContext","decl":{"start":{"line":19,"column":16},"end":{"line":19,"column":29}},"loc":{"start":{"line":19,"column":32},"end":{"line":21,"column":1}},"line":19},"1":{"name":"AppContextProvider","decl":{"start":{"line":30,"column":16},"end":{"line":30,"column":34}},"loc":{"start":{"line":30,"column":60},"end":{"line":72,"column":1}},"line":30},"2":{"name":"(anonymous_2)","decl":{"start":{"line":39,"column":12},"end":{"line":39,"column":13}},"loc":{"start":{"line":39,"column":18},"end":{"line":49,"column":3}},"line":39},"3":{"name":"(anonymous_3)","decl":{"start":{"line":42,"column":12},"end":{"line":42,"column":13}},"loc":{"start":{"line":42,"column":21},"end":{"line":45,"column":7}},"line":42},"4":{"name":"(anonymous_4)","decl":{"start":{"line":46,"column":13},"end":{"line":46,"column":14}},"loc":{"start":{"line":46,"column":22},"end":{"line":48,"column":7}},"line":46},"5":{"name":"(anonymous_5)","decl":{"start":{"line":53,"column":4},"end":{"line":53,"column":5}},"loc":{"start":{"line":53,"column":19},"end":{"line":53,"column":75}},"line":53},"6":{"name":"(anonymous_6)","decl":{"start":{"line":59,"column":4},"end":{"line":59,"column":5}},"loc":{"start":{"line":59,"column":11},"end":{"line":62,"column":5}},"line":59}},"branchMap":{"0":{"loc":{"start":{"line":66,"column":2},"end":{"line":68,"column":3}},"type":"if","locations":[{"start":{"line":66,"column":2},"end":{"line":68,"column":3}},{"start":{},"end":{}}],"line":66}},"s":{"0":5,"1":25,"2":5,"3":6,"4":6,"5":6,"6":4,"7":2,"8":2,"9":0,"10":6,"11":0,"12":6,"13":6,"14":6,"15":2,"16":4},"f":{"0":25,"1":6,"2":4,"3":2,"4":0,"5":0,"6":6},"b":{"0":[2,4]},"_coverageSchema":"1a1c01bbd47fc00a2c39e90264f33305004495a9","hash":"22258a1119a55c6312fd83abfff8ee286c44497f"}
,"/Users/ElliottTung/Documents/Hack_Reactor/FECApp/client/src/components/AppReducer.jsx": {"path":"/Users/ElliottTung/Documents/Hack_Reactor/FECApp/client/src/components/AppReducer.jsx","statementMap":{"0":{"start":{"line":4,"column":2},"end":{"line":18,"column":3}},"1":{"start":{"line":8,"column":6},"end":{"line":8,"column":53}},"2":{"start":{"line":13,"column":6},"end":{"line":13,"column":60}},"3":{"start":{"line":17,"column":6},"end":{"line":17,"column":19}}},"fnMap":{"0":{"name":"appReducer","decl":{"start":{"line":2,"column":24},"end":{"line":2,"column":34}},"loc":{"start":{"line":2,"column":50},"end":{"line":19,"column":1}},"line":2}},"branchMap":{"0":{"loc":{"start":{"line":4,"column":2},"end":{"line":18,"column":3}},"type":"switch","locations":[{"start":{"line":6,"column":4},"end":{"line":8,"column":53}},{"start":{"line":11,"column":4},"end":{"line":13,"column":60}},{"start":{"line":16,"column":4},"end":{"line":17,"column":19}}],"line":4}},"s":{"0":2,"1":2,"2":0,"3":0},"f":{"0":2},"b":{"0":[2,0,0]},"_coverageSchema":"1a1c01bbd47fc00a2c39e90264f33305004495a9","hash":"3aea2cea288347cdc28003d3bc820c2dadb9102e"}
,"/Users/ElliottTung/Documents/Hack_Reactor/FECApp/client/src/components/Modals/ModalTest.jsx": {"path":"/Users/ElliottTung/Documents/Hack_Reactor/FECApp/client/src/components/Modals/ModalTest.jsx","statementMap":{"0":{"start":{"line":4,"column":21},"end":{"line":15,"column":1}},"1":{"start":{"line":17,"column":14},"end":{"line":24,"column":1}},"2":{"start":{"line":26,"column":25},"end":{"line":34,"column":1}},"3":{"start":{"line":37,"column":2},"end":{"line":39,"column":3}},"4":{"start":{"line":38,"column":4},"end":{"line":38,"column":16}},"5":{"start":{"line":41,"column":2},"end":{"line":50,"column":4}}},"fnMap":{"0":{"name":"ModalTest","decl":{"start":{"line":36,"column":24},"end":{"line":36,"column":33}},"loc":{"start":{"line":36,"column":65},"end":{"line":51,"column":1}},"line":36}},"branchMap":{"0":{"loc":{"start":{"line":37,"column":2},"end":{"line":39,"column":3}},"type":"if","locations":[{"start":{"line":37,"column":2},"end":{"line":39,"column":3}},{"start":{},"end":{}}],"line":37}},"s":{"0":4,"1":4,"2":4,"3":46,"4":42,"5":4},"f":{"0":46},"b":{"0":[42,4]},"_coverageSchema":"1a1c01bbd47fc00a2c39e90264f33305004495a9","hash":"740a692b1cdc05da36e5d05419ee8b49e760d34f"}
,"/Users/ElliottTung/Documents/Hack_Reactor/FECApp/client/src/components/Overview/Overview.jsx": {"path":"/Users/ElliottTung/Documents/Hack_Reactor/FECApp/client/src/components/Overview/Overview.jsx","statementMap":{"0":{"start":{"line":13,"column":19},"end":{"line":15,"column":1}},"1":{"start":{"line":17,"column":19},"end":{"line":20,"column":1}},"2":{"start":{"line":24,"column":20},"end":{"line":24,"column":35}},"3":{"start":{"line":25,"column":24},"end":{"line":25,"column":29}},"4":{"start":{"line":26,"column":26},"end":{"line":26,"column":38}},"5":{"start":{"line":27,"column":30},"end":{"line":27,"column":47}},"6":{"start":{"line":30,"column":2},"end":{"line":42,"column":18}},"7":{"start":{"line":31,"column":4},"end":{"line":41,"column":5}},"8":{"start":{"line":32,"column":6},"end":{"line":40,"column":11}},"9":{"start":{"line":34,"column":10},"end":{"line":34,"column":30}},"10":{"start":{"line":35,"column":10},"end":{"line":35,"column":29}},"11":{"start":{"line":36,"column":10},"end":{"line":36,"column":31}},"12":{"start":{"line":39,"column":10},"end":{"line":39,"column":49}},"13":{"start":{"line":44,"column":2},"end":{"line":66,"column":3}},"14":{"start":{"line":45,"column":4},"end":{"line":65,"column":6}},"15":{"start":{"line":57,"column":37},"end":{"line":57,"column":80}},"16":{"start":{"line":68,"column":2},"end":{"line":70,"column":4}}},"fnMap":{"0":{"name":"Overview","decl":{"start":{"line":22,"column":24},"end":{"line":22,"column":32}},"loc":{"start":{"line":22,"column":35},"end":{"line":71,"column":1}},"line":22},"1":{"name":"(anonymous_1)","decl":{"start":{"line":30,"column":12},"end":{"line":30,"column":13}},"loc":{"start":{"line":30,"column":18},"end":{"line":42,"column":3}},"line":30},"2":{"name":"(anonymous_2)","decl":{"start":{"line":33,"column":14},"end":{"line":33,"column":15}},"loc":{"start":{"line":33,"column":26},"end":{"line":37,"column":9}},"line":33},"3":{"name":"(anonymous_3)","decl":{"start":{"line":38,"column":15},"end":{"line":38,"column":16}},"loc":{"start":{"line":38,"column":24},"end":{"line":40,"column":9}},"line":38},"4":{"name":"(anonymous_4)","decl":{"start":{"line":57,"column":28},"end":{"line":57,"column":29}},"loc":{"start":{"line":57,"column":37},"end":{"line":57,"column":80}},"line":57}},"branchMap":{"0":{"loc":{"start":{"line":31,"column":4},"end":{"line":41,"column":5}},"type":"if","locations":[{"start":{"line":31,"column":4},"end":{"line":41,"column":5}},{"start":{},"end":{}}],"line":31},"1":{"loc":{"start":{"line":44,"column":2},"end":{"line":66,"column":3}},"type":"if","locations":[{"start":{"line":44,"column":2},"end":{"line":66,"column":3}},{"start":{},"end":{}}],"line":44},"2":{"loc":{"start":{"line":49,"column":31},"end":{"line":49,"column":57}},"type":"binary-expr","locations":[{"start":{"line":49,"column":31},"end":{"line":49,"column":51}},{"start":{"line":49,"column":55},"end":{"line":49,"column":57}}],"line":49},"3":{"loc":{"start":{"line":51,"column":44},"end":{"line":51,"column":70}},"type":"binary-expr","locations":[{"start":{"line":51,"column":44},"end":{"line":51,"column":64}},{"start":{"line":51,"column":68},"end":{"line":51,"column":70}}],"line":51},"4":{"loc":{"start":{"line":54,"column":31},"end":{"line":59,"column":20}},"type":"cond-expr","locations":[{"start":{"line":55,"column":18},"end":{"line":58,"column":17}},{"start":{"line":59,"column":18},"end":{"line":59,"column":20}}],"line":54}},"s":{"0":1,"1":1,"2":2,"3":2,"4":2,"5":2,"6":2,"7":2,"8":1,"9":0,"10":0,"11":0,"12":0,"13":2,"14":1,"15":0,"16":1},"f":{"0":2,"1":2,"2":0,"3":0,"4":0},"b":{"0":[1,1],"1":[1,1],"2":[1,1],"3":[1,1],"4":[0,1]},"_coverageSchema":"1a1c01bbd47fc00a2c39e90264f33305004495a9","hash":"5f6ec896ce7c2ba6051c76b5b00b7d5d82790a3b"}
,"/Users/ElliottTung/Documents/Hack_Reactor/FECApp/client/src/components/Overview/Parse.js": {"path":"/Users/ElliottTung/Documents/Hack_Reactor/FECApp/client/src/components/Overview/Parse.js","statementMap":{"0":{"start":{"line":5,"column":15},"end":{"line":5,"column":78}},"1":{"start":{"line":6,"column":19},"end":{"line":6,"column":78}},"2":{"start":{"line":7,"column":22},"end":{"line":7,"column":31}},"3":{"start":{"line":9,"column":15},"end":{"line":13,"column":1}},"4":{"start":{"line":15,"column":14},"end":{"line":88,"column":1}},"5":{"start":{"line":18,"column":24},"end":{"line":18,"column":47}},"6":{"start":{"line":19,"column":4},"end":{"line":25,"column":5}},"7":{"start":{"line":20,"column":19},"end":{"line":20,"column":66}},"8":{"start":{"line":21,"column":6},"end":{"line":21,"column":23}},"9":{"start":{"line":23,"column":6},"end":{"line":23,"column":54}},"10":{"start":{"line":24,"column":6},"end":{"line":24,"column":16}},"11":{"start":{"line":28,"column":21},"end":{"line":28,"column":60}},"12":{"start":{"line":29,"column":4},"end":{"line":35,"column":5}},"13":{"start":{"line":30,"column":21},"end":{"line":30,"column":65}},"14":{"start":{"line":31,"column":6},"end":{"line":31,"column":38}},"15":{"start":{"line":33,"column":6},"end":{"line":33,"column":54}},"16":{"start":{"line":34,"column":6},"end":{"line":34,"column":21}},"17":{"start":{"line":39,"column":24},"end":{"line":39,"column":43}},"18":{"start":{"line":40,"column":25},"end":{"line":40,"column":27}},"19":{"start":{"line":41,"column":17},"end":{"line":44,"column":5}},"20":{"start":{"line":46,"column":4},"end":{"line":48,"column":5}},"21":{"start":{"line":46,"column":17},"end":{"line":46,"column":18}},"22":{"start":{"line":47,"column":6},"end":{"line":47,"column":74}},"23":{"start":{"line":49,"column":4},"end":{"line":56,"column":5}},"24":{"start":{"line":50,"column":24},"end":{"line":50,"column":55}},"25":{"start":{"line":51,"column":6},"end":{"line":51,"column":42}},"26":{"start":{"line":52,"column":6},"end":{"line":52,"column":23}},"27":{"start":{"line":54,"column":6},"end":{"line":54,"column":48}},"28":{"start":{"line":55,"column":6},"end":{"line":55,"column":16}},"29":{"start":{"line":69,"column":24},"end":{"line":69,"column":43}},"30":{"start":{"line":70,"column":4},"end":{"line":76,"column":5}},"31":{"start":{"line":71,"column":19},"end":{"line":71,"column":66}},"32":{"start":{"line":72,"column":6},"end":{"line":72,"column":23}},"33":{"start":{"line":74,"column":6},"end":{"line":74,"column":46}},"34":{"start":{"line":75,"column":6},"end":{"line":75,"column":16}}},"fnMap":{"0":{"name":"(anonymous_0)","decl":{"start":{"line":17,"column":11},"end":{"line":17,"column":12}},"loc":{"start":{"line":17,"column":29},"end":{"line":26,"column":3}},"line":17},"1":{"name":"(anonymous_1)","decl":{"start":{"line":27,"column":13},"end":{"line":27,"column":14}},"loc":{"start":{"line":27,"column":31},"end":{"line":36,"column":3}},"line":27},"2":{"name":"(anonymous_2)","decl":{"start":{"line":38,"column":12},"end":{"line":38,"column":13}},"loc":{"start":{"line":38,"column":44},"end":{"line":66,"column":3}},"line":38},"3":{"name":"(anonymous_3)","decl":{"start":{"line":68,"column":11},"end":{"line":68,"column":12}},"loc":{"start":{"line":68,"column":23},"end":{"line":87,"column":3}},"line":68}},"branchMap":{},"s":{"0":3,"1":3,"2":3,"3":3,"4":3,"5":3,"6":3,"7":3,"8":2,"9":0,"10":0,"11":2,"12":2,"13":2,"14":1,"15":0,"16":0,"17":1,"18":1,"19":1,"20":1,"21":1,"22":1,"23":1,"24":1,"25":1,"26":1,"27":0,"28":0,"29":1,"30":1,"31":1,"32":1,"33":0,"34":0},"f":{"0":3,"1":2,"2":1,"3":1},"b":{},"_coverageSchema":"1a1c01bbd47fc00a2c39e90264f33305004495a9","hash":"4a34678e89510b607e18816ac9a2b39d4685c3e5"}
,"/Users/ElliottTung/Documents/Hack_Reactor/FECApp/client/src/components/Overview/exampleData.js": {"path":"/Users/ElliottTung/Documents/Hack_Reactor/FECApp/client/src/components/Overview/exampleData.js","statementMap":{"0":{"start":{"line":1,"column":15},"end":{"line":442,"column":1}},"1":{"start":{"line":444,"column":13},"end":{"line":464,"column":1}},"2":{"start":{"line":466,"column":17},"end":{"line":522,"column":1}},"3":{"start":{"line":524,"column":14},"end":{"line":528,"column":1}}},"fnMap":{},"branchMap":{},"s":{"0":6,"1":6,"2":6,"3":6},"f":{},"b":{},"_coverageSchema":"1a1c01bbd47fc00a2c39e90264f33305004495a9","hash":"ed3a1a3ea3e83402a9a90367fd15d4da0f4e0700"}
,"/Users/ElliottTung/Documents/Hack_Reactor/FECApp/client/src/components/Overview/index.js": {"path":"/Users/ElliottTung/Documents/Hack_Reactor/FECApp/client/src/components/Overview/index.js","statementMap":{},"fnMap":{},"branchMap":{},"s":{},"f":{},"b":{},"_coverageSchema":"1a1c01bbd47fc00a2c39e90264f33305004495a9","hash":"299d65fa776d23a9d81c3615986ebb803bf05db7"}
,"/Users/ElliottTung/Documents/Hack_Reactor/FECApp/client/src/components/Overview/AddToCart/AddCheckButton.jsx": {"path":"/Users/ElliottTung/Documents/Hack_Reactor/FECApp/client/src/components/Overview/AddToCart/AddCheckButton.jsx","statementMap":{"0":{"start":{"line":4,"column":2},"end":{"line":13,"column":4}}},"fnMap":{"0":{"name":"AddCheckButton","decl":{"start":{"line":3,"column":24},"end":{"line":3,"column":38}},"loc":{"start":{"line":3,"column":57},"end":{"line":14,"column":1}},"line":3}},"branchMap":{},"s":{"0":8},"f":{"0":8},"b":{},"_coverageSchema":"1a1c01bbd47fc00a2c39e90264f33305004495a9","hash":"94a45cfe70c4185aef6157556fd7709a7dff7bb8"}
,"/Users/ElliottTung/Documents/Hack_Reactor/FECApp/client/src/components/Overview/AddToCart/AddToCart.jsx": {"path":"/Users/ElliottTung/Documents/Hack_Reactor/FECApp/client/src/components/Overview/AddToCart/AddToCart.jsx","statementMap":{"0":{"start":{"line":10,"column":19},"end":{"line":12,"column":1}},"1":{"start":{"line":14,"column":19},"end":{"line":17,"column":1}},"2":{"start":{"line":20,"column":16},"end":{"line":20,"column":68}},"3":{"start":{"line":21,"column":22},"end":{"line":21,"column":74}},"4":{"start":{"line":23,"column":34},"end":{"line":23,"column":46}},"5":{"start":{"line":24,"column":44},"end":{"line":24,"column":55}},"6":{"start":{"line":25,"column":40},"end":{"line":25,"column":55}},"7":{"start":{"line":28,"column":22},"end":{"line":28,"column":37}},"8":{"start":{"line":31,"column":2},"end":{"line":36,"column":14}},"9":{"start":{"line":32,"column":4},"end":{"line":35,"column":5}},"10":{"start":{"line":33,"column":6},"end":{"line":33,"column":22}},"11":{"start":{"line":34,"column":6},"end":{"line":34,"column":28}},"12":{"start":{"line":39,"column":21},"end":{"line":43,"column":3}},"13":{"start":{"line":40,"column":4},"end":{"line":40,"column":36}},"14":{"start":{"line":41,"column":4},"end":{"line":41,"column":26}},"15":{"start":{"line":42,"column":4},"end":{"line":42,"column":27}},"16":{"start":{"line":45,"column":26},"end":{"line":48,"column":3}},"17":{"start":{"line":46,"column":4},"end":{"line":46,"column":41}},"18":{"start":{"line":47,"column":4},"end":{"line":47,"column":27}},"19":{"start":{"line":50,"column":25},"end":{"line":53,"column":3}},"20":{"start":{"line":51,"column":4},"end":{"line":51,"column":52}},"21":{"start":{"line":52,"column":4},"end":{"line":52,"column":52}},"22":{"start":{"line":55,"column":23},"end":{"line":64,"column":3}},"23":{"start":{"line":56,"column":4},"end":{"line":62,"column":5}},"24":{"start":{"line":57,"column":6},"end":{"line":57,"column":139}},"25":{"start":{"line":58,"column":6},"end":{"line":58,"column":97}},"26":{"start":{"line":60,"column":6},"end":{"line":60,"column":62}},"27":{"start":{"line":61,"column":6},"end":{"line":61,"column":27}},"28":{"start":{"line":63,"column":4},"end":{"line":63,"column":27}},"29":{"start":{"line":66,"column":2},"end":{"line":85,"column":3}},"30":{"start":{"line":67,"column":4},"end":{"line":84,"column":6}},"31":{"start":{"line":87,"column":2},"end":{"line":107,"column":4}}},"fnMap":{"0":{"name":"AddToCart","decl":{"start":{"line":19,"column":24},"end":{"line":19,"column":33}},"loc":{"start":{"line":19,"column":55},"end":{"line":108,"column":1}},"line":19},"1":{"name":"(anonymous_1)","decl":{"start":{"line":31,"column":12},"end":{"line":31,"column":13}},"loc":{"start":{"line":31,"column":18},"end":{"line":36,"column":3}},"line":31},"2":{"name":"(anonymous_2)","decl":{"start":{"line":39,"column":21},"end":{"line":39,"column":22}},"loc":{"start":{"line":39,"column":32},"end":{"line":43,"column":3}},"line":39},"3":{"name":"(anonymous_3)","decl":{"start":{"line":45,"column":26},"end":{"line":45,"column":27}},"loc":{"start":{"line":45,"column":37},"end":{"line":48,"column":3}},"line":45},"4":{"name":"(anonymous_4)","decl":{"start":{"line":50,"column":25},"end":{"line":50,"column":26}},"loc":{"start":{"line":50,"column":46},"end":{"line":53,"column":3}},"line":50},"5":{"name":"(anonymous_5)","decl":{"start":{"line":55,"column":23},"end":{"line":55,"column":24}},"loc":{"start":{"line":55,"column":40},"end":{"line":64,"column":3}},"line":55}},"branchMap":{"0":{"loc":{"start":{"line":20,"column":16},"end":{"line":20,"column":68}},"type":"cond-expr","locations":[{"start":{"line":20,"column":45},"end":{"line":20,"column":63}},{"start":{"line":20,"column":66},"end":{"line":20,"column":68}}],"line":20},"1":{"loc":{"start":{"line":21,"column":22},"end":{"line":21,"column":74}},"type":"cond-expr","locations":[{"start":{"line":21,"column":51},"end":{"line":21,"column":69}},{"start":{"line":21,"column":72},"end":{"line":21,"column":74}}],"line":21},"2":{"loc":{"start":{"line":32,"column":4},"end":{"line":35,"column":5}},"type":"if","locations":[{"start":{"line":32,"column":4},"end":{"line":35,"column":5}},{"start":{},"end":{}}],"line":32},"3":{"loc":{"start":{"line":56,"column":4},"end":{"line":62,"column":5}},"type":"if","locations":[{"start":{"line":56,"column":4},"end":{"line":62,"column":5}},{"start":{"line":59,"column":11},"end":{"line":62,"column":5}}],"line":56},"4":{"loc":{"start":{"line":66,"column":2},"end":{"line":85,"column":3}},"type":"if","locations":[{"start":{"line":66,"column":2},"end":{"line":85,"column":3}},{"start":{},"end":{}}],"line":66},"5":{"loc":{"start":{"line":71,"column":18},"end":{"line":71,"column":65}},"type":"cond-expr","locations":[{"start":{"line":71,"column":50},"end":{"line":71,"column":60}},{"start":{"line":71,"column":63},"end":{"line":71,"column":65}}],"line":71},"6":{"loc":{"start":{"line":76,"column":17},"end":{"line":76,"column":88}},"type":"cond-expr","locations":[{"start":{"line":76,"column":63},"end":{"line":76,"column":83}},{"start":{"line":76,"column":86},"end":{"line":76,"column":88}}],"line":76},"7":{"loc":{"start":{"line":76,"column":17},"end":{"line":76,"column":60}},"type":"binary-expr","locations":[{"start":{"line":76,"column":17},"end":{"line":76,"column":46}},{"start":{"line":76,"column":50},"end":{"line":76,"column":60}}],"line":76},"8":{"loc":{"start":{"line":91,"column":16},"end":{"line":91,"column":63}},"type":"cond-expr","locations":[{"start":{"line":91,"column":48},"end":{"line":91,"column":58}},{"start":{"line":91,"column":61},"end":{"line":91,"column":63}}],"line":91},"9":{"loc":{"start":{"line":98,"column":15},"end":{"line":99,"column":67}},"type":"cond-expr","locations":[{"start":{"line":99,"column":42},"end":{"line":99,"column":62}},{"start":{"line":99,"column":65},"end":{"line":99,"column":67}}],"line":98},"10":{"loc":{"start":{"line":98,"column":15},"end":{"line":99,"column":39}},"type":"binary-expr","locations":[{"start":{"line":98,"column":16},"end":{"line":98,"column":45}},{"start":{"line":99,"column":16},"end":{"line":99,"column":38}}],"line":98}},"s":{"0":2,"1":2,"2":10,"3":10,"4":10,"5":10,"6":10,"7":10,"8":10,"9":5,"10":3,"11":3,"12":10,"13":1,"14":1,"15":1,"16":10,"17":1,"18":1,"19":10,"20":0,"21":0,"22":10,"23":1,"24":0,"25":0,"26":1,"27":1,"28":1,"29":10,"30":2,"31":8},"f":{"0":10,"1":5,"2":1,"3":1,"4":0,"5":1},"b":{"0":[8,2],"1":[8,2],"2":[3,2],"3":[0,1],"4":[2,8],"5":[0,2],"6":[0,2],"7":[2,0],"8":[8,0],"9":[3,5],"10":[8,8]},"_coverageSchema":"1a1c01bbd47fc00a2c39e90264f33305004495a9","hash":"36a0a3bd00256b5df246e27509735ea0882cbdeb"}
,"/Users/ElliottTung/Documents/Hack_Reactor/FECApp/client/src/components/Overview/AddToCart/QuantityDropdown.jsx": {"path":"/Users/ElliottTung/Documents/Hack_Reactor/FECApp/client/src/components/Overview/AddToCart/QuantityDropdown.jsx","statementMap":{"0":{"start":{"line":4,"column":21},"end":{"line":4,"column":23}},"1":{"start":{"line":5,"column":18},"end":{"line":5,"column":78}},"2":{"start":{"line":6,"column":2},"end":{"line":8,"column":3}},"3":{"start":{"line":6,"column":15},"end":{"line":6,"column":16}},"4":{"start":{"line":7,"column":4},"end":{"line":7,"column":60}},"5":{"start":{"line":10,"column":2},"end":{"line":18,"column":3}},"6":{"start":{"line":11,"column":4},"end":{"line":17,"column":6}},"7":{"start":{"line":19,"column":2},"end":{"line":25,"column":4}}},"fnMap":{"0":{"name":"QuantityDropdown","decl":{"start":{"line":3,"column":24},"end":{"line":3,"column":40}},"loc":{"start":{"line":3,"column":67},"end":{"line":26,"column":1}},"line":3}},"branchMap":{"0":{"loc":{"start":{"line":5,"column":18},"end":{"line":5,"column":78}},"type":"cond-expr","locations":[{"start":{"line":5,"column":48},"end":{"line":5,"column":74}},{"start":{"line":5,"column":77},"end":{"line":5,"column":78}}],"line":5},"1":{"loc":{"start":{"line":10,"column":2},"end":{"line":18,"column":3}},"type":"if","locations":[{"start":{"line":10,"column":2},"end":{"line":18,"column":3}},{"start":{},"end":{}}],"line":10}},"s":{"0":8,"1":8,"2":8,"3":8,"4":30,"5":8,"6":2,"7":6},"f":{"0":8},"b":{"0":[2,6],"1":[2,6]},"_coverageSchema":"1a1c01bbd47fc00a2c39e90264f33305004495a9","hash":"1b92c55c965c554292335de3efa43777e0cbe498"}
,"/Users/ElliottTung/Documents/Hack_Reactor/FECApp/client/src/components/Overview/AddToCart/SizeDropdown.jsx": {"path":"/Users/ElliottTung/Documents/Hack_Reactor/FECApp/client/src/components/Overview/AddToCart/SizeDropdown.jsx","statementMap":{"0":{"start":{"line":6,"column":2},"end":{"line":24,"column":3}},"1":{"start":{"line":7,"column":4},"end":{"line":23,"column":6}},"2":{"start":{"line":19,"column":12},"end":{"line":19,"column":67}},"3":{"start":{"line":25,"column":2},"end":{"line":34,"column":4}},"4":{"start":{"line":30,"column":10},"end":{"line":30,"column":65}}},"fnMap":{"0":{"name":"SizeDropdown","decl":{"start":{"line":3,"column":24},"end":{"line":3,"column":36}},"loc":{"start":{"line":5,"column":3},"end":{"line":35,"column":1}},"line":5},"1":{"name":"(anonymous_1)","decl":{"start":{"line":18,"column":27},"end":{"line":18,"column":28}},"loc":{"start":{"line":19,"column":12},"end":{"line":19,"column":67}},"line":19},"2":{"name":"(anonymous_2)","decl":{"start":{"line":29,"column":25},"end":{"line":29,"column":26}},"loc":{"start":{"line":30,"column":10},"end":{"line":30,"column":65}},"line":30}},"branchMap":{"0":{"loc":{"start":{"line":6,"column":2},"end":{"line":24,"column":3}},"type":"if","locations":[{"start":{"line":6,"column":2},"end":{"line":24,"column":3}},{"start":{},"end":{}}],"line":6}},"s":{"0":8,"1":1,"2":6,"3":7,"4":30},"f":{"0":8,"1":6,"2":30},"b":{"0":[1,7]},"_coverageSchema":"1a1c01bbd47fc00a2c39e90264f33305004495a9","hash":"d373a5255412cd8e3dda4f7c52ecb984f970cb4f"}
,"/Users/ElliottTung/Documents/Hack_Reactor/FECApp/client/src/components/Overview/ImageGallery/DefaultView.jsx": {"path":"/Users/ElliottTung/Documents/Hack_Reactor/FECApp/client/src/components/Overview/ImageGallery/DefaultView.jsx","statementMap":{"0":{"start":{"line":7,"column":19},"end":{"line":10,"column":1}},"1":{"start":{"line":15,"column":2},"end":{"line":30,"column":4}}},"fnMap":{"0":{"name":"DefaultView","decl":{"start":{"line":12,"column":24},"end":{"line":12,"column":35}},"loc":{"start":{"line":14,"column":3},"end":{"line":31,"column":1}},"line":14}},"branchMap":{},"s":{"0":2,"1":13},"f":{"0":13},"b":{},"_coverageSchema":"1a1c01bbd47fc00a2c39e90264f33305004495a9","hash":"d98422a8ed2c31dd0f8ee8fb1b52b704c05ae880"}
,"/Users/ElliottTung/Documents/Hack_Reactor/FECApp/client/src/components/Overview/ImageGallery/ExpandedImage.jsx": {"path":"/Users/ElliottTung/Documents/Hack_Reactor/FECApp/client/src/components/Overview/ImageGallery/ExpandedImage.jsx","statementMap":{"0":{"start":{"line":7,"column":18},"end":{"line":7,"column":53}},"1":{"start":{"line":7,"column":24},"end":{"line":7,"column":53}},"2":{"start":{"line":8,"column":18},"end":{"line":8,"column":53}},"3":{"start":{"line":8,"column":24},"end":{"line":8,"column":53}},"4":{"start":{"line":16,"column":20},"end":{"line":16,"column":43}},"5":{"start":{"line":17,"column":2},"end":{"line":33,"column":4}}},"fnMap":{"0":{"name":"ExpandedImage","decl":{"start":{"line":3,"column":24},"end":{"line":3,"column":37}},"loc":{"start":{"line":5,"column":3},"end":{"line":34,"column":1}},"line":5},"1":{"name":"(anonymous_1)","decl":{"start":{"line":7,"column":18},"end":{"line":7,"column":19}},"loc":{"start":{"line":7,"column":24},"end":{"line":7,"column":53}},"line":7},"2":{"name":"(anonymous_2)","decl":{"start":{"line":8,"column":18},"end":{"line":8,"column":19}},"loc":{"start":{"line":8,"column":24},"end":{"line":8,"column":53}},"line":8}},"branchMap":{"0":{"loc":{"start":{"line":20,"column":7},"end":{"line":20,"column":108}},"type":"cond-expr","locations":[{"start":{"line":20,"column":24},"end":{"line":20,"column":101}},{"start":{"line":20,"column":104},"end":{"line":20,"column":108}}],"line":20},"1":{"loc":{"start":{"line":30,"column":7},"end":{"line":30,"column":118}},"type":"cond-expr","locations":[{"start":{"line":30,"column":32},"end":{"line":30,"column":111}},{"start":{"line":30,"column":114},"end":{"line":30,"column":118}}],"line":30}},"s":{"0":6,"1":1,"2":6,"3":1,"4":6,"5":6},"f":{"0":6,"1":1,"2":1},"b":{"0":[1,5],"1":[6,0]},"_coverageSchema":"1a1c01bbd47fc00a2c39e90264f33305004495a9","hash":"de18f6f3e12d11fc09538f5eee49909993057d2a"}
,"/Users/ElliottTung/Documents/Hack_Reactor/FECApp/client/src/components/Overview/ImageGallery/ExpandedView.jsx": {"path":"/Users/ElliottTung/Documents/Hack_Reactor/FECApp/client/src/components/Overview/ImageGallery/ExpandedView.jsx","statementMap":{"0":{"start":{"line":9,"column":38},"end":{"line":9,"column":53}},"1":{"start":{"line":12,"column":28},"end":{"line":14,"column":3}},"2":{"start":{"line":13,"column":4},"end":{"line":13,"column":31}},"3":{"start":{"line":16,"column":2},"end":{"line":33,"column":3}},"4":{"start":{"line":17,"column":4},"end":{"line":32,"column":6}},"5":{"start":{"line":35,"column":2},"end":{"line":52,"column":4}}},"fnMap":{"0":{"name":"ExpandedView","decl":{"start":{"line":6,"column":24},"end":{"line":6,"column":36}},"loc":{"start":{"line":8,"column":3},"end":{"line":53,"column":1}},"line":8},"1":{"name":"(anonymous_1)","decl":{"start":{"line":12,"column":28},"end":{"line":12,"column":29}},"loc":{"start":{"line":12,"column":34},"end":{"line":14,"column":3}},"line":12}},"branchMap":{"0":{"loc":{"start":{"line":16,"column":2},"end":{"line":33,"column":3}},"type":"if","locations":[{"start":{"line":16,"column":2},"end":{"line":33,"column":3}},{"start":{},"end":{}}],"line":16}},"s":{"0":7,"1":7,"2":2,"3":7,"4":1,"5":6},"f":{"0":7,"1":2},"b":{"0":[1,6]},"_coverageSchema":"1a1c01bbd47fc00a2c39e90264f33305004495a9","hash":"2cfc3610d3ea107768174df403d7a9ffcac7f0c0"}
,"/Users/ElliottTung/Documents/Hack_Reactor/FECApp/client/src/components/Overview/ImageGallery/GalleryThumbnail.jsx": {"path":"/Users/ElliottTung/Documents/Hack_Reactor/FECApp/client/src/components/Overview/ImageGallery/GalleryThumbnail.jsx","statementMap":{"0":{"start":{"line":5,"column":21},"end":{"line":12,"column":1}},"1":{"start":{"line":6,"column":38},"end":{"line":6,"column":70}},"2":{"start":{"line":7,"column":35},"end":{"line":7,"column":63}},"3":{"start":{"line":19,"column":26},"end":{"line":24,"column":3}},"4":{"start":{"line":20,"column":4},"end":{"line":22,"column":5}},"5":{"start":{"line":21,"column":6},"end":{"line":21,"column":32}},"6":{"start":{"line":23,"column":4},"end":{"line":23,"column":24}},"7":{"start":{"line":29,"column":2},"end":{"line":40,"column":4}}},"fnMap":{"0":{"name":"(anonymous_0)","decl":{"start":{"line":6,"column":19},"end":{"line":6,"column":20}},"loc":{"start":{"line":6,"column":38},"end":{"line":6,"column":70}},"line":6},"1":{"name":"(anonymous_1)","decl":{"start":{"line":7,"column":16},"end":{"line":7,"column":17}},"loc":{"start":{"line":7,"column":35},"end":{"line":7,"column":63}},"line":7},"2":{"name":"GalleryThumbnail","decl":{"start":{"line":16,"column":24},"end":{"line":16,"column":40}},"loc":{"start":{"line":18,"column":3},"end":{"line":41,"column":1}},"line":18},"3":{"name":"(anonymous_3)","decl":{"start":{"line":19,"column":26},"end":{"line":19,"column":27}},"loc":{"start":{"line":19,"column":37},"end":{"line":24,"column":3}},"line":19}},"branchMap":{"0":{"loc":{"start":{"line":6,"column":38},"end":{"line":6,"column":70}},"type":"binary-expr","locations":[{"start":{"line":6,"column":38},"end":{"line":6,"column":46}},{"start":{"line":6,"column":50},"end":{"line":6,"column":70}}],"line":6},"1":{"loc":{"start":{"line":7,"column":35},"end":{"line":7,"column":63}},"type":"binary-expr","locations":[{"start":{"line":7,"column":35},"end":{"line":7,"column":43}},{"start":{"line":7,"column":47},"end":{"line":7,"column":63}}],"line":7},"2":{"loc":{"start":{"line":20,"column":4},"end":{"line":22,"column":5}},"type":"if","locations":[{"start":{"line":20,"column":4},"end":{"line":22,"column":5}},{"start":{},"end":{}}],"line":20}},"s":{"0":2,"1":112,"2":112,"3":112,"4":3,"5":3,"6":3,"7":112},"f":{"0":112,"1":112,"2":112,"3":3},"b":{"0":[112,18],"1":[112,18],"2":[3,0]},"_coverageSchema":"1a1c01bbd47fc00a2c39e90264f33305004495a9","hash":"6e50619373ee685f804d2bb2a7064da839492203"}
,"/Users/ElliottTung/Documents/Hack_Reactor/FECApp/client/src/components/Overview/ImageGallery/ImageGallery.jsx": {"path":"/Users/ElliottTung/Documents/Hack_Reactor/FECApp/client/src/components/Overview/ImageGallery/ImageGallery.jsx","statementMap":{"0":{"start":{"line":7,"column":38},"end":{"line":7,"column":52}},"1":{"start":{"line":8,"column":38},"end":{"line":8,"column":49}},"2":{"start":{"line":10,"column":2},"end":{"line":12,"column":14}},"3":{"start":{"line":11,"column":4},"end":{"line":11,"column":24}},"4":{"start":{"line":16,"column":24},"end":{"line":18,"column":3}},"5":{"start":{"line":17,"column":4},"end":{"line":17,"column":31}},"6":{"start":{"line":26,"column":2},"end":{"line":38,"column":3}},"7":{"start":{"line":27,"column":4},"end":{"line":37,"column":6}},"8":{"start":{"line":40,"column":2},"end":{"line":50,"column":4}}},"fnMap":{"0":{"name":"ImageGallery","decl":{"start":{"line":5,"column":24},"end":{"line":5,"column":36}},"loc":{"start":{"line":5,"column":48},"end":{"line":51,"column":1}},"line":5},"1":{"name":"(anonymous_1)","decl":{"start":{"line":10,"column":12},"end":{"line":10,"column":13}},"loc":{"start":{"line":10,"column":18},"end":{"line":12,"column":3}},"line":10},"2":{"name":"(anonymous_2)","decl":{"start":{"line":16,"column":24},"end":{"line":16,"column":25}},"loc":{"start":{"line":16,"column":30},"end":{"line":18,"column":3}},"line":16}},"branchMap":{"0":{"loc":{"start":{"line":26,"column":2},"end":{"line":38,"column":3}},"type":"if","locations":[{"start":{"line":26,"column":2},"end":{"line":38,"column":3}},{"start":{},"end":{}}],"line":26}},"s":{"0":23,"1":23,"2":23,"3":9,"4":23,"5":4,"6":23,"7":15,"8":8},"f":{"0":23,"1":9,"2":4},"b":{"0":[15,8]},"_coverageSchema":"1a1c01bbd47fc00a2c39e90264f33305004495a9","hash":"3342fd81a2362a429771c0142de2a8e3d439cc04"}
,"/Users/ElliottTung/Documents/Hack_Reactor/FECApp/client/src/components/Overview/ImageGallery/MainImage.jsx": {"path":"/Users/ElliottTung/Documents/Hack_Reactor/FECApp/client/src/components/Overview/ImageGallery/MainImage.jsx","statementMap":{"0":{"start":{"line":7,"column":18},"end":{"line":7,"column":53}},"1":{"start":{"line":7,"column":24},"end":{"line":7,"column":53}},"2":{"start":{"line":8,"column":18},"end":{"line":8,"column":53}},"3":{"start":{"line":8,"column":24},"end":{"line":8,"column":53}},"4":{"start":{"line":10,"column":21},"end":{"line":14,"column":3}},"5":{"start":{"line":11,"column":4},"end":{"line":11,"column":20}},"6":{"start":{"line":12,"column":4},"end":{"line":12,"column":24}},"7":{"start":{"line":13,"column":4},"end":{"line":13,"column":27}},"8":{"start":{"line":16,"column":2},"end":{"line":34,"column":3}},"9":{"start":{"line":17,"column":22},"end":{"line":17,"column":45}},"10":{"start":{"line":18,"column":4},"end":{"line":33,"column":6}},"11":{"start":{"line":36,"column":2},"end":{"line":40,"column":4}}},"fnMap":{"0":{"name":"MainImage","decl":{"start":{"line":3,"column":24},"end":{"line":3,"column":33}},"loc":{"start":{"line":5,"column":3},"end":{"line":41,"column":1}},"line":5},"1":{"name":"(anonymous_1)","decl":{"start":{"line":7,"column":18},"end":{"line":7,"column":19}},"loc":{"start":{"line":7,"column":24},"end":{"line":7,"column":53}},"line":7},"2":{"name":"(anonymous_2)","decl":{"start":{"line":8,"column":18},"end":{"line":8,"column":19}},"loc":{"start":{"line":8,"column":24},"end":{"line":8,"column":53}},"line":8},"3":{"name":"(anonymous_3)","decl":{"start":{"line":10,"column":21},"end":{"line":10,"column":22}},"loc":{"start":{"line":10,"column":32},"end":{"line":14,"column":3}},"line":10}},"branchMap":{"0":{"loc":{"start":{"line":16,"column":2},"end":{"line":34,"column":3}},"type":"if","locations":[{"start":{"line":16,"column":2},"end":{"line":34,"column":3}},{"start":{},"end":{}}],"line":16},"1":{"loc":{"start":{"line":20,"column":9},"end":{"line":20,"column":86}},"type":"cond-expr","locations":[{"start":{"line":20,"column":26},"end":{"line":20,"column":79}},{"start":{"line":20,"column":82},"end":{"line":20,"column":86}}],"line":20},"2":{"loc":{"start":{"line":30,"column":9},"end":{"line":30,"column":95}},"type":"cond-expr","locations":[{"start":{"line":30,"column":34},"end":{"line":30,"column":88}},{"start":{"line":30,"column":91},"end":{"line":30,"column":95}}],"line":30}},"s":{"0":13,"1":0,"2":13,"3":0,"4":13,"5":3,"6":3,"7":3,"8":13,"9":11,"10":11,"11":2},"f":{"0":13,"1":0,"2":0,"3":3},"b":{"0":[11,2],"1":[3,8],"2":[11,0]},"_coverageSchema":"1a1c01bbd47fc00a2c39e90264f33305004495a9","hash":"b7eb609396da012d30bb144a74bae2c53eae6c31"}
,"/Users/ElliottTung/Documents/Hack_Reactor/FECApp/client/src/components/Overview/ImageGallery/ThumbnailList.jsx": {"path":"/Users/ElliottTung/Documents/Hack_Reactor/FECApp/client/src/components/Overview/ImageGallery/ThumbnailList.jsx","statementMap":{"0":{"start":{"line":6,"column":29},"end":{"line":11,"column":1}},"1":{"start":{"line":16,"column":18},"end":{"line":16,"column":19}},"2":{"start":{"line":17,"column":18},"end":{"line":17,"column":41}},"3":{"start":{"line":19,"column":18},"end":{"line":19,"column":53}},"4":{"start":{"line":19,"column":24},"end":{"line":19,"column":53}},"5":{"start":{"line":20,"column":18},"end":{"line":20,"column":53}},"6":{"start":{"line":20,"column":24},"end":{"line":20,"column":53}},"7":{"start":{"line":22,"column":21},"end":{"line":22,"column":23}},"8":{"start":{"line":23,"column":17},"end":{"line":23,"column":41}},"9":{"start":{"line":24,"column":17},"end":{"line":24,"column":37}},"10":{"start":{"line":25,"column":22},"end":{"line":25,"column":27}},"11":{"start":{"line":26,"column":22},"end":{"line":26,"column":27}},"12":{"start":{"line":28,"column":2},"end":{"line":63,"column":3}},"13":{"start":{"line":29,"column":22},"end":{"line":29,"column":41}},"14":{"start":{"line":30,"column":21},"end":{"line":30,"column":22}},"15":{"start":{"line":31,"column":21},"end":{"line":31,"column":30}},"16":{"start":{"line":34,"column":4},"end":{"line":50,"column":5}},"17":{"start":{"line":36,"column":6},"end":{"line":49,"column":7}},"18":{"start":{"line":37,"column":8},"end":{"line":37,"column":23}},"19":{"start":{"line":38,"column":8},"end":{"line":38,"column":29}},"20":{"start":{"line":39,"column":8},"end":{"line":39,"column":29}},"21":{"start":{"line":40,"column":13},"end":{"line":49,"column":7}},"22":{"start":{"line":41,"column":8},"end":{"line":41,"column":31}},"23":{"start":{"line":42,"column":8},"end":{"line":42,"column":42}},"24":{"start":{"line":43,"column":8},"end":{"line":43,"column":29}},"25":{"start":{"line":45,"column":8},"end":{"line":45,"column":28}},"26":{"start":{"line":46,"column":8},"end":{"line":46,"column":28}},"27":{"start":{"line":47,"column":8},"end":{"line":47,"column":29}},"28":{"start":{"line":48,"column":8},"end":{"line":48,"column":29}},"29":{"start":{"line":52,"column":4},"end":{"line":62,"column":5}},"30":{"start":{"line":52,"column":17},"end":{"line":52,"column":27}},"31":{"start":{"line":53,"column":6},"end":{"line":61,"column":8}},"32":{"start":{"line":65,"column":2},"end":{"line":78,"column":4}}},"fnMap":{"0":{"name":"ThumbnailList","decl":{"start":{"line":13,"column":24},"end":{"line":13,"column":37}},"loc":{"start":{"line":15,"column":3},"end":{"line":79,"column":1}},"line":15},"1":{"name":"(anonymous_1)","decl":{"start":{"line":19,"column":18},"end":{"line":19,"column":19}},"loc":{"start":{"line":19,"column":24},"end":{"line":19,"column":53}},"line":19},"2":{"name":"(anonymous_2)","decl":{"start":{"line":20,"column":18},"end":{"line":20,"column":19}},"loc":{"start":{"line":20,"column":24},"end":{"line":20,"column":53}},"line":20}},"branchMap":{"0":{"loc":{"start":{"line":28,"column":2},"end":{"line":63,"column":3}},"type":"if","locations":[{"start":{"line":28,"column":2},"end":{"line":63,"column":3}},{"start":{},"end":{}}],"line":28},"1":{"loc":{"start":{"line":34,"column":4},"end":{"line":50,"column":5}},"type":"if","locations":[{"start":{"line":34,"column":4},"end":{"line":50,"column":5}},{"start":{},"end":{}}],"line":34},"2":{"loc":{"start":{"line":36,"column":6},"end":{"line":49,"column":7}},"type":"if","locations":[{"start":{"line":36,"column":6},"end":{"line":49,"column":7}},{"start":{"line":40,"column":13},"end":{"line":49,"column":7}}],"line":36},"3":{"loc":{"start":{"line":40,"column":13},"end":{"line":49,"column":7}},"type":"if","locations":[{"start":{"line":40,"column":13},"end":{"line":49,"column":7}},{"start":{"line":44,"column":13},"end":{"line":49,"column":7}}],"line":40},"4":{"loc":{"start":{"line":68,"column":17},"end":{"line":68,"column":60}},"type":"cond-expr","locations":[{"start":{"line":68,"column":30},"end":{"line":68,"column":46}},{"start":{"line":68,"column":49},"end":{"line":68,"column":60}}],"line":68},"5":{"loc":{"start":{"line":70,"column":7},"end":{"line":71,"column":68}},"type":"cond-expr","locations":[{"start":{"line":71,"column":10},"end":{"line":71,"column":61}},{"start":{"line":71,"column":64},"end":{"line":71,"column":68}}],"line":70},"6":{"loc":{"start":{"line":70,"column":7},"end":{"line":70,"column":45}},"type":"binary-expr","locations":[{"start":{"line":70,"column":7},"end":{"line":70,"column":28}},{"start":{"line":70,"column":32},"end":{"line":70,"column":45}}],"line":70},"7":{"loc":{"start":{"line":75,"column":7},"end":{"line":76,"column":70}},"type":"cond-expr","locations":[{"start":{"line":76,"column":10},"end":{"line":76,"column":63}},{"start":{"line":76,"column":66},"end":{"line":76,"column":70}}],"line":75},"8":{"loc":{"start":{"line":75,"column":7},"end":{"line":75,"column":45}},"type":"binary-expr","locations":[{"start":{"line":75,"column":7},"end":{"line":75,"column":28}},{"start":{"line":75,"column":32},"end":{"line":75,"column":45}}],"line":75}},"s":{"0":2,"1":20,"2":20,"3":20,"4":0,"5":20,"6":0,"7":20,"8":20,"9":20,"10":20,"11":20,"12":20,"13":18,"14":18,"15":18,"16":18,"17":4,"18":2,"19":2,"20":2,"21":2,"22":1,"23":1,"24":1,"25":1,"26":1,"27":1,"28":1,"29":18,"30":18,"31":112,"32":20},"f":{"0":20,"1":0,"2":0},"b":{"0":[18,2],"1":[4,14],"2":[2,2],"3":[1,1],"4":[13,7],"5":[2,18],"6":[20,18],"7":[3,17],"8":[20,18]},"_coverageSchema":"1a1c01bbd47fc00a2c39e90264f33305004495a9","hash":"b2ffcf2cd7edd957d72874b27deaac149cc23695"}
,"/Users/ElliottTung/Documents/Hack_Reactor/FECApp/client/src/components/Overview/ImageGallery/ZoomImage.jsx": {"path":"/Users/ElliottTung/Documents/Hack_Reactor/FECApp/client/src/components/Overview/ImageGallery/ZoomImage.jsx","statementMap":{"0":{"start":{"line":7,"column":34},"end":{"line":10,"column":4}},"1":{"start":{"line":13,"column":22},"end":{"line":16,"column":3}},"2":{"start":{"line":14,"column":4},"end":{"line":14,"column":57}},"3":{"start":{"line":15,"column":4},"end":{"line":15,"column":42}},"4":{"start":{"line":18,"column":2},"end":{"line":35,"column":3}},"5":{"start":{"line":19,"column":4},"end":{"line":34,"column":6}},"6":{"start":{"line":37,"column":2},"end":{"line":42,"column":4}}},"fnMap":{"0":{"name":"ZoomImage","decl":{"start":{"line":3,"column":24},"end":{"line":3,"column":33}},"loc":{"start":{"line":5,"column":3},"end":{"line":43,"column":1}},"line":5},"1":{"name":"(anonymous_1)","decl":{"start":{"line":13,"column":22},"end":{"line":13,"column":23}},"loc":{"start":{"line":13,"column":33},"end":{"line":16,"column":3}},"line":13}},"branchMap":{"0":{"loc":{"start":{"line":18,"column":2},"end":{"line":35,"column":3}},"type":"if","locations":[{"start":{"line":18,"column":2},"end":{"line":35,"column":3}},{"start":{},"end":{}}],"line":18}},"s":{"0":2,"1":2,"2":1,"3":1,"4":2,"5":2,"6":0},"f":{"0":2,"1":1},"b":{"0":[2,0]},"_coverageSchema":"1a1c01bbd47fc00a2c39e90264f33305004495a9","hash":"785f0c038e0210b9305f2a8e4dd950439ce202de"}
,"/Users/ElliottTung/Documents/Hack_Reactor/FECApp/client/src/components/Overview/ProductInfo/Description.jsx": {"path":"/Users/ElliottTung/Documents/Hack_Reactor/FECApp/client/src/components/Overview/ProductInfo/Description.jsx","statementMap":{"0":{"start":{"line":4,"column":2},"end":{"line":20,"column":3}},"1":{"start":{"line":5,"column":4},"end":{"line":13,"column":5}},"2":{"start":{"line":6,"column":6},"end":{"line":12,"column":8}},"3":{"start":{"line":14,"column":4},"end":{"line":19,"column":6}},"4":{"start":{"line":22,"column":2},"end":{"line":26,"column":4}}},"fnMap":{"0":{"name":"Description","decl":{"start":{"line":3,"column":24},"end":{"line":3,"column":35}},"loc":{"start":{"line":3,"column":46},"end":{"line":27,"column":1}},"line":3}},"branchMap":{"0":{"loc":{"start":{"line":4,"column":2},"end":{"line":20,"column":3}},"type":"if","locations":[{"start":{"line":4,"column":2},"end":{"line":20,"column":3}},{"start":{},"end":{}}],"line":4},"1":{"loc":{"start":{"line":4,"column":6},"end":{"line":4,"column":65}},"type":"binary-expr","locations":[{"start":{"line":4,"column":6},"end":{"line":4,"column":34}},{"start":{"line":4,"column":38},"end":{"line":4,"column":65}}],"line":4},"2":{"loc":{"start":{"line":5,"column":4},"end":{"line":13,"column":5}},"type":"if","locations":[{"start":{"line":5,"column":4},"end":{"line":13,"column":5}},{"start":{},"end":{}}],"line":5}},"s":{"0":1,"1":0,"2":0,"3":0,"4":1},"f":{"0":1},"b":{"0":[0,1],"1":[1,0],"2":[0,0]},"_coverageSchema":"1a1c01bbd47fc00a2c39e90264f33305004495a9","hash":"7817ea24917dfddb7f3229728bcc77545a7ca5a1"}
,"/Users/ElliottTung/Documents/Hack_Reactor/FECApp/client/src/components/Overview/ProductInfo/Price.jsx": {"path":"/Users/ElliottTung/Documents/Hack_Reactor/FECApp/client/src/components/Overview/ProductInfo/Price.jsx","statementMap":{"0":{"start":{"line":5,"column":22},"end":{"line":7,"column":1}},"1":{"start":{"line":10,"column":22},"end":{"line":13,"column":1}},"2":{"start":{"line":11,"column":32},"end":{"line":11,"column":52}},"3":{"start":{"line":16,"column":2},"end":{"line":37,"column":3}},"4":{"start":{"line":17,"column":22},"end":{"line":17,"column":46}},"5":{"start":{"line":18,"column":26},"end":{"line":18,"column":52}},"6":{"start":{"line":20,"column":4},"end":{"line":30,"column":5}},"7":{"start":{"line":21,"column":6},"end":{"line":29,"column":8}},"8":{"start":{"line":32,"column":4},"end":{"line":36,"column":6}},"9":{"start":{"line":39,"column":2},"end":{"line":39,"column":19}}},"fnMap":{"0":{"name":"(anonymous_0)","decl":{"start":{"line":11,"column":21},"end":{"line":11,"column":22}},"loc":{"start":{"line":11,"column":32},"end":{"line":11,"column":52}},"line":11},"1":{"name":"Price","decl":{"start":{"line":15,"column":24},"end":{"line":15,"column":29}},"loc":{"start":{"line":15,"column":41},"end":{"line":40,"column":1}},"line":15}},"branchMap":{"0":{"loc":{"start":{"line":11,"column":32},"end":{"line":11,"column":52}},"type":"binary-expr","locations":[{"start":{"line":11,"column":32},"end":{"line":11,"column":42}},{"start":{"line":11,"column":46},"end":{"line":11,"column":52}}],"line":11},"1":{"loc":{"start":{"line":16,"column":2},"end":{"line":37,"column":3}},"type":"if","locations":[{"start":{"line":16,"column":2},"end":{"line":37,"column":3}},{"start":{},"end":{}}],"line":16},"2":{"loc":{"start":{"line":17,"column":22},"end":{"line":17,"column":46}},"type":"binary-expr","locations":[{"start":{"line":17,"column":22},"end":{"line":17,"column":38}},{"start":{"line":17,"column":42},"end":{"line":17,"column":46}}],"line":17},"3":{"loc":{"start":{"line":18,"column":26},"end":{"line":18,"column":52}},"type":"binary-expr","locations":[{"start":{"line":18,"column":26},"end":{"line":18,"column":46}},{"start":{"line":18,"column":50},"end":{"line":18,"column":52}}],"line":18},"4":{"loc":{"start":{"line":20,"column":4},"end":{"line":30,"column":5}},"type":"if","locations":[{"start":{"line":20,"column":4},"end":{"line":30,"column":5}},{"start":{},"end":{}}],"line":20}},"s":{"0":2,"1":2,"2":3,"3":4,"4":3,"5":3,"6":3,"7":2,"8":1,"9":1},"f":{"0":3,"1":4},"b":{"0":[3,1],"1":[3,1],"2":[3,1],"3":[3,0],"4":[2,1]},"_coverageSchema":"1a1c01bbd47fc00a2c39e90264f33305004495a9","hash":"1d482435f839e223733c6cc3a0f49f6eccdf3e7c"}
,"/Users/ElliottTung/Documents/Hack_Reactor/FECApp/client/src/components/Overview/ProductInfo/ProductInfo.jsx": {"path":"/Users/ElliottTung/Documents/Hack_Reactor/FECApp/client/src/components/Overview/ProductInfo/ProductInfo.jsx","statementMap":{"0":{"start":{"line":8,"column":2},"end":{"line":18,"column":4}}},"fnMap":{"0":{"name":"ProductInfo","decl":{"start":{"line":6,"column":24},"end":{"line":6,"column":35}},"loc":{"start":{"line":6,"column":58},"end":{"line":19,"column":1}},"line":6}},"branchMap":{"0":{"loc":{"start":{"line":6,"column":36},"end":{"line":6,"column":56}},"type":"default-arg","locations":[{"start":{"line":6,"column":54},"end":{"line":6,"column":56}}],"line":6}},"s":{"0":4},"f":{"0":4},"b":{"0":[0]},"_coverageSchema":"1a1c01bbd47fc00a2c39e90264f33305004495a9","hash":"46bacca165050012dd3e23a79a2fea1454fcacb8"}
,"/Users/ElliottTung/Documents/Hack_Reactor/FECApp/client/src/components/Overview/ProductInfo/ShareMedia.jsx": {"path":"/Users/ElliottTung/Documents/Hack_Reactor/FECApp/client/src/components/Overview/ProductInfo/ShareMedia.jsx","statementMap":{"0":{"start":{"line":5,"column":19},"end":{"line":7,"column":1}},"1":{"start":{"line":14,"column":23},"end":{"line":31,"column":6}},"2":{"start":{"line":33,"column":2},"end":{"line":49,"column":9}},"3":{"start":{"line":34,"column":20},"end":{"line":34,"column":22}},"4":{"start":{"line":36,"column":4},"end":{"line":41,"column":7}},"5":{"start":{"line":37,"column":21},"end":{"line":37,"column":53}},"6":{"start":{"line":38,"column":6},"end":{"line":38,"column":42}},"7":{"start":{"line":39,"column":6},"end":{"line":39,"column":40}},"8":{"start":{"line":40,"column":6},"end":{"line":40,"column":27}},"9":{"start":{"line":43,"column":4},"end":{"line":47,"column":6}},"10":{"start":{"line":44,"column":6},"end":{"line":46,"column":9}},"11":{"start":{"line":45,"column":8},"end":{"line":45,"column":47}},"12":{"start":{"line":51,"column":2},"end":{"line":87,"column":4}}},"fnMap":{"0":{"name":"ShareMedia","decl":{"start":{"line":9,"column":24},"end":{"line":9,"column":34}},"loc":{"start":{"line":9,"column":46},"end":{"line":88,"column":1}},"line":9},"1":{"name":"(anonymous_1)","decl":{"start":{"line":33,"column":12},"end":{"line":33,"column":13}},"loc":{"start":{"line":33,"column":18},"end":{"line":49,"column":3}},"line":33},"2":{"name":"(anonymous_2)","decl":{"start":{"line":36,"column":25},"end":{"line":36,"column":26}},"loc":{"start":{"line":36,"column":43},"end":{"line":41,"column":5}},"line":36},"3":{"name":"(anonymous_3)","decl":{"start":{"line":43,"column":11},"end":{"line":43,"column":12}},"loc":{"start":{"line":43,"column":17},"end":{"line":47,"column":5}},"line":43},"4":{"name":"(anonymous_4)","decl":{"start":{"line":44,"column":22},"end":{"line":44,"column":23}},"loc":{"start":{"line":44,"column":39},"end":{"line":46,"column":7}},"line":44}},"branchMap":{"0":{"loc":{"start":{"line":59,"column":21},"end":{"line":59,"column":37}},"type":"binary-expr","locations":[{"start":{"line":59,"column":21},"end":{"line":59,"column":31}},{"start":{"line":59,"column":35},"end":{"line":59,"column":37}}],"line":59}},"s":{"0":2,"1":4,"2":4,"3":4,"4":4,"5":12,"6":12,"7":12,"8":12,"9":4,"10":4,"11":12,"12":4},"f":{"0":4,"1":4,"2":12,"3":4,"4":12},"b":{"0":[4,1]},"_coverageSchema":"1a1c01bbd47fc00a2c39e90264f33305004495a9","hash":"9cbe54fa024a586ff26dcb207b487f4bd7d2059e"}
,"/Users/ElliottTung/Documents/Hack_Reactor/FECApp/client/src/components/Overview/StyleSelector/StyleSelector.jsx": {"path":"/Users/ElliottTung/Documents/Hack_Reactor/FECApp/client/src/components/Overview/StyleSelector/StyleSelector.jsx","statementMap":{"0":{"start":{"line":5,"column":18},"end":{"line":9,"column":1}},"1":{"start":{"line":12,"column":22},"end":{"line":14,"column":3}},"2":{"start":{"line":13,"column":4},"end":{"line":13,"column":34}},"3":{"start":{"line":18,"column":2},"end":{"line":33,"column":4}},"4":{"start":{"line":23,"column":10},"end":{"line":29,"column":12}}},"fnMap":{"0":{"name":"StyleSelector","decl":{"start":{"line":11,"column":24},"end":{"line":11,"column":37}},"loc":{"start":{"line":11,"column":61},"end":{"line":34,"column":1}},"line":11},"1":{"name":"(anonymous_1)","decl":{"start":{"line":12,"column":22},"end":{"line":12,"column":23}},"loc":{"start":{"line":12,"column":33},"end":{"line":14,"column":3}},"line":12},"2":{"name":"(anonymous_2)","decl":{"start":{"line":22,"column":23},"end":{"line":22,"column":24}},"loc":{"start":{"line":23,"column":10},"end":{"line":29,"column":12}},"line":23}},"branchMap":{"0":{"loc":{"start":{"line":20,"column":11},"end":{"line":20,"column":64}},"type":"cond-expr","locations":[{"start":{"line":20,"column":34},"end":{"line":20,"column":59}},{"start":{"line":20,"column":62},"end":{"line":20,"column":64}}],"line":20}},"s":{"0":2,"1":3,"2":1,"3":3,"4":14},"f":{"0":3,"1":1,"2":14},"b":{"0":[2,1]},"_coverageSchema":"1a1c01bbd47fc00a2c39e90264f33305004495a9","hash":"b580f29b19757b46eae67cdfbb34acb004b4c196"}
,"/Users/ElliottTung/Documents/Hack_Reactor/FECApp/client/src/components/Overview/StyleSelector/StyleThumbnail.jsx": {"path":"/Users/ElliottTung/Documents/Hack_Reactor/FECApp/client/src/components/Overview/StyleSelector/StyleThumbnail.jsx","statementMap":{"0":{"start":{"line":6,"column":26},"end":{"line":12,"column":3}},"1":{"start":{"line":7,"column":4},"end":{"line":9,"column":5}},"2":{"start":{"line":8,"column":6},"end":{"line":8,"column":25}},"3":{"start":{"line":10,"column":4},"end":{"line":10,"column":24}},"4":{"start":{"line":11,"column":4},"end":{"line":11,"column":27}},"5":{"start":{"line":15,"column":2},"end":{"line":30,"column":3}},"6":{"start":{"line":16,"column":4},"end":{"line":29,"column":6}},"7":{"start":{"line":32,"column":2},"end":{"line":44,"column":4}}},"fnMap":{"0":{"name":"StyleThumbnail","decl":{"start":{"line":3,"column":24},"end":{"line":3,"column":38}},"loc":{"start":{"line":5,"column":3},"end":{"line":45,"column":1}},"line":5},"1":{"name":"(anonymous_1)","decl":{"start":{"line":6,"column":26},"end":{"line":6,"column":27}},"loc":{"start":{"line":6,"column":37},"end":{"line":12,"column":3}},"line":6}},"branchMap":{"0":{"loc":{"start":{"line":7,"column":4},"end":{"line":9,"column":5}},"type":"if","locations":[{"start":{"line":7,"column":4},"end":{"line":9,"column":5}},{"start":{},"end":{}}],"line":7},"1":{"loc":{"start":{"line":15,"column":2},"end":{"line":30,"column":3}},"type":"if","locations":[{"start":{"line":15,"column":2},"end":{"line":30,"column":3}},{"start":{},"end":{}}],"line":15}},"s":{"0":14,"1":1,"2":1,"3":1,"4":1,"5":14,"6":2,"7":12},"f":{"0":14,"1":1},"b":{"0":[1,0],"1":[2,12]},"_coverageSchema":"1a1c01bbd47fc00a2c39e90264f33305004495a9","hash":"28617e15d03982eeb48480b8644d83ec26eb5d3d"}
,"/Users/ElliottTung/Documents/Hack_Reactor/FECApp/client/src/components/QAModule/QuestionsAndAnswers.jsx": {"path":"/Users/ElliottTung/Documents/Hack_Reactor/FECApp/client/src/components/QAModule/QuestionsAndAnswers.jsx","statementMap":{"0":{"start":{"line":7,"column":16},"end":{"line":13,"column":1}},"1":{"start":{"line":15,"column":16},"end":{"line":19,"column":1}},"2":{"start":{"line":22,"column":36},"end":{"line":22,"column":48}},"3":{"start":{"line":23,"column":52},"end":{"line":23,"column":64}},"4":{"start":{"line":24,"column":32},"end":{"line":24,"column":47}},"5":{"start":{"line":25,"column":20},"end":{"line":25,"column":35}},"6":{"start":{"line":26,"column":24},"end":{"line":26,"column":29}},"7":{"start":{"line":28,"column":18},"end":{"line":28,"column":71}},"8":{"start":{"line":29,"column":15},"end":{"line":29,"column":16}},"9":{"start":{"line":30,"column":16},"end":{"line":30,"column":19}},"10":{"start":{"line":31,"column":18},"end":{"line":33,"column":3}},"11":{"start":{"line":35,"column":2},"end":{"line":52,"column":27}},"12":{"start":{"line":36,"column":16},"end":{"line":36,"column":93}},"13":{"start":{"line":37,"column":4},"end":{"line":51,"column":5}},"14":{"start":{"line":38,"column":6},"end":{"line":50,"column":11}},"15":{"start":{"line":40,"column":30},"end":{"line":40,"column":38}},"16":{"start":{"line":41,"column":32},"end":{"line":43,"column":12}},"17":{"start":{"line":42,"column":12},"end":{"line":42,"column":59}},"18":{"start":{"line":44,"column":10},"end":{"line":44,"column":38}},"19":{"start":{"line":45,"column":10},"end":{"line":45,"column":46}},"20":{"start":{"line":49,"column":10},"end":{"line":49,"column":62}},"21":{"start":{"line":54,"column":23},"end":{"line":63,"column":3}},"22":{"start":{"line":55,"column":4},"end":{"line":62,"column":5}},"23":{"start":{"line":56,"column":23},"end":{"line":58,"column":8}},"24":{"start":{"line":57,"column":8},"end":{"line":57,"column":79}},"25":{"start":{"line":59,"column":6},"end":{"line":59,"column":37}},"26":{"start":{"line":61,"column":6},"end":{"line":61,"column":38}},"27":{"start":{"line":65,"column":36},"end":{"line":67,"column":3}},"28":{"start":{"line":66,"column":4},"end":{"line":66,"column":25}},"29":{"start":{"line":74,"column":2},"end":{"line":82,"column":4}}},"fnMap":{"0":{"name":"QuestionsAndAnswers","decl":{"start":{"line":21,"column":24},"end":{"line":21,"column":43}},"loc":{"start":{"line":21,"column":46},"end":{"line":83,"column":1}},"line":21},"1":{"name":"(anonymous_1)","decl":{"start":{"line":35,"column":12},"end":{"line":35,"column":13}},"loc":{"start":{"line":35,"column":18},"end":{"line":52,"column":3}},"line":35},"2":{"name":"(anonymous_2)","decl":{"start":{"line":39,"column":14},"end":{"line":39,"column":15}},"loc":{"start":{"line":39,"column":23},"end":{"line":46,"column":9}},"line":39},"3":{"name":"(anonymous_3)","decl":{"start":{"line":41,"column":45},"end":{"line":41,"column":46}},"loc":{"start":{"line":42,"column":12},"end":{"line":42,"column":59}},"line":42},"4":{"name":"(anonymous_4)","decl":{"start":{"line":47,"column":15},"end":{"line":47,"column":16}},"loc":{"start":{"line":47,"column":24},"end":{"line":50,"column":9}},"line":47},"5":{"name":"(anonymous_5)","decl":{"start":{"line":54,"column":23},"end":{"line":54,"column":24}},"loc":{"start":{"line":54,"column":39},"end":{"line":63,"column":3}},"line":54},"6":{"name":"(anonymous_6)","decl":{"start":{"line":56,"column":40},"end":{"line":56,"column":41}},"loc":{"start":{"line":57,"column":8},"end":{"line":57,"column":79}},"line":57},"7":{"name":"(anonymous_7)","decl":{"start":{"line":65,"column":36},"end":{"line":65,"column":37}},"loc":{"start":{"line":65,"column":42},"end":{"line":67,"column":3}},"line":65}},"branchMap":{"0":{"loc":{"start":{"line":37,"column":4},"end":{"line":51,"column":5}},"type":"if","locations":[{"start":{"line":37,"column":4},"end":{"line":51,"column":5}},{"start":{},"end":{}}],"line":37},"1":{"loc":{"start":{"line":55,"column":4},"end":{"line":62,"column":5}},"type":"if","locations":[{"start":{"line":55,"column":4},"end":{"line":62,"column":5}},{"start":{"line":60,"column":11},"end":{"line":62,"column":5}}],"line":55}},"s":{"0":1,"1":1,"2":4,"3":4,"4":4,"5":4,"6":4,"7":4,"8":4,"9":4,"10":4,"11":4,"12":4,"13":4,"14":2,"15":2,"16":0,"17":0,"18":0,"19":0,"20":2,"21":4,"22":0,"23":0,"24":0,"25":0,"26":0,"27":4,"28":0,"29":4},"f":{"0":4,"1":4,"2":2,"3":0,"4":2,"5":0,"6":0,"7":0},"b":{"0":[2,2],"1":[0,0]},"_coverageSchema":"1a1c01bbd47fc00a2c39e90264f33305004495a9","hash":"c0037affb53bd7c8a4c41e12f0c669b50bc80982"}
,"/Users/ElliottTung/Documents/Hack_Reactor/FECApp/client/src/components/QAModule/TestProductData.js": {"path":"/Users/ElliottTung/Documents/Hack_Reactor/FECApp/client/src/components/QAModule/TestProductData.js","statementMap":{"0":{"start":{"line":6,"column":24},"end":{"line":28,"column":1}}},"fnMap":{},"branchMap":{},"s":{"0":1},"f":{},"b":{},"_coverageSchema":"1a1c01bbd47fc00a2c39e90264f33305004495a9","hash":"057cb70fbf5c5371914ca38f4b279748d53bb948"}
,"/Users/ElliottTung/Documents/Hack_Reactor/FECApp/client/src/components/QAModule/TestQAData.js": {"path":"/Users/ElliottTung/Documents/Hack_Reactor/FECApp/client/src/components/QAModule/TestQAData.js","statementMap":{"0":{"start":{"line":6,"column":19},"end":{"line":131,"column":1}},"1":{"start":{"line":133,"column":24},"end":{"line":138,"column":1}}},"fnMap":{},"branchMap":{},"s":{"0":3,"1":3},"f":{},"b":{},"_coverageSchema":"1a1c01bbd47fc00a2c39e90264f33305004495a9","hash":"5b19a5732f8cb85d4f11c3eb4c85d1a0b806fdec"}
,"/Users/ElliottTung/Documents/Hack_Reactor/FECApp/client/src/components/QAModule/QAComponents/AddAnswer.jsx": {"path":"/Users/ElliottTung/Documents/Hack_Reactor/FECApp/client/src/components/QAModule/QAComponents/AddAnswer.jsx","statementMap":{"0":{"start":{"line":7,"column":24},"end":{"line":21,"column":1}},"1":{"start":{"line":24,"column":40},"end":{"line":24,"column":55}},"2":{"start":{"line":25,"column":38},"end":{"line":25,"column":50}},"3":{"start":{"line":26,"column":34},"end":{"line":26,"column":46}},"4":{"start":{"line":27,"column":28},"end":{"line":27,"column":40}},"5":{"start":{"line":29,"column":20},"end":{"line":31,"column":3}},"6":{"start":{"line":30,"column":4},"end":{"line":30,"column":25}},"7":{"start":{"line":33,"column":21},"end":{"line":35,"column":3}},"8":{"start":{"line":34,"column":4},"end":{"line":34,"column":26}},"9":{"start":{"line":37,"column":23},"end":{"line":61,"column":3}},"10":{"start":{"line":38,"column":4},"end":{"line":38,"column":27}},"11":{"start":{"line":40,"column":4},"end":{"line":58,"column":5}},"12":{"start":{"line":41,"column":18},"end":{"line":53,"column":7}},"13":{"start":{"line":54,"column":6},"end":{"line":54,"column":55}},"14":{"start":{"line":55,"column":6},"end":{"line":55,"column":23}},"15":{"start":{"line":57,"column":6},"end":{"line":57,"column":52}},"16":{"start":{"line":60,"column":4},"end":{"line":60,"column":17}},"17":{"start":{"line":63,"column":2},"end":{"line":90,"column":4}},"18":{"start":{"line":74,"column":101},"end":{"line":74,"column":130}},"19":{"start":{"line":78,"column":151},"end":{"line":78,"column":178}},"20":{"start":{"line":83,"column":132},"end":{"line":83,"column":156}}},"fnMap":{"0":{"name":"AddAnswer","decl":{"start":{"line":23,"column":24},"end":{"line":23,"column":33}},"loc":{"start":{"line":23,"column":64},"end":{"line":91,"column":1}},"line":23},"1":{"name":"(anonymous_1)","decl":{"start":{"line":29,"column":20},"end":{"line":29,"column":21}},"loc":{"start":{"line":29,"column":26},"end":{"line":31,"column":3}},"line":29},"2":{"name":"(anonymous_2)","decl":{"start":{"line":33,"column":21},"end":{"line":33,"column":22}},"loc":{"start":{"line":33,"column":27},"end":{"line":35,"column":3}},"line":33},"3":{"name":"(anonymous_3)","decl":{"start":{"line":37,"column":23},"end":{"line":37,"column":24}},"loc":{"start":{"line":37,"column":40},"end":{"line":61,"column":3}},"line":37},"4":{"name":"(anonymous_4)","decl":{"start":{"line":74,"column":94},"end":{"line":74,"column":95}},"loc":{"start":{"line":74,"column":101},"end":{"line":74,"column":130}},"line":74},"5":{"name":"(anonymous_5)","decl":{"start":{"line":78,"column":144},"end":{"line":78,"column":145}},"loc":{"start":{"line":78,"column":151},"end":{"line":78,"column":178}},"line":78},"6":{"name":"(anonymous_6)","decl":{"start":{"line":83,"column":125},"end":{"line":83,"column":126}},"loc":{"start":{"line":83,"column":132},"end":{"line":83,"column":156}},"line":83}},"branchMap":{},"s":{"0":4,"1":42,"2":42,"3":42,"4":42,"5":42,"6":1,"7":42,"8":1,"9":42,"10":1,"11":1,"12":1,"13":1,"14":1,"15":0,"16":1,"17":42,"18":1,"19":1,"20":1},"f":{"0":42,"1":1,"2":1,"3":1,"4":1,"5":1,"6":1},"b":{},"_coverageSchema":"1a1c01bbd47fc00a2c39e90264f33305004495a9","hash":"10306fcc602b249bf046b85497fb2c3132bf3351"}
,"/Users/ElliottTung/Documents/Hack_Reactor/FECApp/client/src/components/QAModule/QAComponents/AddQuestion.jsx": {"path":"/Users/ElliottTung/Documents/Hack_Reactor/FECApp/client/src/components/QAModule/QAComponents/AddQuestion.jsx","statementMap":{"0":{"start":{"line":7,"column":26},"end":{"line":14,"column":1}},"1":{"start":{"line":17,"column":40},"end":{"line":17,"column":55}},"2":{"start":{"line":18,"column":42},"end":{"line":18,"column":54}},"3":{"start":{"line":19,"column":34},"end":{"line":19,"column":46}},"4":{"start":{"line":20,"column":28},"end":{"line":20,"column":40}},"5":{"start":{"line":22,"column":20},"end":{"line":24,"column":3}},"6":{"start":{"line":23,"column":4},"end":{"line":23,"column":25}},"7":{"start":{"line":26,"column":21},"end":{"line":28,"column":3}},"8":{"start":{"line":27,"column":4},"end":{"line":27,"column":26}},"9":{"start":{"line":30,"column":23},"end":{"line":55,"column":3}},"10":{"start":{"line":31,"column":4},"end":{"line":31,"column":27}},"11":{"start":{"line":33,"column":4},"end":{"line":52,"column":5}},"12":{"start":{"line":34,"column":18},"end":{"line":47,"column":7}},"13":{"start":{"line":48,"column":6},"end":{"line":48,"column":55}},"14":{"start":{"line":49,"column":6},"end":{"line":49,"column":25}},"15":{"start":{"line":51,"column":6},"end":{"line":51,"column":52}},"16":{"start":{"line":54,"column":4},"end":{"line":54,"column":17}},"17":{"start":{"line":57,"column":2},"end":{"line":84,"column":4}},"18":{"start":{"line":68,"column":105},"end":{"line":68,"column":136}},"19":{"start":{"line":72,"column":150},"end":{"line":72,"column":177}},"20":{"start":{"line":77,"column":154},"end":{"line":77,"column":178}}},"fnMap":{"0":{"name":"AddQuestion","decl":{"start":{"line":16,"column":24},"end":{"line":16,"column":35}},"loc":{"start":{"line":16,"column":69},"end":{"line":85,"column":1}},"line":16},"1":{"name":"(anonymous_1)","decl":{"start":{"line":22,"column":20},"end":{"line":22,"column":21}},"loc":{"start":{"line":22,"column":26},"end":{"line":24,"column":3}},"line":22},"2":{"name":"(anonymous_2)","decl":{"start":{"line":26,"column":21},"end":{"line":26,"column":22}},"loc":{"start":{"line":26,"column":27},"end":{"line":28,"column":3}},"line":26},"3":{"name":"(anonymous_3)","decl":{"start":{"line":30,"column":23},"end":{"line":30,"column":24}},"loc":{"start":{"line":30,"column":40},"end":{"line":55,"column":3}},"line":30},"4":{"name":"(anonymous_4)","decl":{"start":{"line":68,"column":98},"end":{"line":68,"column":99}},"loc":{"start":{"line":68,"column":105},"end":{"line":68,"column":136}},"line":68},"5":{"name":"(anonymous_5)","decl":{"start":{"line":72,"column":143},"end":{"line":72,"column":144}},"loc":{"start":{"line":72,"column":150},"end":{"line":72,"column":177}},"line":72},"6":{"name":"(anonymous_6)","decl":{"start":{"line":77,"column":147},"end":{"line":77,"column":148}},"loc":{"start":{"line":77,"column":154},"end":{"line":77,"column":178}},"line":77}},"branchMap":{},"s":{"0":1,"1":4,"2":4,"3":4,"4":4,"5":4,"6":0,"7":4,"8":0,"9":4,"10":0,"11":0,"12":0,"13":0,"14":0,"15":0,"16":0,"17":4,"18":0,"19":0,"20":0},"f":{"0":4,"1":0,"2":0,"3":0,"4":0,"5":0,"6":0},"b":{},"_coverageSchema":"1a1c01bbd47fc00a2c39e90264f33305004495a9","hash":"a6e072d7839aaeedb913f936ce8cb6bb1f0cc94a"}
,"/Users/ElliottTung/Documents/Hack_Reactor/FECApp/client/src/components/QAModule/QAComponents/AnswerEntry.jsx": {"path":"/Users/ElliottTung/Documents/Hack_Reactor/FECApp/client/src/components/QAModule/QAComponents/AnswerEntry.jsx","statementMap":{"0":{"start":{"line":6,"column":24},"end":{"line":11,"column":1}},"1":{"start":{"line":13,"column":19},"end":{"line":20,"column":1}},"2":{"start":{"line":22,"column":22},"end":{"line":29,"column":1}},"3":{"start":{"line":31,"column":17},"end":{"line":33,"column":1}},"4":{"start":{"line":35,"column":22},"end":{"line":37,"column":1}},"5":{"start":{"line":39,"column":26},"end":{"line":49,"column":1}},"6":{"start":{"line":51,"column":21},"end":{"line":61,"column":1}},"7":{"start":{"line":64,"column":50},"end":{"line":64,"column":78}},"8":{"start":{"line":65,"column":38},"end":{"line":65,"column":53}},"9":{"start":{"line":66,"column":50},"end":{"line":66,"column":65}},"10":{"start":{"line":68,"column":37},"end":{"line":88,"column":3}},"11":{"start":{"line":69,"column":4},"end":{"line":87,"column":5}},"12":{"start":{"line":70,"column":6},"end":{"line":70,"column":48}},"13":{"start":{"line":71,"column":6},"end":{"line":71,"column":32}},"14":{"start":{"line":73,"column":6},"end":{"line":86,"column":7}},"15":{"start":{"line":74,"column":20},"end":{"line":82,"column":9}},"16":{"start":{"line":83,"column":8},"end":{"line":83,"column":57}},"17":{"start":{"line":85,"column":8},"end":{"line":85,"column":59}},"18":{"start":{"line":90,"column":23},"end":{"line":107,"column":3}},"19":{"start":{"line":91,"column":4},"end":{"line":91,"column":24}},"20":{"start":{"line":93,"column":4},"end":{"line":106,"column":5}},"21":{"start":{"line":94,"column":18},"end":{"line":102,"column":7}},"22":{"start":{"line":103,"column":6},"end":{"line":103,"column":55}},"23":{"start":{"line":105,"column":6},"end":{"line":105,"column":52}},"24":{"start":{"line":109,"column":2},"end":{"line":145,"column":4}}},"fnMap":{"0":{"name":"AnswerEntry","decl":{"start":{"line":63,"column":24},"end":{"line":63,"column":35}},"loc":{"start":{"line":63,"column":48},"end":{"line":146,"column":1}},"line":63},"1":{"name":"(anonymous_1)","decl":{"start":{"line":68,"column":37},"end":{"line":68,"column":38}},"loc":{"start":{"line":68,"column":49},"end":{"line":88,"column":3}},"line":68},"2":{"name":"(anonymous_2)","decl":{"start":{"line":90,"column":23},"end":{"line":90,"column":24}},"loc":{"start":{"line":90,"column":35},"end":{"line":107,"column":3}},"line":90}},"branchMap":{"0":{"loc":{"start":{"line":69,"column":4},"end":{"line":87,"column":5}},"type":"if","locations":[{"start":{"line":69,"column":4},"end":{"line":87,"column":5}},{"start":{},"end":{}}],"line":69},"1":{"loc":{"start":{"line":136,"column":9},"end":{"line":142,"column":9}},"type":"cond-expr","locations":[{"start":{"line":137,"column":10},"end":{"line":137,"column":54}},{"start":{"line":139,"column":10},"end":{"line":141,"column":25}}],"line":136}},"s":{"0":4,"1":4,"2":4,"3":4,"4":4,"5":4,"6":4,"7":60,"8":60,"9":60,"10":60,"11":3,"12":2,"13":2,"14":2,"15":2,"16":2,"17":0,"18":60,"19":1,"20":1,"21":1,"22":1,"23":0,"24":60},"f":{"0":60,"1":3,"2":1},"b":{"0":[2,1],"1":[1,59]},"_coverageSchema":"1a1c01bbd47fc00a2c39e90264f33305004495a9","hash":"5fdb01968a5c3aba9b22882df4dbbc59e0a30a69"}
,"/Users/ElliottTung/Documents/Hack_Reactor/FECApp/client/src/components/QAModule/QAComponents/QuestionEntry.jsx": {"path":"/Users/ElliottTung/Documents/Hack_Reactor/FECApp/client/src/components/QAModule/QAComponents/QuestionEntry.jsx","statementMap":{"0":{"start":{"line":8,"column":26},"end":{"line":13,"column":1}},"1":{"start":{"line":15,"column":17},"end":{"line":20,"column":1}},"2":{"start":{"line":22,"column":25},"end":{"line":29,"column":1}},"3":{"start":{"line":31,"column":21},"end":{"line":36,"column":1}},"4":{"start":{"line":38,"column":22},"end":{"line":45,"column":1}},"5":{"start":{"line":47,"column":22},"end":{"line":49,"column":1}},"6":{"start":{"line":51,"column":26},"end":{"line":63,"column":1}},"7":{"start":{"line":66,"column":50},"end":{"line":66,"column":61}},"8":{"start":{"line":67,"column":50},"end":{"line":67,"column":89}},"9":{"start":{"line":68,"column":50},"end":{"line":68,"column":65}},"10":{"start":{"line":70,"column":24},"end":{"line":82,"column":3}},"11":{"start":{"line":71,"column":4},"end":{"line":80,"column":5}},"12":{"start":{"line":72,"column":18},"end":{"line":72,"column":19}},"13":{"start":{"line":73,"column":6},"end":{"line":79,"column":9}},"14":{"start":{"line":74,"column":8},"end":{"line":77,"column":9}},"15":{"start":{"line":75,"column":10},"end":{"line":75,"column":21}},"16":{"start":{"line":76,"column":10},"end":{"line":76,"column":95}},"17":{"start":{"line":78,"column":8},"end":{"line":78,"column":20}},"18":{"start":{"line":81,"column":4},"end":{"line":81,"column":16}},"19":{"start":{"line":84,"column":26},"end":{"line":86,"column":3}},"20":{"start":{"line":85,"column":4},"end":{"line":85,"column":46}},"21":{"start":{"line":88,"column":31},"end":{"line":108,"column":3}},"22":{"start":{"line":89,"column":4},"end":{"line":107,"column":5}},"23":{"start":{"line":90,"column":6},"end":{"line":90,"column":48}},"24":{"start":{"line":91,"column":6},"end":{"line":91,"column":32}},"25":{"start":{"line":93,"column":6},"end":{"line":106,"column":7}},"26":{"start":{"line":94,"column":20},"end":{"line":102,"column":9}},"27":{"start":{"line":103,"column":8},"end":{"line":103,"column":57}},"28":{"start":{"line":105,"column":8},"end":{"line":105,"column":59}},"29":{"start":{"line":110,"column":2},"end":{"line":131,"column":4}}},"fnMap":{"0":{"name":"QuestionEntry","decl":{"start":{"line":65,"column":24},"end":{"line":65,"column":37}},"loc":{"start":{"line":65,"column":68},"end":{"line":132,"column":1}},"line":65},"1":{"name":"(anonymous_1)","decl":{"start":{"line":70,"column":24},"end":{"line":70,"column":25}},"loc":{"start":{"line":70,"column":30},"end":{"line":82,"column":3}},"line":70},"2":{"name":"(anonymous_2)","decl":{"start":{"line":73,"column":47},"end":{"line":73,"column":48}},"loc":{"start":{"line":73,"column":56},"end":{"line":79,"column":7}},"line":73},"3":{"name":"(anonymous_3)","decl":{"start":{"line":84,"column":26},"end":{"line":84,"column":27}},"loc":{"start":{"line":84,"column":32},"end":{"line":86,"column":3}},"line":84},"4":{"name":"(anonymous_4)","decl":{"start":{"line":88,"column":31},"end":{"line":88,"column":32}},"loc":{"start":{"line":88,"column":43},"end":{"line":108,"column":3}},"line":88}},"branchMap":{"0":{"loc":{"start":{"line":71,"column":4},"end":{"line":80,"column":5}},"type":"if","locations":[{"start":{"line":71,"column":4},"end":{"line":80,"column":5}},{"start":{},"end":{}}],"line":71},"1":{"loc":{"start":{"line":71,"column":8},"end":{"line":71,"column":36}},"type":"binary-expr","locations":[{"start":{"line":71,"column":8},"end":{"line":71,"column":16}},{"start":{"line":71,"column":20},"end":{"line":71,"column":36}}],"line":71},"2":{"loc":{"start":{"line":74,"column":8},"end":{"line":77,"column":9}},"type":"if","locations":[{"start":{"line":74,"column":8},"end":{"line":77,"column":9}},{"start":{},"end":{}}],"line":74},"3":{"loc":{"start":{"line":89,"column":4},"end":{"line":107,"column":5}},"type":"if","locations":[{"start":{"line":89,"column":4},"end":{"line":107,"column":5}},{"start":{},"end":{}}],"line":89},"4":{"loc":{"start":{"line":126,"column":9},"end":{"line":128,"column":9}},"type":"binary-expr","locations":[{"start":{"line":126,"column":9},"end":{"line":126,"column":64}},{"start":{"line":127,"column":8},"end":{"line":127,"column":138}}],"line":126}},"s":{"0":3,"1":3,"2":3,"3":3,"4":3,"5":3,"6":3,"7":36,"8":36,"9":36,"10":36,"11":36,"12":36,"13":36,"14":65,"15":51,"16":51,"17":14,"18":0,"19":36,"20":2,"21":36,"22":3,"23":2,"24":2,"25":2,"26":2,"27":2,"28":0,"29":36},"f":{"0":36,"1":36,"2":65,"3":2,"4":3},"b":{"0":[36,0],"1":[36,36],"2":[51,14],"3":[2,1],"4":[36,7]},"_coverageSchema":"1a1c01bbd47fc00a2c39e90264f33305004495a9","hash":"107cdfb324dc632fe250aceeb7c1d101c0855fc5"}
,"/Users/ElliottTung/Documents/Hack_Reactor/FECApp/client/src/components/QAModule/QAComponents/QuestionsList.jsx": {"path":"/Users/ElliottTung/Documents/Hack_Reactor/FECApp/client/src/components/QAModule/QAComponents/QuestionsList.jsx","statementMap":{"0":{"start":{"line":5,"column":28},"end":{"line":12,"column":1}},"1":{"start":{"line":14,"column":40},"end":{"line":14,"column":51}},"2":{"start":{"line":16,"column":26},"end":{"line":31,"column":3}},"3":{"start":{"line":17,"column":16},"end":{"line":17,"column":17}},"4":{"start":{"line":18,"column":4},"end":{"line":30,"column":7}},"5":{"start":{"line":19,"column":6},"end":{"line":28,"column":7}},"6":{"start":{"line":20,"column":8},"end":{"line":20,"column":19}},"7":{"start":{"line":21,"column":8},"end":{"line":27,"column":10}},"8":{"start":{"line":29,"column":6},"end":{"line":29,"column":18}},"9":{"start":{"line":33,"column":21},"end":{"line":35,"column":3}},"10":{"start":{"line":34,"column":4},"end":{"line":34,"column":36}},"11":{"start":{"line":37,"column":2},"end":{"line":46,"column":4}}},"fnMap":{"0":{"name":"QuestionsList","decl":{"start":{"line":13,"column":24},"end":{"line":13,"column":37}},"loc":{"start":{"line":13,"column":69},"end":{"line":47,"column":1}},"line":13},"1":{"name":"(anonymous_1)","decl":{"start":{"line":16,"column":26},"end":{"line":16,"column":27}},"loc":{"start":{"line":16,"column":32},"end":{"line":31,"column":3}},"line":16},"2":{"name":"(anonymous_2)","decl":{"start":{"line":18,"column":25},"end":{"line":18,"column":26}},"loc":{"start":{"line":18,"column":39},"end":{"line":30,"column":5}},"line":18},"3":{"name":"(anonymous_3)","decl":{"start":{"line":33,"column":21},"end":{"line":33,"column":22}},"loc":{"start":{"line":33,"column":27},"end":{"line":35,"column":3}},"line":33}},"branchMap":{"0":{"loc":{"start":{"line":19,"column":6},"end":{"line":28,"column":7}},"type":"if","locations":[{"start":{"line":19,"column":6},"end":{"line":28,"column":7}},{"start":{},"end":{}}],"line":19},"1":{"loc":{"start":{"line":41,"column":9},"end":{"line":43,"column":9}},"type":"binary-expr","locations":[{"start":{"line":41,"column":9},"end":{"line":41,"column":39}},{"start":{"line":42,"column":10},"end":{"line":42,"column":111}}],"line":41}},"s":{"0":2,"1":9,"2":9,"3":9,"4":9,"5":30,"6":24,"7":24,"8":6,"9":9,"10":2,"11":9},"f":{"0":9,"1":9,"2":30,"3":2},"b":{"0":[24,6],"1":[9,3]},"_coverageSchema":"1a1c01bbd47fc00a2c39e90264f33305004495a9","hash":"ed172f4ccc7768e041dd593ea47c4c26f940e1bb"}
,"/Users/ElliottTung/Documents/Hack_Reactor/FECApp/client/src/components/QAModule/QAComponents/SearchBar.jsx": {"path":"/Users/ElliottTung/Documents/Hack_Reactor/FECApp/client/src/components/QAModule/QAComponents/SearchBar.jsx","statementMap":{"0":{"start":{"line":4,"column":13},"end":{"line":7,"column":1}},"1":{"start":{"line":9,"column":14},"end":{"line":18,"column":1}},"2":{"start":{"line":20,"column":15},"end":{"line":27,"column":1}},"3":{"start":{"line":30,"column":30},"end":{"line":30,"column":42}},"4":{"start":{"line":32,"column":23},"end":{"line":34,"column":3}},"5":{"start":{"line":33,"column":4},"end":{"line":33,"column":27}},"6":{"start":{"line":36,"column":23},"end":{"line":43,"column":3}},"7":{"start":{"line":37,"column":4},"end":{"line":37,"column":34}},"8":{"start":{"line":38,"column":4},"end":{"line":42,"column":5}},"9":{"start":{"line":39,"column":6},"end":{"line":39,"column":35}},"10":{"start":{"line":41,"column":6},"end":{"line":41,"column":19}},"11":{"start":{"line":44,"column":2},"end":{"line":57,"column":4}}},"fnMap":{"0":{"name":"SearchBar","decl":{"start":{"line":29,"column":24},"end":{"line":29,"column":33}},"loc":{"start":{"line":29,"column":48},"end":{"line":58,"column":1}},"line":29},"1":{"name":"(anonymous_1)","decl":{"start":{"line":32,"column":23},"end":{"line":32,"column":24}},"loc":{"start":{"line":32,"column":34},"end":{"line":34,"column":3}},"line":32},"2":{"name":"(anonymous_2)","decl":{"start":{"line":36,"column":23},"end":{"line":36,"column":24}},"loc":{"start":{"line":36,"column":34},"end":{"line":43,"column":3}},"line":36}},"branchMap":{"0":{"loc":{"start":{"line":38,"column":4},"end":{"line":42,"column":5}},"type":"if","locations":[{"start":{"line":38,"column":4},"end":{"line":42,"column":5}},{"start":{"line":40,"column":11},"end":{"line":42,"column":5}}],"line":38}},"s":{"0":2,"1":2,"2":2,"3":9,"4":9,"5":0,"6":9,"7":2,"8":2,"9":1,"10":1,"11":9},"f":{"0":9,"1":0,"2":2},"b":{"0":[1,1]},"_coverageSchema":"1a1c01bbd47fc00a2c39e90264f33305004495a9","hash":"983c751951b30c9ca2f878958aee0efb62f8c41b"}
,"/Users/ElliottTung/Documents/Hack_Reactor/FECApp/client/src/components/QAModule/QAComponents/index.jsx": {"path":"/Users/ElliottTung/Documents/Hack_Reactor/FECApp/client/src/components/QAModule/QAComponents/index.jsx","statementMap":{},"fnMap":{},"branchMap":{},"s":{},"f":{},"b":{},"_coverageSchema":"1a1c01bbd47fc00a2c39e90264f33305004495a9","hash":"e39888b00d99becde2139ca194b65c510e865766"}
[...]
,"/Users/ElliottTung/Documents/Hack_Reactor/FECApp/client/src/components/ratings-and-reviews/rr-components/ProductBreakdown/Factors/FactorsBar.jsx": {"path":"/Users/ElliottTung/Documents/Hack_Reactor/FECApp/client/src/components/ratings-and-reviews/rr-components/ProductBreakdown/Factors/FactorsBar.jsx","statementMap":{"0":{"start":{"line":3,"column":18},"end":{"line":7,"column":1}},"1":{"start":{"line":9,"column":16},"end":{"line":15,"column":1}},"2":{"start":{"line":17,"column":19},"end":{"line":20,"column":1}},"3":{"start":{"line":22,"column":20},"end":{"line":25,"column":3}},"4":{"start":{"line":27,"column":20},"end":{"line":29,"column":3}}},"fnMap":{},"branchMap":{},"s":{"0":1,"1":1,"2":1,"3":1,"4":1},"f":{},"b":{},"_coverageSchema":"1a1c01bbd47fc00a2c39e90264f33305004495a9","hash":"574018d24101c41c6703a74a0094c913ee6e78eb"}
,"/Users/ElliottTung/Documents/Hack_Reactor/FECApp/client/src/components/ratings-and-reviews/rr-components/ProductBreakdown/Factors/index.jsx": {"path":"/Users/ElliottTung/Documents/Hack_Reactor/FECApp/client/src/components/ratings-and-reviews/rr-components/ProductBreakdown/Factors/index.jsx","statementMap":{},"fnMap":{},"branchMap":{},"s":{},"f":{},"b":{},"_coverageSchema":"1a1c01bbd47fc00a2c39e90264f33305004495a9","hash":"75397d3d6fe4dfe0b487668ef082a969e89c2424"}
,"/Users/ElliottTung/Documents/Hack_Reactor/FECApp/client/src/components/ratings-and-reviews/rr-components/RatingBreakdown/PercentBars.jsx": {"path":"/Users/ElliottTung/Documents/Hack_Reactor/FECApp/client/src/components/ratings-and-reviews/rr-components/RatingBreakdown/PercentBars.jsx","statementMap":{"0":{"start":{"line":3,"column":18},"end":{"line":7,"column":1}},"1":{"start":{"line":9,"column":16},"end":{"line":15,"column":1}},"2":{"start":{"line":17,"column":19},"end":{"line":20,"column":1}},"3":{"start":{"line":22,"column":17},"end":{"line":25,"column":1}},"4":{"start":{"line":24,"column":28},"end":{"line":24,"column":35}}},"fnMap":{"0":{"name":"(anonymous_0)","decl":{"start":{"line":24,"column":11},"end":{"line":24,"column":12}},"loc":{"start":{"line":24,"column":28},"end":{"line":24,"column":35}},"line":24}},"branchMap":{},"s":{"0":1,"1":1,"2":1,"3":1,"4":0},"f":{"0":0},"b":{},"_coverageSchema":"1a1c01bbd47fc00a2c39e90264f33305004495a9","hash":"f61dcd43d88114bddab0b9792a06ad0e551c3d4a"}
,"/Users/ElliottTung/Documents/Hack_Reactor/FECApp/client/src/components/ratings-and-reviews/rr-components/RatingBreakdown/RatingBreakdown.jsx": {"path":"/Users/ElliottTung/Documents/Hack_Reactor/FECApp/client/src/components/ratings-and-reviews/rr-components/RatingBreakdown/RatingBreakdown.jsx","statementMap":{"0":{"start":{"line":5,"column":24},"end":{"line":61,"column":1}},"1":{"start":{"line":6,"column":22},"end":{"line":6,"column":150}},"2":{"start":{"line":7,"column":23},"end":{"line":7,"column":85}},"3":{"start":{"line":8,"column":19},"end":{"line":8,"column":64}},"4":{"start":{"line":9,"column":19},"end":{"line":9,"column":64}},"5":{"start":{"line":10,"column":21},"end":{"line":10,"column":66}},"6":{"start":{"line":11,"column":20},"end":{"line":11,"column":65}},"7":{"start":{"line":12,"column":20},"end":{"line":12,"column":65}},"8":{"start":{"line":14,"column":2},"end":{"line":60,"column":4}}},"fnMap":{"0":{"name":"(anonymous_0)","decl":{"start":{"line":5,"column":24},"end":{"line":5,"column":25}},"loc":{"start":{"line":5,"column":60},"end":{"line":61,"column":1}},"line":5}},"branchMap":{},"s":{"0":1,"1":0,"2":0,"3":0,"4":0,"5":0,"6":0,"7":0,"8":0},"f":{"0":0},"b":{},"_coverageSchema":"1a1c01bbd47fc00a2c39e90264f33305004495a9","hash":"0008d08850863e0e7d0ed9b0efa038b83f6f3371"}
,"/Users/ElliottTung/Documents/Hack_Reactor/FECApp/client/src/components/ratings-and-reviews/rr-components/RatingBreakdown/index.jsx": {"path":"/Users/ElliottTung/Documents/Hack_Reactor/FECApp/client/src/components/ratings-and-reviews/rr-components/RatingBreakdown/index.jsx","statementMap":{},"fnMap":{},"branchMap":{},"s":{},"f":{},"b":{},"_coverageSchema":"1a1c01bbd47fc00a2c39e90264f33305004495a9","hash":"c0dd39b2d0371fd7ce5c5523894786bc5f913fb6"}
,"/Users/ElliottTung/Documents/Hack_Reactor/FECApp/client/src/components/ratings-and-reviews/rr-components/RatingSummary/RatingSummary.jsx": {"path":"/Users/ElliottTung/Documents/Hack_Reactor/FECApp/client/src/components/ratings-and-reviews/rr-components/RatingSummary/RatingSummary.jsx","statementMap":{"0":{"start":{"line":6,"column":22},"end":{"line":38,"column":1}},"1":{"start":{"line":8,"column":19},"end":{"line":8,"column":29}},"2":{"start":{"line":9,"column":19},"end":{"line":9,"column":33}},"3":{"start":{"line":10,"column":21},"end":{"line":10,"column":35}},"4":{"start":{"line":11,"column":20},"end":{"line":11,"column":34}},"5":{"start":{"line":12,"column":20},"end":{"line":12,"column":34}},"6":{"start":{"line":13,"column":24},"end":{"line":13,"column":34}},"7":{"start":{"line":14,"column":24},"end":{"line":14,"column":34}},"8":{"start":{"line":15,"column":26},"end":{"line":15,"column":36}},"9":{"start":{"line":16,"column":25},"end":{"line":16,"column":35}},"10":{"start":{"line":17,"column":25},"end":{"line":17,"column":35}},"11":{"start":{"line":18,"column":18},"end":{"line":19,"column":87}},"12":{"start":{"line":20,"column":24},"end":{"line":20,"column":42}},"13":{"start":{"line":21,"column":20},"end":{"line":21,"column":41}},"14":{"start":{"line":23,"column":2},"end":{"line":37,"column":4}}},"fnMap":{"0":{"name":"(anonymous_0)","decl":{"start":{"line":6,"column":22},"end":{"line":6,"column":23}},"loc":{"start":{"line":6,"column":75},"end":{"line":38,"column":1}},"line":6}},"branchMap":{},"s":{"0":1,"1":0,"2":0,"3":0,"4":0,"5":0,"6":0,"7":0,"8":0,"9":0,"10":0,"11":0,"12":0,"13":0,"14":0},"f":{"0":0},"b":{},"_coverageSchema":"1a1c01bbd47fc00a2c39e90264f33305004495a9","hash":"185eafb427b266b3e25ab9d7f939b83ac8e8d455"}
,"/Users/ElliottTung/Documents/Hack_Reactor/FECApp/client/src/components/ratings-and-reviews/rr-components/RatingSummary/index.jsx": {"path":"/Users/ElliottTung/Documents/Hack_Reactor/FECApp/client/src/components/ratings-and-reviews/rr-components/RatingSummary/index.jsx","statementMap":{},"fnMap":{},"branchMap":{},"s":{},"f":{},"b":{},"_coverageSchema":"1a1c01bbd47fc00a2c39e90264f33305004495a9","hash":"a7955d561b6b30af7a8fae20f3f17bb88daeb260"}
,"/Users/ElliottTung/Documents/Hack_Reactor/FECApp/client/src/components/ratings-and-reviews/rr-components/ReviewTile/ReviewTile.jsx": {"path":"/Users/ElliottTung/Documents/Hack_Reactor/FECApp/client/src/components/ratings-and-reviews/rr-components/ReviewTile/ReviewTile.jsx","statementMap":{"0":{"start":{"line":4,"column":19},"end":{"line":32,"column":1}},"1":{"start":{"line":5,"column":19},"end":{"line":5,"column":46}},"2":{"start":{"line":6,"column":2},"end":{"line":31,"column":4}},"3":{"start":{"line":10,"column":32},"end":{"line":10,"column":37}},"4":{"start":{"line":11,"column":12},"end":{"line":18,"column":13}}},"fnMap":{"0":{"name":"(anonymous_0)","decl":{"start":{"line":4,"column":19},"end":{"line":4,"column":20}},"loc":{"start":{"line":4,"column":45},"end":{"line":32,"column":1}},"line":4},"1":{"name":"(anonymous_1)","decl":{"start":{"line":9,"column":29},"end":{"line":9,"column":30}},"loc":{"start":{"line":9,"column":42},"end":{"line":19,"column":11}},"line":9}},"branchMap":{"0":{"loc":{"start":{"line":16,"column":23},"end":{"line":16,"column":68}},"type":"cond-expr","locations":[{"start":{"line":16,"column":47},"end":{"line":16,"column":56}},{"start":{"line":16,"column":59},"end":{"line":16,"column":68}}],"line":16}},"s":{"0":1,"1":0,"2":0,"3":0,"4":0},"f":{"0":0,"1":0},"b":{"0":[0,0]},"_coverageSchema":"1a1c01bbd47fc00a2c39e90264f33305004495a9","hash":"3de822f8cfc5026e9332f0d6d6c57628c14d754d"}
,"/Users/ElliottTung/Documents/Hack_Reactor/FECApp/client/src/components/ratings-and-reviews/rr-components/ReviewsList/ReviewsList.jsx": {"path":"/Users/ElliottTung/Documents/Hack_Reactor/FECApp/client/src/components/ratings-and-reviews/rr-components/ReviewsList/ReviewsList.jsx","statementMap":{"0":{"start":{"line":5,"column":20},"end":{"line":26,"column":1}},"1":{"start":{"line":6,"column":22},"end":{"line":6,"column":29}},"2":{"start":{"line":7,"column":24},"end":{"line":7,"column":121}},"3":{"start":{"line":8,"column":20},"end":{"line":10,"column":3}},"4":{"start":{"line":9,"column":4},"end":{"line":9,"column":61}},"5":{"start":{"line":12,"column":2},"end":{"line":25,"column":4}}},"fnMap":{"0":{"name":"(anonymous_0)","decl":{"start":{"line":5,"column":20},"end":{"line":5,"column":21}},"loc":{"start":{"line":5,"column":59},"end":{"line":26,"column":1}},"line":5},"1":{"name":"(anonymous_1)","decl":{"start":{"line":8,"column":36},"end":{"line":8,"column":37}},"loc":{"start":{"line":9,"column":4},"end":{"line":9,"column":61}},"line":9}},"branchMap":{},"s":{"0":1,"1":0,"2":0,"3":0,"4":0,"5":0},"f":{"0":0,"1":0},"b":{},"_coverageSchema":"1a1c01bbd47fc00a2c39e90264f33305004495a9","hash":"106571be82aecb8d7da5273da764f3fcdce709ee"}
,"/Users/ElliottTung/Documents/Hack_Reactor/FECApp/client/src/components/ratings-and-reviews/rr-components/ReviewsList/ReviewsListStyles.jsx": {"path":"/Users/ElliottTung/Documents/Hack_Reactor/FECApp/client/src/components/ratings-and-reviews/rr-components/ReviewsList/ReviewsListStyles.jsx","statementMap":{"0":{"start":{"line":3,"column":18},"end":{"line":7,"column":1}}},"fnMap":{},"branchMap":{},"s":{"0":1},"f":{},"b":{},"_coverageSchema":"1a1c01bbd47fc00a2c39e90264f33305004495a9","hash":"4ffd754a7c285a443f02606f08d3736366fa7d94"}
,"/Users/ElliottTung/Documents/Hack_Reactor/FECApp/client/src/components/ratings-and-reviews/rr-components/ReviewsList/index.jsx": {"path":"/Users/ElliottTung/Documents/Hack_Reactor/FECApp/client/src/components/ratings-and-reviews/rr-components/ReviewsList/index.jsx","statementMap":{},"fnMap":{},"branchMap":{},"s":{},"f":{},"b":{},"_coverageSchema":"1a1c01bbd47fc00a2c39e90264f33305004495a9","hash":"cd0340977cce41903cfaa104b31f7d0dd1b777b0"}
,"/Users/ElliottTung/Documents/Hack_Reactor/FECApp/client/src/components/ratings-and-reviews/rr-components/Stars/Stars.jsx": {"path":"/Users/ElliottTung/Documents/Hack_Reactor/FECApp/client/src/components/ratings-and-reviews/rr-components/Stars/Stars.jsx","statementMap":{"0":{"start":{"line":6,"column":14},"end":{"line":65,"column":1}},"1":{"start":{"line":7,"column":15},"end":{"line":7,"column":28}},"2":{"start":{"line":8,"column":16},"end":{"line":8,"column":18}},"3":{"start":{"line":9,"column":2},"end":{"line":44,"column":3}},"4":{"start":{"line":10,"column":4},"end":{"line":42,"column":5}},"5":{"start":{"line":11,"column":6},"end":{"line":11,"column":25}},"6":{"start":{"line":12,"column":11},"end":{"line":42,"column":5}},"7":{"start":{"line":13,"column":20},"end":{"line":13,"column":40}},"8":{"start":{"line":14,"column":20},"end":{"line":14,"column":43}},"9":{"start":{"line":15,"column":19},"end":{"line":15,"column":41}},"10":{"start":{"line":16,"column":20},"end":{"line":16,"column":43}},"11":{"start":{"line":17,"column":19},"end":{"line":17,"column":39}},"12":{"start":{"line":18,"column":22},"end":{"line":18,"column":63}},"13":{"start":{"line":19,"column":6},"end":{"line":39,"column":7}},"14":{"start":{"line":21,"column":10},"end":{"line":21,"column":27}},"15":{"start":{"line":22,"column":10},"end":{"line":22,"column":16}},"16":{"start":{"line":24,"column":10},"end":{"line":24,"column":28}},"17":{"start":{"line":25,"column":10},"end":{"line":25,"column":16}},"18":{"start":{"line":27,"column":10},"end":{"line":27,"column":28}},"19":{"start":{"line":28,"column":10},"end":{"line":28,"column":16}},"20":{"start":{"line":30,"column":10},"end":{"line":30,"column":28}},"21":{"start":{"line":31,"column":10},"end":{"line":31,"column":16}},"22":{"start":{"line":33,"column":10},"end":{"line":33,"column":29}},"23":{"start":{"line":34,"column":10},"end":{"line":34,"column":16}},"24":{"start":{"line":36,"column":10},"end":{"line":36,"column":30}},"25":{"start":{"line":37,"column":10},"end":{"line":37,"column":27}},"26":{"start":{"line":38,"column":10},"end":{"line":38,"column":16}},"27":{"start":{"line":41,"column":6},"end":{"line":41,"column":23}},"28":{"start":{"line":43,"column":4},"end":{"line":43,"column":24}},"29":{"start":{"line":46,"column":2},"end":{"line":64,"column":4}},"30":{"start":{"line":51,"column":8},"end":{"line":60,"column":9}}},"fnMap":{"0":{"name":"(anonymous_0)","decl":{"start":{"line":6,"column":14},"end":{"line":6,"column":15}},"loc":{"start":{"line":6,"column":43},"end":{"line":65,"column":1}},"line":6},"1":{"name":"(anonymous_1)","decl":{"start":{"line":50,"column":19},"end":{"line":50,"column":20}},"loc":{"start":{"line":50,"column":32},"end":{"line":61,"column":7}},"line":50}},"branchMap":{"0":{"loc":{"start":{"line":10,"column":4},"end":{"line":42,"column":5}},"type":"if","locations":[{"start":{"line":10,"column":4},"end":{"line":42,"column":5}},{"start":{"line":12,"column":11},"end":{"line":42,"column":5}}],"line":10},"1":{"loc":{"start":{"line":12,"column":11},"end":{"line":42,"column":5}},"type":"if","locations":[{"start":{"line":12,"column":11},"end":{"line":42,"column":5}},{"start":{"line":40,"column":11},"end":{"line":42,"column":5}}],"line":12},"2":{"loc":{"start":{"line":19,"column":6},"end":{"line":39,"column":7}},"type":"switch","locations":[{"start":{"line":20,"column":8},"end":{"line":22,"column":16}},{"start":{"line":23,"column":8},"end":{"line":25,"column":16}},{"start":{"line":26,"column":8},"end":{"line":28,"column":16}},{"start":{"line":29,"column":8},"end":{"line":31,"column":16}},{"start":{"line":32,"column":8},"end":{"line":34,"column":16}},{"start":{"line":35,"column":8},"end":{"line":38,"column":16}}],"line":19}},"s":{"0":3,"1":4,"2":4,"3":4,"4":20,"5":0,"6":20,"7":0,"8":0,"9":0,"10":0,"11":0,"12":0,"13":0,"14":0,"15":0,"16":0,"17":0,"18":0,"19":0,"20":0,"21":0,"22":0,"23":0,"24":0,"25":0,"26":0,"27":20,"28":20,"29":4,"30":20},"f":{"0":4,"1":20},"b":{"0":[0,20],"1":[0,20],"2":[0,0,0,0,0,0]},"_coverageSchema":"1a1c01bbd47fc00a2c39e90264f33305004495a9","hash":"4acff4a61052da0ec29177fb6494383f0f8aceb0"}
,"/Users/ElliottTung/Documents/Hack_Reactor/FECApp/client/src/components/ratings-and-reviews/rr-components/Stars/Stars.styles.js": {"path":"/Users/ElliottTung/Documents/Hack_Reactor/FECApp/client/src/components/ratings-and-reviews/rr-components/Stars/Stars.styles.js","statementMap":{"0":{"start":{"line":3,"column":32},"end":{"line":11,"column":1}},"1":{"start":{"line":5,"column":22},"end":{"line":5,"column":38}},"2":{"start":{"line":6,"column":24},"end":{"line":6,"column":42}},"3":{"start":{"line":7,"column":25},"end":{"line":7,"column":44}},"4":{"start":{"line":10,"column":25},"end":{"line":10,"column":44}}},"fnMap":{"0":{"name":"(anonymous_0)","decl":{"start":{"line":5,"column":11},"end":{"line":5,"column":12}},"loc":{"start":{"line":5,"column":22},"end":{"line":5,"column":38}},"line":5},"1":{"name":"(anonymous_1)","decl":{"start":{"line":6,"column":13},"end":{"line":6,"column":14}},"loc":{"start":{"line":6,"column":24},"end":{"line":6,"column":42}},"line":6},"2":{"name":"(anonymous_2)","decl":{"start":{"line":7,"column":14},"end":{"line":7,"column":15}},"loc":{"start":{"line":7,"column":25},"end":{"line":7,"column":44}},"line":7},"3":{"name":"(anonymous_3)","decl":{"start":{"line":10,"column":14},"end":{"line":10,"column":15}},"loc":{"start":{"line":10,"column":25},"end":{"line":10,"column":44}},"line":10}},"branchMap":{},"s":{"0":3,"1":64,"2":64,"3":64,"4":64},"f":{"0":64,"1":64,"2":64,"3":64},"b":{},"_coverageSchema":"1a1c01bbd47fc00a2c39e90264f33305004495a9","hash":"17dbaf01bed0766adab25a7829b924c77e25a2b5"}
,"/Users/ElliottTung/Documents/Hack_Reactor/FECApp/client/src/components/ratings-and-reviews/rr-components/Stars/index.jsx": {"path":"/Users/ElliottTung/Documents/Hack_Reactor/FECApp/client/src/components/ratings-and-reviews/rr-components/Stars/index.jsx","statementMap":{},"fnMap":{},"branchMap":{},"s":{},"f":{},"b":{},"_coverageSchema":"1a1c01bbd47fc00a2c39e90264f33305004495a9","hash":"24140d4823f51226a706f91342d4847a20f763f8"}
,"/Users/ElliottTung/Documents/Hack_Reactor/FECApp/client/src/components/ratings-and-reviews/rr-components/Stars/EmptyStar/EmptyStar.jsx": {"path":"/Users/ElliottTung/Documents/Hack_Reactor/FECApp/client/src/components/ratings-and-reviews/rr-components/Stars/EmptyStar/EmptyStar.jsx","statementMap":{"0":{"start":{"line":4,"column":18},"end":{"line":8,"column":1}},"1":{"start":{"line":5,"column":2},"end":{"line":7,"column":4}}},"fnMap":{"0":{"name":"(anonymous_0)","decl":{"start":{"line":4,"column":18},"end":{"line":4,"column":19}},"loc":{"start":{"line":4,"column":30},"end":{"line":8,"column":1}},"line":4}},"branchMap":{},"s":{"0":3,"1":20},"f":{"0":20},"b":{},"_coverageSchema":"1a1c01bbd47fc00a2c39e90264f33305004495a9","hash":"55abaee56ef910a5c21895a48cd688b6994fc5e4"}
,"/Users/ElliottTung/Documents/Hack_Reactor/FECApp/client/src/components/ratings-and-reviews/rr-components/Stars/EmptyStar/index.jsx": {"path":"/Users/ElliottTung/Documents/Hack_Reactor/FECApp/client/src/components/ratings-and-reviews/rr-components/Stars/EmptyStar/index.jsx","statementMap":{},"fnMap":{},"branchMap":{},"s":{},"f":{},"b":{},"_coverageSchema":"1a1c01bbd47fc00a2c39e90264f33305004495a9","hash":"335f6c077b23e3aa6038bed92da0b9a808892b73"}
,"/Users/ElliottTung/Documents/Hack_Reactor/FECApp/client/src/components/ratings-and-reviews/rr-components/Stars/FullStar/FullStar.jsx": {"path":"/Users/ElliottTung/Documents/Hack_Reactor/FECApp/client/src/components/ratings-and-reviews/rr-components/Stars/FullStar/FullStar.jsx","statementMap":{"0":{"start":{"line":4,"column":17},"end":{"line":8,"column":1}},"1":{"start":{"line":5,"column":2},"end":{"line":7,"column":4}}},"fnMap":{"0":{"name":"(anonymous_0)","decl":{"start":{"line":4,"column":17},"end":{"line":4,"column":18}},"loc":{"start":{"line":4,"column":29},"end":{"line":8,"column":1}},"line":4}},"branchMap":{},"s":{"0":3,"1":20},"f":{"0":20},"b":{},"_coverageSchema":"1a1c01bbd47fc00a2c39e90264f33305004495a9","hash":"59dd4508ede5e81749d2322fb4f93a69ac630725"}
,"/Users/ElliottTung/Documents/Hack_Reactor/FECApp/client/src/components/ratings-and-reviews/rr-components/Stars/FullStar/index.jsx": {"path":"/Users/ElliottTung/Documents/Hack_Reactor/FECApp/client/src/components/ratings-and-reviews/rr-components/Stars/FullStar/index.jsx","statementMap":{},"fnMap":{},"branchMap":{},"s":{},"f":{},"b":{},"_coverageSchema":"1a1c01bbd47fc00a2c39e90264f33305004495a9","hash":"8de1ddb07af0f9a30982642e3df71478b23278f3"}
}
