TN:
SF:client/src/components/AppContext.jsx
FN:18,useAppContext
FN:29,AppContextProvider
FN:38,(anonymous_2)
FN:41,(anonymous_3)
FN:45,(anonymous_4)
FN:52,(anonymous_5)
FN:58,(anonymous_6)
FNF:7
FNH:4
FNDA:26,useAppContext
FNDA:7,AppContextProvider
FNDA:7,(anonymous_2)
FNDA:0,(anonymous_3)
FNDA:0,(anonymous_4)
FNDA:0,(anonymous_5)
FNDA:7,(anonymous_6)
DA:15,5
DA:19,26
DA:23,5
DA:31,7
DA:33,7
DA:38,7
DA:39,7
DA:42,0
DA:43,0
DA:46,0
DA:51,7
DA:52,0
DA:57,7
DA:58,7
DA:65,7
DA:66,2
DA:70,5
LF:17
LH:13
BRDA:65,0,0,2
BRDA:65,0,1,5
BRF:2
BRH:2
end_of_record
TN:
SF:client/src/components/AppReducer.jsx
FN:2,appReducer
FNF:1
FNH:0
FNDA:0,appReducer
DA:4,0
DA:8,0
DA:13,0
DA:17,0
LF:4
LH:0
BRDA:4,0,0,0
BRDA:4,0,1,0
BRDA:4,0,2,0
BRF:3
BRH:0
end_of_record
TN:
SF:client/src/components/Modals/ModalTest.jsx
FN:36,ModalTest
FNF:1
FNH:1
FNDA:5,ModalTest
DA:4,1
DA:17,1
DA:26,1
DA:37,5
DA:38,5
DA:41,0
LF:6
LH:5
BRDA:37,0,0,5
BRDA:37,0,1,0
BRF:2
BRH:1
end_of_record
TN:
SF:client/src/components/Overview/Overview.jsx
FN:22,Overview
FN:30,(anonymous_1)
FN:33,(anonymous_2)
FN:38,(anonymous_3)
FN:57,(anonymous_4)
FNF:5
FNH:2
FNDA:2,Overview
FNDA:2,(anonymous_1)
FNDA:0,(anonymous_2)
FNDA:0,(anonymous_3)
FNDA:0,(anonymous_4)
DA:13,1
DA:17,1
DA:24,2
DA:25,2
DA:26,2
DA:27,2
DA:30,2
DA:31,2
DA:32,1
DA:34,0
DA:35,0
DA:36,0
DA:39,0
DA:44,2
DA:45,1
DA:57,0
DA:68,1
LF:17
LH:12
BRDA:31,0,0,1
BRDA:31,0,1,1
BRDA:44,1,0,1
BRDA:44,1,1,1
BRDA:49,2,0,1
BRDA:49,2,1,1
BRDA:51,3,0,1
BRDA:51,3,1,1
BRDA:54,4,0,0
BRDA:54,4,1,1
BRF:10
BRH:9
end_of_record
TN:
SF:client/src/components/Overview/Parse.js
FN:17,(anonymous_0)
FN:27,(anonymous_1)
FN:38,(anonymous_2)
FN:68,(anonymous_3)
FNF:4
FNH:4
FNDA:3,(anonymous_0)
FNDA:2,(anonymous_1)
FNDA:1,(anonymous_2)
FNDA:1,(anonymous_3)
DA:5,3
DA:6,3
DA:7,3
DA:9,3
DA:15,3
DA:18,3
DA:19,3
DA:20,3
DA:21,2
DA:23,0
DA:24,0
DA:28,2
DA:29,2
DA:30,2
DA:31,1
DA:33,0
DA:34,0
DA:39,1
DA:40,1
DA:41,1
DA:46,1
DA:47,1
DA:49,1
DA:50,1
DA:51,1
DA:52,1
DA:54,0
DA:55,0
DA:69,1
DA:70,1
DA:71,1
DA:72,1
DA:74,0
DA:75,0
LF:34
LH:26
BRF:0
BRH:0
end_of_record
TN:
SF:client/src/components/Overview/exampleData.js
FNF:0
FNH:0
DA:1,6
DA:444,6
DA:466,6
DA:524,6
LF:4
LH:4
BRF:0
BRH:0
end_of_record
TN:
SF:client/src/components/Overview/index.js
FNF:0
FNH:0
LF:0
LH:0
BRF:0
BRH:0
end_of_record
TN:
SF:client/src/components/Overview/AddToCart/AddCheckButton.jsx
FN:3,AddCheckButton
FNF:1
FNH:1
FNDA:8,AddCheckButton
DA:4,8
LF:1
LH:1
BRF:0
BRH:0
end_of_record
TN:
SF:client/src/components/Overview/AddToCart/AddToCart.jsx
FN:19,AddToCart
FN:31,(anonymous_1)
FN:39,(anonymous_2)
FN:45,(anonymous_3)
FN:50,(anonymous_4)
FN:55,(anonymous_5)
FNF:6
FNH:5
FNDA:10,AddToCart
FNDA:5,(anonymous_1)
FNDA:1,(anonymous_2)
FNDA:1,(anonymous_3)
FNDA:0,(anonymous_4)
FNDA:1,(anonymous_5)
DA:10,2
DA:14,2
DA:20,10
DA:21,10
DA:23,10
DA:24,10
DA:25,10
DA:28,10
DA:31,10
DA:32,5
DA:33,3
DA:34,3
DA:39,10
DA:40,1
DA:41,1
DA:42,1
DA:45,10
DA:46,1
DA:47,1
DA:50,10
DA:51,0
DA:52,0
DA:55,10
DA:56,1
DA:57,0
DA:58,0
DA:60,1
DA:61,1
DA:63,1
DA:66,10
DA:67,2
DA:87,8
LF:32
LH:28
BRDA:20,0,0,8
BRDA:20,0,1,2
BRDA:21,1,0,8
BRDA:21,1,1,2
BRDA:32,2,0,3
BRDA:32,2,1,2
BRDA:56,3,0,0
BRDA:56,3,1,1
BRDA:66,4,0,2
BRDA:66,4,1,8
BRDA:71,5,0,0
BRDA:71,5,1,2
BRDA:76,6,0,0
BRDA:76,6,1,2
BRDA:76,7,0,2
BRDA:76,7,1,0
BRDA:91,8,0,8
BRDA:91,8,1,0
BRDA:98,9,0,3
BRDA:98,9,1,5
BRDA:98,10,0,8
BRDA:98,10,1,8
BRF:22
BRH:17
end_of_record
TN:
SF:client/src/components/Overview/AddToCart/QuantityDropdown.jsx
FN:3,QuantityDropdown
FNF:1
FNH:1
FNDA:8,QuantityDropdown
DA:4,8
DA:5,8
DA:6,8
DA:7,30
DA:10,8
DA:11,2
DA:19,6
LF:7
LH:7
BRDA:5,0,0,2
BRDA:5,0,1,6
BRDA:10,1,0,2
BRDA:10,1,1,6
BRF:4
BRH:4
end_of_record
TN:
SF:client/src/components/Overview/AddToCart/SizeDropdown.jsx
FN:3,SizeDropdown
FN:18,(anonymous_1)
FN:29,(anonymous_2)
FNF:3
FNH:3
FNDA:8,SizeDropdown
FNDA:6,(anonymous_1)
FNDA:30,(anonymous_2)
DA:6,8
DA:7,1
DA:19,6
DA:25,7
DA:30,30
LF:5
LH:5
BRDA:6,0,0,1
BRDA:6,0,1,7
BRF:2
BRH:2
end_of_record
TN:
SF:client/src/components/Overview/ImageGallery/DefaultView.jsx
FN:12,DefaultView
FNF:1
FNH:1
FNDA:13,DefaultView
DA:7,2
DA:15,13
LF:2
LH:2
BRF:0
BRH:0
end_of_record
TN:
SF:client/src/components/Overview/ImageGallery/ExpandedImage.jsx
FN:3,ExpandedImage
FN:7,(anonymous_1)
FN:8,(anonymous_2)
FNF:3
FNH:3
FNDA:6,ExpandedImage
FNDA:1,(anonymous_1)
FNDA:1,(anonymous_2)
DA:7,6
DA:8,6
DA:16,6
DA:17,6
LF:4
LH:4
BRDA:20,0,0,1
BRDA:20,0,1,5
BRDA:30,1,0,6
BRDA:30,1,1,0
BRF:4
BRH:3
end_of_record
TN:
SF:client/src/components/Overview/ImageGallery/ExpandedView.jsx
FN:6,ExpandedView
FN:12,(anonymous_1)
FNF:2
FNH:2
FNDA:7,ExpandedView
FNDA:2,(anonymous_1)
DA:9,7
DA:12,7
DA:13,2
DA:16,7
DA:17,1
DA:35,6
LF:6
LH:6
BRDA:16,0,0,1
BRDA:16,0,1,6
BRF:2
BRH:2
end_of_record
TN:
SF:client/src/components/Overview/ImageGallery/GalleryThumbnail.jsx
FN:6,(anonymous_0)
FN:7,(anonymous_1)
FN:16,GalleryThumbnail
FN:19,(anonymous_3)
FNF:4
FNH:4
FNDA:112,(anonymous_0)
FNDA:112,(anonymous_1)
FNDA:112,GalleryThumbnail
FNDA:3,(anonymous_3)
DA:5,2
DA:6,112
DA:7,112
DA:19,112
DA:20,3
DA:21,3
DA:23,3
DA:29,112
LF:8
LH:8
BRDA:6,0,0,112
BRDA:6,0,1,18
BRDA:7,1,0,112
BRDA:7,1,1,18
BRDA:20,2,0,3
BRDA:20,2,1,0
BRF:6
BRH:5
end_of_record
TN:
SF:client/src/components/Overview/ImageGallery/ImageGallery.jsx
FN:5,ImageGallery
FN:10,(anonymous_1)
FN:16,(anonymous_2)
FNF:3
FNH:3
FNDA:23,ImageGallery
FNDA:9,(anonymous_1)
FNDA:4,(anonymous_2)
DA:7,23
DA:8,23
DA:10,23
DA:11,9
DA:16,23
DA:17,4
DA:26,23
DA:27,15
DA:40,8
LF:9
LH:9
BRDA:26,0,0,15
BRDA:26,0,1,8
BRF:2
BRH:2
end_of_record
TN:
SF:client/src/components/Overview/ImageGallery/MainImage.jsx
FN:3,MainImage
FN:7,(anonymous_1)
FN:8,(anonymous_2)
FN:10,(anonymous_3)
FNF:4
FNH:2
FNDA:13,MainImage
FNDA:0,(anonymous_1)
FNDA:0,(anonymous_2)
FNDA:3,(anonymous_3)
DA:7,13
DA:8,13
DA:10,13
DA:11,3
DA:12,3
DA:13,3
DA:16,13
DA:17,11
DA:18,11
DA:36,2
LF:10
LH:10
BRDA:16,0,0,11
BRDA:16,0,1,2
BRDA:20,1,0,3
BRDA:20,1,1,8
BRDA:30,2,0,11
BRDA:30,2,1,0
BRF:6
BRH:5
end_of_record
TN:
SF:client/src/components/Overview/ImageGallery/ThumbnailList.jsx
FN:13,ThumbnailList
FN:19,(anonymous_1)
FN:20,(anonymous_2)
FNF:3
FNH:1
FNDA:20,ThumbnailList
FNDA:0,(anonymous_1)
FNDA:0,(anonymous_2)
DA:6,2
DA:16,20
DA:17,20
DA:19,20
DA:20,20
DA:22,20
DA:23,20
DA:24,20
DA:25,20
DA:26,20
DA:28,20
DA:29,18
DA:30,18
DA:31,18
DA:34,18
DA:36,4
DA:37,2
DA:38,2
DA:39,2
DA:40,2
DA:41,1
DA:42,1
DA:43,1
DA:45,1
DA:46,1
DA:47,1
DA:48,1
DA:52,18
DA:53,112
DA:65,20
LF:30
LH:30
BRDA:28,0,0,18
BRDA:28,0,1,2
BRDA:34,1,0,4
BRDA:34,1,1,14
BRDA:36,2,0,2
BRDA:36,2,1,2
BRDA:40,3,0,1
BRDA:40,3,1,1
BRDA:68,4,0,13
BRDA:68,4,1,7
BRDA:70,5,0,2
BRDA:70,5,1,18
BRDA:70,6,0,20
BRDA:70,6,1,18
BRDA:75,7,0,3
BRDA:75,7,1,17
BRDA:75,8,0,20
BRDA:75,8,1,18
BRF:18
BRH:18
end_of_record
TN:
SF:client/src/components/Overview/ImageGallery/ZoomImage.jsx
FN:3,ZoomImage
FN:13,(anonymous_1)
FNF:2
FNH:2
FNDA:2,ZoomImage
FNDA:1,(anonymous_1)
DA:7,2
DA:13,2
DA:14,1
DA:15,1
DA:18,2
DA:19,2
DA:37,0
LF:7
LH:6
BRDA:18,0,0,2
BRDA:18,0,1,0
BRF:2
BRH:1
end_of_record
TN:
SF:client/src/components/Overview/ProductInfo/Description.jsx
FN:3,Description
FNF:1
FNH:1
FNDA:1,Description
DA:4,1
DA:5,0
DA:6,0
DA:14,0
DA:22,1
LF:5
LH:2
BRDA:4,0,0,0
BRDA:4,0,1,1
BRDA:4,1,0,1
BRDA:4,1,1,0
BRDA:5,2,0,0
BRDA:5,2,1,0
BRF:6
BRH:2
end_of_record
TN:
SF:client/src/components/Overview/ProductInfo/Price.jsx
FN:11,(anonymous_0)
FN:15,Price
FNF:2
FNH:2
FNDA:3,(anonymous_0)
FNDA:4,Price
DA:5,2
DA:10,2
DA:11,3
DA:16,4
DA:17,3
DA:18,3
DA:20,3
DA:21,2
DA:32,1
DA:39,1
LF:10
LH:10
BRDA:11,0,0,3
BRDA:11,0,1,1
BRDA:16,1,0,3
BRDA:16,1,1,1
BRDA:17,2,0,3
BRDA:17,2,1,1
BRDA:18,3,0,3
BRDA:18,3,1,0
BRDA:20,4,0,2
BRDA:20,4,1,1
BRF:10
BRH:9
end_of_record
TN:
SF:client/src/components/Overview/ProductInfo/ProductInfo.jsx
FN:6,ProductInfo
FNF:1
FNH:1
FNDA:4,ProductInfo
DA:8,4
LF:1
LH:1
BRDA:6,0,0,0
BRF:1
BRH:0
end_of_record
TN:
SF:client/src/components/Overview/ProductInfo/ShareMedia.jsx
FN:9,ShareMedia
FN:33,(anonymous_1)
FN:36,(anonymous_2)
FN:43,(anonymous_3)
FN:44,(anonymous_4)
FNF:5
FNH:5
FNDA:4,ShareMedia
FNDA:4,(anonymous_1)
FNDA:12,(anonymous_2)
FNDA:4,(anonymous_3)
FNDA:12,(anonymous_4)
DA:5,2
DA:14,4
DA:33,4
DA:34,4
DA:36,4
DA:37,12
DA:38,12
DA:39,12
DA:40,12
DA:43,4
DA:44,4
DA:45,12
DA:51,4
LF:13
LH:13
BRDA:59,0,0,4
BRDA:59,0,1,1
BRF:2
BRH:2
end_of_record
TN:
SF:client/src/components/Overview/StyleSelector/StyleSelector.jsx
FN:11,StyleSelector
FN:12,(anonymous_1)
FN:22,(anonymous_2)
FNF:3
FNH:3
FNDA:3,StyleSelector
FNDA:1,(anonymous_1)
FNDA:14,(anonymous_2)
DA:5,2
DA:12,3
DA:13,1
DA:18,3
DA:23,14
LF:5
LH:5
BRDA:20,0,0,2
BRDA:20,0,1,1
BRF:2
BRH:2
end_of_record
TN:
SF:client/src/components/Overview/StyleSelector/StyleThumbnail.jsx
FN:3,StyleThumbnail
FN:6,(anonymous_1)
FNF:2
FNH:2
FNDA:14,StyleThumbnail
FNDA:1,(anonymous_1)
DA:6,14
DA:7,1
DA:8,1
DA:10,1
DA:11,1
DA:15,14
DA:16,2
DA:32,12
LF:8
LH:8
BRDA:7,0,0,1
BRDA:7,0,1,0
BRDA:15,1,0,2
BRDA:15,1,1,12
BRF:4
BRH:3
end_of_record
TN:
SF:client/src/components/QAModule/QuestionsAndAnswers.jsx
FN:21,QuestionsAndAnswers
FN:34,(anonymous_1)
FN:38,(anonymous_2)
FN:40,(anonymous_3)
FN:46,(anonymous_4)
FN:53,(anonymous_5)
FN:55,(anonymous_6)
FNF:7
FNH:2
FNDA:5,QuestionsAndAnswers
FNDA:5,(anonymous_1)
FNDA:0,(anonymous_2)
FNDA:0,(anonymous_3)
FNDA:0,(anonymous_4)
FNDA:0,(anonymous_5)
FNDA:0,(anonymous_6)
DA:7,1
DA:15,1
DA:22,5
DA:23,5
DA:24,5
DA:25,5
DA:27,5
DA:28,5
DA:29,5
DA:30,5
DA:34,5
DA:35,5
DA:36,5
DA:37,0
DA:39,0
DA:40,0
DA:41,0
DA:43,0
DA:44,0
DA:48,0
DA:53,5
DA:54,0
DA:55,0
DA:56,0
DA:58,0
DA:60,0
DA:64,5
LF:27
LH:15
BRDA:36,0,0,0
BRDA:36,0,1,5
BRDA:54,1,0,0
BRDA:54,1,1,0
BRF:4
BRH:1
end_of_record
TN:
SF:client/src/components/QAModule/QAComponents/AddAnswer.jsx
FN:22,AddQuestion
FN:26,(anonymous_1)
FN:30,(anonymous_2)
FN:34,(anonymous_3)
FNF:4
FNH:0
FNDA:0,AddQuestion
FNDA:0,(anonymous_1)
FNDA:0,(anonymous_2)
FNDA:0,(anonymous_3)
DA:6,1
DA:23,0
DA:24,0
DA:25,0
DA:26,0
DA:27,0
DA:30,0
DA:31,0
DA:34,0
DA:35,0
DA:37,0
LF:11
LH:1
BRF:0
BRH:0
end_of_record
TN:
SF:client/src/components/QAModule/QAComponents/AddQuestion.jsx
FN:14,AddQuestion
FN:16,(anonymous_1)
FN:20,(anonymous_2)
FN:24,(anonymous_3)
FNF:4
FNH:1
FNDA:5,AddQuestion
FNDA:0,(anonymous_1)
FNDA:0,(anonymous_2)
FNDA:0,(anonymous_3)
DA:5,1
DA:15,5
DA:16,5
DA:17,0
DA:20,5
DA:21,0
DA:24,5
DA:25,0
DA:27,5
LF:9
LH:6
BRF:0
BRH:0
end_of_record
TN:
SF:client/src/components/QAModule/QAComponents/AnswerEntry.jsx
FN:61,AnswerEntry
FN:66,(anonymous_1)
FN:73,(anonymous_2)
FNF:3
FNH:0
FNDA:0,AnswerEntry
FNDA:0,(anonymous_1)
FNDA:0,(anonymous_2)
DA:4,1
DA:11,1
DA:20,1
DA:29,1
DA:33,1
DA:37,1
DA:49,1
DA:62,0
DA:63,0
DA:64,0
DA:66,0
DA:67,0
DA:68,0
DA:69,0
DA:73,0
DA:74,0
DA:77,0
LF:17
LH:7
BRDA:67,0,0,0
BRDA:67,0,1,0
BRDA:104,1,0,0
BRDA:104,1,1,0
BRF:4
BRH:0
end_of_record
TN:
SF:client/src/components/QAModule/QAComponents/QuestionEntry.jsx
FN:63,QuestionEntry
FN:68,(anonymous_1)
FN:71,(anonymous_2)
FN:82,(anonymous_3)
FN:86,(anonymous_4)
FNF:5
FNH:0
FNDA:0,QuestionEntry
FNDA:0,(anonymous_1)
FNDA:0,(anonymous_2)
FNDA:0,(anonymous_3)
FNDA:0,(anonymous_4)
DA:6,1
DA:13,1
DA:20,1
DA:29,1
DA:36,1
DA:45,1
DA:49,1
DA:64,0
DA:65,0
DA:66,0
DA:68,0
DA:69,0
DA:70,0
DA:71,0
DA:72,0
DA:73,0
DA:74,0
DA:76,0
DA:79,0
DA:82,0
DA:83,0
DA:86,0
DA:87,0
DA:88,0
DA:89,0
DA:93,0
LF:26
LH:7
BRDA:69,0,0,0
BRDA:69,0,1,0
BRDA:69,1,0,0
BRDA:69,1,1,0
BRDA:72,2,0,0
BRDA:72,2,1,0
BRDA:87,3,0,0
BRDA:87,3,1,0
BRDA:109,4,0,0
BRDA:109,4,1,0
BRF:10
BRH:0
end_of_record
TN:
SF:client/src/components/QAModule/QAComponents/QuestionsList.jsx
FN:13,QuestionsList
FN:16,(anonymous_1)
FN:18,(anonymous_2)
FN:27,(anonymous_3)
FNF:4
FNH:2
FNDA:5,QuestionsList
FNDA:5,(anonymous_1)
FNDA:0,(anonymous_2)
FNDA:0,(anonymous_3)
DA:5,1
DA:14,5
DA:16,5
DA:17,5
DA:18,5
DA:19,0
DA:20,0
DA:21,0
DA:23,0
DA:27,5
DA:28,0
DA:31,5
LF:12
LH:7
BRDA:19,0,0,0
BRDA:19,0,1,0
BRDA:35,1,0,5
BRDA:35,1,1,0
BRF:4
BRH:1
end_of_record
TN:
SF:client/src/components/QAModule/QAComponents/SearchBar.jsx
FN:29,SearchBar
FN:32,(anonymous_1)
FN:36,(anonymous_2)
FNF:3
FNH:1
FNDA:5,SearchBar
FNDA:0,(anonymous_1)
FNDA:0,(anonymous_2)
DA:4,1
DA:9,1
DA:20,1
DA:30,5
DA:32,5
DA:33,0
DA:36,5
DA:37,0
DA:38,0
DA:39,0
DA:41,0
DA:44,5
LF:12
LH:7
BRDA:38,0,0,0
BRDA:38,0,1,0
BRF:2
BRH:0
end_of_record
TN:
SF:client/src/components/QAModule/QAComponents/index.jsx
FNF:0
FNH:0
LF:0
LH:0
BRF:0
BRH:0
end_of_record
TN:
SF:client/src/components/ratings-and-reviews/RRParse.js
FN:17,(anonymous_0)
FN:20,(anonymous_1)
FN:24,(anonymous_2)
FN:29,(anonymous_3)
FN:32,(anonymous_4)
FN:44,(anonymous_5)
FNF:6
FNH:0
FNDA:0,(anonymous_0)
FNDA:0,(anonymous_1)
FNDA:0,(anonymous_2)
FNDA:0,(anonymous_3)
FNDA:0,(anonymous_4)
FNDA:0,(anonymous_5)
DA:5,1
DA:6,1
DA:7,1
DA:9,1
DA:15,1
DA:18,0
DA:19,0
DA:21,0
DA:22,0
DA:25,0
DA:26,0
DA:30,0
DA:31,0
DA:33,0
DA:34,0
DA:41,0
DA:42,0
DA:45,0
DA:46,0
DA:47,0
DA:48,0
LF:21
LH:5
BRF:0
BRH:0
end_of_record
TN:
SF:client/src/components/ratings-and-reviews/RatingsAndReviews.jsx
FN:11,(anonymous_0)
FN:17,(anonymous_1)
FNF:2
FNH:1
FNDA:9,(anonymous_0)
FNDA:0,(anonymous_1)
DA:9,1
DA:11,1
DA:12,9
DA:13,8
DA:14,8
DA:15,8
DA:16,8
DA:17,8
DA:18,0
DA:19,0
DA:20,0
DA:24,0
LF:12
LH:8
BRDA:18,0,0,0
BRDA:18,0,1,0
BRF:2
BRH:0
end_of_record
TN:
SF:client/src/components/ratings-and-reviews/StyledComponentsRR/StyledComponentsRR.jsx
FN:13,(anonymous_0)
FNF:1
FNH:0
FNDA:0,(anonymous_0)
DA:3,1
DA:7,1
DA:11,1
DA:13,0
LF:4
LH:3
BRDA:13,0,0,0
BRDA:13,0,1,0
BRF:2
BRH:0
end_of_record
TN:
SF:client/src/components/ratings-and-reviews/StyledComponentsRR/index.js
FNF:0
FNH:0
LF:0
LH:0
BRF:0
BRH:0
end_of_record
TN:
SF:client/src/components/ratings-and-reviews/rr-components/AddReviewForm/AddReviewForm.jsx
FN:3,(anonymous_0)
FNF:1
FNH:0
FNDA:0,(anonymous_0)
DA:3,1
DA:7,0
LF:2
LH:1
BRF:0
BRH:0
end_of_record
TN:
SF:client/src/components/ratings-and-reviews/rr-components/AddReviewForm/index.jsx
FNF:0
FNH:0
LF:0
LH:0
BRF:0
BRH:0
end_of_record
TN:
SF:client/src/components/ratings-and-reviews/rr-components/ProductBreakdown/ProductBreakdown.jsx
FN:5,(anonymous_0)
FN:10,(anonymous_1)
FNF:2
FNH:0
FNDA:0,(anonymous_0)
FNDA:0,(anonymous_1)
DA:5,1
DA:6,0
DA:7,0
DA:8,0
DA:10,0
DA:11,0
DA:14,0
LF:7
LH:1
BRF:0
BRH:0
end_of_record
TN:
SF:client/src/components/ratings-and-reviews/rr-components/ProductBreakdown/ProductBreakdownStyles.jsx
FNF:0
FNH:0
DA:3,1
LF:1
LH:1
BRF:0
BRH:0
end_of_record
TN:
SF:client/src/components/ratings-and-reviews/rr-components/ProductBreakdown/index.jsx
FNF:0
FNH:0
LF:0
LH:0
BRF:0
BRH:0
end_of_record
TN:
SF:client/src/components/ratings-and-reviews/rr-components/ProductBreakdown/Factors/Factors.jsx
FN:4,(anonymous_0)
FNF:1
FNH:0
FNDA:0,(anonymous_0)
DA:4,1
DA:5,0
DA:7,0
DA:8,0
DA:21,0
DA:22,0
DA:35,0
DA:36,0
DA:50,0
DA:51,0
DA:64,0
DA:65,0
DA:78,0
DA:79,0
LF:14
LH:1
BRDA:7,0,0,0
BRDA:7,0,1,0
BRDA:21,1,0,0
BRDA:21,1,1,0
BRDA:35,2,0,0
BRDA:35,2,1,0
BRDA:50,3,0,0
BRDA:50,3,1,0
BRDA:64,4,0,0
BRDA:64,4,1,0
BRDA:78,5,0,0
BRDA:78,5,1,0
BRF:12
BRH:0
end_of_record
TN:
SF:client/src/components/ratings-and-reviews/rr-components/ProductBreakdown/Factors/FactorsBar.jsx
FNF:0
FNH:0
DA:3,1
DA:9,1
DA:17,1
DA:22,1
DA:27,1
LF:5
LH:5
BRF:0
BRH:0
end_of_record
TN:
SF:client/src/components/ratings-and-reviews/rr-components/ProductBreakdown/Factors/index.jsx
FNF:0
FNH:0
LF:0
LH:0
BRF:0
BRH:0
end_of_record
TN:
SF:client/src/components/ratings-and-reviews/rr-components/RatingBreakdown/PercentBars.jsx
FN:24,(anonymous_0)
FNF:1
FNH:0
FNDA:0,(anonymous_0)
DA:3,1
DA:9,1
DA:17,1
DA:22,1
DA:24,0
LF:5
LH:4
BRF:0
BRH:0
end_of_record
TN:
SF:client/src/components/ratings-and-reviews/rr-components/RatingBreakdown/RatingBreakdown.jsx
FN:5,(anonymous_0)
FNF:1
FNH:0
FNDA:0,(anonymous_0)
DA:5,1
DA:6,0
DA:7,0
DA:8,0
DA:9,0
DA:10,0
DA:11,0
DA:12,0
DA:14,0
LF:9
LH:1
BRF:0
BRH:0
end_of_record
TN:
SF:client/src/components/ratings-and-reviews/rr-components/RatingBreakdown/index.jsx
FNF:0
FNH:0
LF:0
LH:0
BRF:0
BRH:0
end_of_record
TN:
SF:client/src/components/ratings-and-reviews/rr-components/RatingSummary/RatingSummary.jsx
FN:6,(anonymous_0)
FNF:1
FNH:0
FNDA:0,(anonymous_0)
DA:6,1
DA:8,0
DA:9,0
DA:10,0
DA:11,0
DA:12,0
DA:13,0
DA:14,0
DA:15,0
DA:16,0
DA:17,0
DA:18,0
DA:20,0
DA:21,0
DA:23,0
LF:15
LH:1
BRF:0
BRH:0
end_of_record
TN:
SF:client/src/components/ratings-and-reviews/rr-components/RatingSummary/index.jsx
FNF:0
FNH:0
LF:0
LH:0
BRF:0
BRH:0
end_of_record
TN:
SF:client/src/components/ratings-and-reviews/rr-components/ReviewTile/ReviewTile.jsx
FN:4,(anonymous_0)
FN:9,(anonymous_1)
FNF:2
FNH:0
FNDA:0,(anonymous_0)
FNDA:0,(anonymous_1)
DA:4,1
DA:5,0
DA:6,0
DA:10,0
DA:11,0
LF:5
LH:1
BRDA:16,0,0,0
BRDA:16,0,1,0
BRF:2
BRH:0
end_of_record
TN:
SF:client/src/components/ratings-and-reviews/rr-components/ReviewsList/ReviewsList.jsx
FN:5,(anonymous_0)
FN:8,(anonymous_1)
FNF:2
FNH:0
FNDA:0,(anonymous_0)
FNDA:0,(anonymous_1)
DA:5,1
DA:6,0
DA:7,0
DA:8,0
DA:9,0
DA:12,0
LF:6
LH:1
BRF:0
BRH:0
end_of_record
TN:
SF:client/src/components/ratings-and-reviews/rr-components/ReviewsList/ReviewsListStyles.jsx
FNF:0
FNH:0
DA:3,1
LF:1
LH:1
BRF:0
BRH:0
end_of_record
TN:
SF:client/src/components/ratings-and-reviews/rr-components/ReviewsList/index.jsx
FNF:0
FNH:0
LF:0
LH:0
BRF:0
BRH:0
end_of_record
TN:
SF:client/src/components/ratings-and-reviews/rr-components/Stars/Stars.jsx
FN:6,(anonymous_0)
FN:50,(anonymous_1)
FNF:2
FNH:2
FNDA:4,(anonymous_0)
FNDA:20,(anonymous_1)
DA:6,3
DA:7,4
DA:8,4
DA:9,4
DA:10,20
DA:11,0
DA:12,20
DA:13,0
DA:14,0
DA:15,0
DA:16,0
DA:17,0
DA:18,0
DA:19,0
DA:21,0
DA:22,0
DA:24,0
DA:25,0
DA:27,0
DA:28,0
DA:30,0
DA:31,0
DA:33,0
DA:34,0
DA:36,0
DA:37,0
DA:38,0
DA:41,20
DA:43,20
DA:46,4
DA:51,20
LF:31
LH:10
BRDA:10,0,0,0
BRDA:10,0,1,20
BRDA:12,1,0,0
BRDA:12,1,1,20
BRDA:19,2,0,0
BRDA:19,2,1,0
BRDA:19,2,2,0
BRDA:19,2,3,0
BRDA:19,2,4,0
BRDA:19,2,5,0
BRF:10
BRH:2
end_of_record
TN:
SF:client/src/components/ratings-and-reviews/rr-components/Stars/Stars.styles.js
FN:5,(anonymous_0)
FN:6,(anonymous_1)
FN:7,(anonymous_2)
FN:10,(anonymous_3)
FNF:4
FNH:4
FNDA:64,(anonymous_0)
FNDA:64,(anonymous_1)
FNDA:64,(anonymous_2)
FNDA:64,(anonymous_3)
DA:3,3
DA:5,64
DA:6,64
DA:7,64
DA:10,64
LF:5
LH:5
BRF:0
BRH:0
end_of_record
TN:
SF:client/src/components/ratings-and-reviews/rr-components/Stars/index.jsx
FNF:0
FNH:0
LF:0
LH:0
BRF:0
BRH:0
end_of_record
TN:
SF:client/src/components/ratings-and-reviews/rr-components/Stars/EmptyStar/EmptyStar.jsx
FN:4,(anonymous_0)
FNF:1
FNH:1
FNDA:20,(anonymous_0)
DA:4,3
DA:5,20
LF:2
LH:2
BRF:0
BRH:0
end_of_record
TN:
SF:client/src/components/ratings-and-reviews/rr-components/Stars/EmptyStar/index.jsx
FNF:0
FNH:0
LF:0
LH:0
BRF:0
BRH:0
end_of_record
TN:
SF:client/src/components/ratings-and-reviews/rr-components/Stars/FullStar/FullStar.jsx
FN:4,(anonymous_0)
FNF:1
FNH:1
FNDA:20,(anonymous_0)
DA:4,3
DA:5,20
LF:2
LH:2
BRF:0
BRH:0
end_of_record
TN:
SF:client/src/components/ratings-and-reviews/rr-components/Stars/FullStar/index.jsx
FNF:0
FNH:0
LF:0
LH:0
BRF:0
BRH:0
end_of_record
